Reduced LoadVector:Fc( 15)
        0.000000         0.000000         0.000000         0.000000         0.000000
        0.000000         0.000000         0.000000         0.000000         0.000000
        0.000000         0.000000         0.000000         0.000000         6.280000


Reduced LoadVector:Fc( 15)
  -185755.568617   -276597.865738   -365419.573356   -451733.659152   1372895.106362
   -21952.848493    -43745.506873    -72589.796408   -108327.512098    253954.683106
    64823.091165    161349.919514    321089.711734    558661.926027    888059.591511


Reduced LoadVector:Fc( 15)
        0.000000         0.000000         0.000000         0.000000         0.000000
        0.000000         0.314000         0.942000         1.884000         3.140000
        0.125600         0.251200         0.376800         0.502400         0.628000


Reduced LoadVector:Fc( 15)
      219.109885        49.825430         3.883780         0.132323         0.018606
        7.225948         1.651505         0.132174        -0.000394         0.010558
        4.859825        -1.474925        -0.273266        -8.831359      -105.657803


Reduced LoadVector:Fc( 15)
       -0.001058         0.000595        -0.066658        -0.262979        -0.644817
        0.033276         0.306167         0.963780         1.873162         3.050254
        0.195706         0.085381         0.549808         0.414680         0.645696


Reduced LoadVector:Fc( 15)
      143.758634        41.395243         8.159369         4.794369        10.110152
        3.626869         0.813861        -0.536058         0.802514         5.389603
        0.698058         0.127232         0.044045         0.031010         0.019336


Reduced LoadVector:Fc( 15)
        0.000459        -0.002168        -0.066316        -0.267312        -0.649735
        0.001673         0.329610         0.950420         1.880741         3.056364
        0.135504         0.243646         0.384631         0.502519         0.629255


Reduced LoadVector:Fc( 15)
        2.097001         1.430866        -3.078315       -10.827538        18.905836
       -0.313079        -0.609922        -2.781867        -7.869354        12.344933
        0.165069         0.033215        -0.004135        -0.004237         0.039680


Reduced LoadVector:Fc( 15)
        0.000042        -0.000238        -0.066925        -0.266717        -0.653110
        0.000139         0.318415         0.949707         1.876971         3.058558
        0.127670         0.252368         0.379750         0.505564         0.632116


Reduced LoadVector:Fc( 15)
        0.018831         0.043425        -0.135347        -0.324526         0.692118
       -0.016090        -0.033657        -0.118100        -0.242297         0.442345
        0.002941         0.000995        -0.001748        -0.007023        -0.018910


Reduced LoadVector:Fc( 15)
       -0.000003         0.000015        -0.066749        -0.266735        -0.653772
        0.000009         0.316294         0.949071         1.876459         3.058976
        0.126538         0.253042         0.379581         0.506053         0.632624


Reduced LoadVector:Fc( 15)
       -0.000015        -0.000021        -0.000081         0.000041         0.000173
       -0.000011        -0.000032        -0.000055         0.000019         0.000091
        0.000003         0.000001        -0.000003        -0.000005        -0.000003


Reduced LoadVector:Fc( 15)
       -0.000002         0.000009        -0.066724        -0.266752        -0.653781
        0.000006         0.316272         0.949022         1.876475         3.058979
        0.126523         0.253046         0.379568         0.506091         0.632614


Reduced LoadVector:Fc( 15)
        0.000000         0.000000         0.000000         0.000000         0.000000
        0.000000         0.000000         0.000000         0.000000         0.000000
        0.000000         0.000000         0.000000         0.000000         0.000000


Reduced LoadVector:Fc( 15)
       -0.000002         0.000009        -0.066724        -0.266752        -0.653781
        0.000006         0.316272         0.949022         1.876475         3.058979
        0.126523         0.253046         0.379568         0.506091         0.632614


Reduced LoadVector:Fc( 15)
  -167212.706478   -228919.017034   -269575.399107   -284921.848947   1039813.296458
   -85731.563448   -167297.608849   -270620.018554   -391764.817122    944552.047604
    65822.317372    163829.651674    326007.507058    567184.227170    901545.630423


Reduced LoadVector:Fc( 15)
       -0.000010         0.000056        -0.133252        -0.532151        -1.278576
        0.000032         0.315443         0.947346         1.829214         2.847344
        0.126247         0.252494         0.378740         0.504987         0.631234


Reduced LoadVector:Fc( 15)
      509.206159       115.787387         9.024951         0.319600         0.023504
       32.956225         7.533028         0.604555         0.003602         0.040830
        9.242196        -2.070245        -0.408084       -13.471912      -161.714604


Reduced LoadVector:Fc( 15)
       -0.003335         0.002301        -0.203646        -0.795552        -1.804752
        0.050815         0.303005         0.982413         1.754300         2.481048
        0.233203        -0.000475         0.642671         0.371169         0.658228


Reduced LoadVector:Fc( 15)
      217.051389       118.860097        50.184995        12.976462         7.741601
        7.300276        20.792724        12.799836         0.067384        13.094003
        3.458221         0.961039         0.255753         0.046913        -0.015308


Reduced LoadVector:Fc( 15)
        0.002013        -0.011830        -0.203077        -0.810916        -1.812690
        0.005450         0.356250         0.966912         1.770279         2.490058
        0.154340         0.227994         0.398524         0.500919         0.629417


Reduced LoadVector:Fc( 15)
       16.524738        10.215784         0.680968       -12.836836        29.582151
       -2.403902        -2.571436       -13.055652       -43.435441        68.537034
        1.053235         0.392496         0.109750         0.103014         0.329508


Reduced LoadVector:Fc( 15)
        0.000350        -0.001958        -0.209026        -0.808715        -1.823403
        0.000500         0.332595         0.968090         1.763143         2.488651
        0.134111         0.254920         0.382756         0.508189         0.634462


Reduced LoadVector:Fc( 15)
       -0.084105         2.992374        -3.765851       -10.462290        23.106893
       -1.474766        -3.365348       -13.455758       -31.413668        52.634857
        0.057401         0.024275        -0.006397        -0.077347        -0.281320


Reduced LoadVector:Fc( 15)
       -0.000160         0.000837        -0.205576        -0.807871        -1.831790
        0.000261         0.319369         0.962694         1.759236         2.488007
        0.128328         0.255440         0.384100         0.510264         0.639375


Reduced LoadVector:Fc( 15)
       -0.003537         0.000322        -0.034359         0.016410         0.091160
       -0.014718        -0.043806        -0.078760         0.011665         0.143049
        0.003239         0.000600        -0.004252        -0.009584        -0.012892


Reduced LoadVector:Fc( 15)
       -0.000109         0.000589        -0.204440        -0.808490        -1.832296
        0.000175         0.318659         0.961723         1.759251         2.487887
        0.127850         0.255716         0.383494         0.511344         0.639238


Reduced LoadVector:Fc( 15)
       -0.000035         0.000033        -0.000039        -0.000105         0.000283
       -0.000028        -0.000049        -0.000165        -0.000349         0.000632
        0.000001         0.000000        -0.000002        -0.000003        -0.000002


Reduced LoadVector:Fc( 15)
       -0.000108         0.000583        -0.204389        -0.808544        -1.832298
        0.000181         0.318607         0.961703         1.759261         2.487879
        0.127842         0.255685         0.383527         0.511370         0.639212


Reduced LoadVector:Fc( 15)
  -128469.176523   -130867.587715    -78356.216294     34775.726279    383472.682589
  -141652.779179   -262618.650110   -397969.803719   -530135.482169   1382427.758902
    68865.158960    171379.769843    340978.231119    593122.438276    942581.758877


Reduced LoadVector:Fc( 15)
       -0.000324         0.001754        -0.276215        -1.077657        -2.302143
        0.000439         0.318008         0.968435         1.643267         2.020450
        0.128177         0.256354         0.384531         0.512709         0.640886


Reduced LoadVector:Fc( 15)
      893.150015       203.071927        15.823095         0.585489        -0.003061
       86.734994        19.823461         1.594841         0.031992         0.074568
       15.480508        -2.427777        -0.525648       -17.859793      -216.528135


Reduced LoadVector:Fc( 15)
       -0.007502         0.009041        -0.360135        -1.331032        -2.590437
        0.067855         0.300194         1.020312         1.482785         1.458597
        0.270009        -0.079067         0.734468         0.335293         0.676671


Reduced LoadVector:Fc( 15)
      217.511844       261.651464       144.335328        57.264385       -23.002568
       -5.653243        96.243751        48.428915       -63.710051       109.751601
       11.543278         4.462318         1.227866        -0.027649        -0.916460


Reduced LoadVector:Fc( 15)
        0.004308        -0.027995        -0.362369        -1.361442        -2.600065
        0.012000         0.387738         1.007098         1.503332         1.477946
        0.180965         0.208458         0.420285         0.502450         0.634290


Reduced LoadVector:Fc( 15)
       51.928641        19.921733        15.499302        19.685655        -9.934504
       -6.658237        -2.058263         0.806288       -28.547286        55.660125
        2.998957         1.397839         0.387061        -0.099598        -0.654092


Reduced LoadVector:Fc( 15)
        0.000614        -0.003370        -0.386571        -1.356695        -2.611174
        0.000950         0.361075         1.009424         1.495449         1.468882
        0.146393         0.263376         0.387475         0.512343         0.638463


Reduced LoadVector:Fc( 15)
        0.408383        44.311035        37.385661        74.579254       -71.160644
      -15.816505       -28.612552      -113.518078      -229.000653       421.779968
       -0.316773        -0.039621         0.700131         2.030504         4.399415


Reduced LoadVector:Fc( 15)
       -0.001142         0.006053        -0.367001        -1.356991        -2.634828
        0.001184         0.324592         0.997005         1.485300         1.450995
        0.132484         0.259954         0.393097         0.518996         0.651381


Reduced LoadVector:Fc( 15)
        0.045832         0.352010         0.467845         1.405597        -1.557495
       -0.146091        -0.364091        -1.677819        -4.717988         7.177911
        0.086464         0.021688        -0.109812        -0.411165        -1.104263


Reduced LoadVector:Fc( 15)
       -0.001227         0.006592        -0.365263        -1.356168        -2.637587
        0.000993         0.321756         0.995155         1.484604         1.448889
        0.130938         0.260571         0.392350         0.519854         0.653242


Reduced LoadVector:Fc( 15)
        0.003220         0.031243         0.029895         0.093236        -0.086758
       -0.023434        -0.074134        -0.190571        -0.271385         0.587422
        0.000192         0.000015        -0.000223         0.000549         0.004325


Reduced LoadVector:Fc( 15)
       -0.001100         0.005959        -0.362880        -1.357977        -2.637662
        0.000984         0.320636         0.995038         1.483986         1.448608
        0.130452         0.260916         0.391345         0.521820         0.652265


Reduced LoadVector:Fc( 15)
       -0.000001         0.000001         0.000001         0.000001         0.000000
       -0.000001         0.000000         0.000000        -0.000001         0.000002
        0.000000         0.000000         0.000000         0.000000         0.000001


Reduced LoadVector:Fc( 15)
       -0.001101         0.005963        -0.362883        -1.357979        -2.637662
        0.000986         0.320628         0.995042         1.483984         1.448608
        0.130453         0.260906         0.391359         0.521813         0.652266


Reduced LoadVector:Fc( 15)
   -70915.161570      6388.142292    169545.144655    409873.754354   -447742.624331
  -183408.505218   -309158.601901   -409256.750219   -443559.960004   1414647.483897
    74019.461838    184165.079618    366320.590743    637012.457817   1011986.579817


Reduced LoadVector:Fc( 15)
       -0.002359         0.012781        -0.454380        -1.615515        -2.844795
        0.001644         0.319064         1.013741         1.269566         0.814554
        0.131323         0.262646         0.393968         0.525291         0.656613


Reduced LoadVector:Fc( 15)
     1337.351964       304.025401        23.671110         0.900969        -0.059120
      174.491339        39.870904         3.213378         0.112334         0.076802
       23.587678        -2.522202        -0.622292       -21.885154      -269.687777


Reduced LoadVector:Fc( 15)
       -0.015613         0.032468        -0.572872        -1.821084        -2.818340
        0.083802         0.298109         1.079874         0.998921         0.190338
        0.305194        -0.148482         0.822850         0.307866         0.700462


Reduced LoadVector:Fc( 15)
      160.070094       467.959889       313.286224       248.692961      -222.897662
      -57.344523       272.202223       156.044972       -93.239733       196.762698
       29.583540        13.716037         3.893448        -0.382138        -4.076991


Reduced LoadVector:Fc( 15)
        0.004798        -0.037214        -0.585368        -1.866026        -2.840896
        0.020739         0.416415         1.070335         1.018888         0.226953
        0.211003         0.189696         0.447532         0.508989         0.645682


Reduced LoadVector:Fc( 15)
      114.286586        31.946640        16.703504        19.310163       -13.770527
      -13.372166       -12.415521        15.720644        20.767094        27.172728
        5.333097         2.756423         0.802666        -0.223191        -1.445559


Reduced LoadVector:Fc( 15)
       -0.000417         0.002716        -0.632650        -1.858665        -2.847086
        0.000724         0.400206         1.058059         1.013651         0.215175
        0.161340         0.277715         0.392628         0.521825         0.647161


Reduced LoadVector:Fc( 15)
       14.728419       207.400564       304.799920       581.383017      -855.433482
      -52.523328       -39.629516      -237.231623      -405.267241       883.864723
       -3.276297        -1.080617         3.391745        11.278807        26.650001


Reduced LoadVector:Fc( 15)
       -0.004832         0.026097        -0.587257        -1.861503        -2.871044
        0.002287         0.332463         1.051389         0.991072         0.158175
        0.138215         0.267762         0.403567         0.533441         0.669011


Reduced LoadVector:Fc( 15)
        0.052916         0.748592         1.820845         6.169271        -7.672843
       -0.145014         0.191400        -0.961633        -4.694042         6.233550
        0.395947         0.189627        -0.159311        -1.102598        -3.707141


Reduced LoadVector:Fc( 15)
       -0.005542         0.029753        -0.588956        -1.859777        -2.872550
        0.002241         0.328375         1.049551         0.991386         0.153959
        0.136586         0.266559         0.407502         0.529964         0.672303


Reduced LoadVector:Fc( 15)
        0.274801         1.458554         1.562498        -0.091821        -1.699504
       -0.554279        -1.105943        -1.972359         0.805129         3.671326
        0.000476         0.001476         0.004364         0.006302         0.000434


Reduced LoadVector:Fc( 15)
       -0.005245         0.028474        -0.580276        -1.862848        -2.873820
        0.002274         0.322486         1.051091         0.986949         0.150121
        0.134217         0.268425         0.402628         0.536826         0.671044


Reduced LoadVector:Fc( 15)
        0.000001         0.000036         0.000044         0.000046        -0.000088
       -0.000011        -0.000013        -0.000040        -0.000022         0.000110
        0.000012        -0.000001        -0.000028        -0.000051        -0.000036


Reduced LoadVector:Fc( 15)
       -0.005246         0.028477        -0.580250        -1.862854        -2.873828
        0.002276         0.322453         1.051097         0.986930         0.150096
        0.134210         0.268420         0.402629         0.536839         0.671048


Reduced LoadVector:Fc( 15)
        0.000000         0.000000         0.000000         0.000000         0.000000
        0.000000         0.000000         0.000000         0.000000         0.000000
        0.000000         0.000000         0.000000         0.000000         0.000000


Reduced LoadVector:Fc( 15)
       -0.005246         0.028477        -0.580250        -1.862854        -2.873828
        0.002277         0.322453         1.051097         0.986930         0.150096
        0.134210         0.268419         0.402629         0.536839         0.671048


Reduced LoadVector:Fc( 15)
     1685.544831    161104.451042    408526.960208    691045.971076  -1213736.050018
  -203030.646116   -287156.146822   -274147.346616   -107277.417582    956797.853999
    81091.807283    201700.274364    401060.016966    697141.002532   1107005.182782


Reduced LoadVector:Fc( 15)
       -0.009185         0.049933        -0.717841        -2.057228        -2.751448
        0.002574         0.323281         1.073850         0.646073        -0.508477
        0.135412         0.270824         0.406236         0.541649         0.677061


Reduced LoadVector:Fc( 15)
     1713.849786       389.546685        30.290509         1.151080        -0.103428
      282.474068        64.524112         5.202748         0.243394         0.023640
       31.269262        -2.418661        -0.684648       -24.822957      -312.485273


Reduced LoadVector:Fc( 15)
       -0.030592         0.091379        -0.900185        -2.143571        -2.405050
        0.093208         0.310713         1.129708         0.262027        -1.025891
        0.332720        -0.195632         0.892788         0.295008         0.726791


Reduced LoadVector:Fc( 15)
      101.970748       643.202159       447.327652       384.974053      -367.459861
     -150.563919       537.075023       380.705799       108.929109        28.058306
       55.298932        28.029390         8.268961        -0.057125        -5.764306


Reduced LoadVector:Fc( 15)
       -0.001217        -0.012445        -0.931151        -2.199423        -2.456319
        0.027028         0.446539         1.118315         0.276636        -0.984384
        0.236324         0.179234         0.474836         0.522286         0.664812


Reduced LoadVector:Fc( 15)
      188.322686        61.109795        24.869328        -2.619951       -35.369103
       -7.193227       -20.120440        13.382380        39.666361        32.624923
        7.043520         3.622357         0.789391        -0.415626        -1.255543


Reduced LoadVector:Fc( 15)
       -0.005480         0.031549        -0.983471        -2.192800        -2.459870
       -0.002044         0.449804         1.075838         0.277637        -0.995072
        0.174904         0.294438         0.398285         0.539291         0.664327


Reduced LoadVector:Fc( 15)
       44.744119       410.654595       665.994049      1228.185447     -1930.891523
      -84.000554        98.868037       -33.516251        57.743997       300.349268
       -9.271963        -4.190602         4.781288        20.888761        56.391081


Reduced LoadVector:Fc( 15)
       -0.014358         0.078544        -0.922661        -2.191508        -2.449147
        0.000463         0.356655         1.089791         0.240412        -1.085287
        0.144461         0.278730         0.414220         0.549589         0.693737


Reduced LoadVector:Fc( 15)
        0.818202         0.871755         0.749849         0.333653        -1.036741
       -0.022171         0.258387         0.000319         0.137430         0.407415
        0.699572         0.311660        -0.192477        -0.235471         0.941693


Reduced LoadVector:Fc( 15)
       -0.014548         0.080365        -0.920578        -2.191967        -2.448319
       -0.000299         0.350899         1.092316         0.235072        -1.088147
        0.140434         0.284413         0.407953         0.555027         0.691982


Reduced LoadVector:Fc( 15)
       -0.274477         5.278459         5.139875         1.498703        -5.717010
       -1.228101         2.289174         0.528794         1.025751         2.635132
       -0.017469        -0.009301         0.001455         0.007635         0.006753


Reduced LoadVector:Fc( 15)
       -0.016096         0.087766        -0.915554        -2.191415        -2.446875
        0.001189         0.337755         1.096932         0.227382        -1.095914
        0.138638         0.277273         0.415849         0.554485         0.693113


Reduced LoadVector:Fc( 15)
        0.000002         0.000157         0.000164         0.000074        -0.000226
       -0.000037         0.000054         0.000006         0.000034         0.000089
        0.000169         0.000086        -0.000022        -0.000089        -0.000084


Reduced LoadVector:Fc( 15)
       -0.016100         0.087789        -0.915520        -2.191413        -2.446866
        0.001197         0.337675         1.096961         0.227335        -1.095964
        0.138624         0.277249         0.415870         0.554495         0.693118


Reduced LoadVector:Fc( 15)
        0.000000         0.000000         0.000000         0.000000        -0.000001
        0.000000         0.000000         0.000000         0.000000         0.000000
        0.000000         0.000000         0.000000         0.000000         0.000000


Reduced LoadVector:Fc( 15)
       -0.016101         0.087790        -0.915518        -2.191413        -2.446866
        0.001198         0.337671         1.096962         0.227333        -1.095966
        0.138624         0.277248         0.415871         0.554495         0.693119


Reduced LoadVector:Fc( 15)
    80004.406694    295301.210275    545556.774188    703570.455099  -1599058.507764
  -191690.472465   -185507.637973     -1652.301138    395692.732563     78128.859532
    88907.043259    221067.124321    439404.737857    763462.484063   1211725.424252


Reduced LoadVector:Fc( 15)
       -0.024344         0.133082        -1.127608        -2.229472        -2.006530
       -0.001788         0.355065         1.086149        -0.230351        -1.595124
        0.139667         0.279333         0.419000         0.558666         0.698333


Reduced LoadVector:Fc( 15)
     1734.765418       394.220341        30.599778         1.123332        -0.081788
      346.142576        79.040449         6.366962         0.338884        -0.049503
       31.932266        -2.403077        -0.689321       -25.038001      -322.317084


Reduced LoadVector:Fc( 15)
       -0.053106         0.198513        -1.391126        -2.107688        -1.437362
        0.082510         0.377195         1.069117        -0.674468        -1.842391
        0.338772        -0.191288         0.909849         0.309868         0.748489


Reduced LoadVector:Fc( 15)
      137.611917       603.061657       366.641523       187.772626      -186.053405
     -206.474744       668.065841       512.917695       265.220629      -103.162953
       61.584120        32.100079         9.963030         1.232289        -2.355644


Reduced LoadVector:Fc( 15)
       -0.018433         0.077548        -1.438492        -2.164421        -1.507157
        0.018911         0.504638         1.044308        -0.671848        -1.825059
        0.242374         0.188009         0.490341         0.541700         0.689220


Reduced LoadVector:Fc( 15)
      197.089110        73.922298        32.062192       -18.424537       -54.412490
       13.132606        -2.397404        16.900663        24.708286        10.199062
        7.205859         3.415867         0.431137        -0.440920        -0.535936


Reduced LoadVector:Fc( 15)
       -0.019622         0.110601        -1.468173        -2.164156        -1.510603
       -0.012632         0.521075         0.983311        -0.667945        -1.834353
        0.180821         0.305117         0.408549         0.560427         0.687500


Reduced LoadVector:Fc( 15)
       55.464954       367.972049       492.263612       725.331587     -1226.836520
      -87.364970       278.046356       315.440265       647.374224      -698.053515
      -12.037976        -6.710321         0.929688        11.699064        35.860207


Reduced LoadVector:Fc( 15)
       -0.032856         0.181112        -1.416004        -2.148583        -1.455225
       -0.010673         0.424210         1.020170        -0.714214        -1.908769
        0.148630         0.287561         0.425430         0.565543         0.713931


Reduced LoadVector:Fc( 15)
        1.495364         1.199274         3.145018        10.477477       -14.177973
       -0.000848         0.440100         2.235532         8.702658       -10.439982
        0.744734         0.378915         0.039819         1.069095         5.652428


Reduced LoadVector:Fc( 15)
       -0.032984         0.183502        -1.415769        -2.143845        -1.454851
       -0.011659         0.416803         1.027187        -0.723070        -1.909345
        0.143247         0.298028         0.410719         0.578317         0.707780


Reduced LoadVector:Fc( 15)
       -0.919983         5.566620         6.041734         8.544546       -11.970787
       -1.821683         6.134732         5.395797         7.478164        -7.907461
       -0.037566        -0.022550        -0.007199        -0.009242        -0.036031


Reduced LoadVector:Fc( 15)
       -0.035724         0.196241        -1.412483        -2.141057        -1.448353
       -0.010004         0.404437         1.029446        -0.727862        -1.917344
        0.142516         0.284883         0.427573         0.569782         0.712427


Reduced LoadVector:Fc( 15)
        0.000130         0.000214         0.000231         0.000008        -0.000456
       -0.000083        -0.000012         0.000089         0.000174        -0.000054
        0.000172         0.000095         0.000006         0.000004         0.000170


Reduced LoadVector:Fc( 15)
       -0.035720         0.196230        -1.412425        -2.141028        -1.448327
       -0.010000         0.404334         1.029546        -0.727947        -1.917376
        0.142478         0.284957         0.427432         0.569911         0.712388


Reduced LoadVector:Fc( 15)
        0.000000         0.000000         0.000000         0.000000        -0.000001
        0.000000         0.000000         0.000000         0.000000         0.000000
        0.000000         0.000000         0.000000         0.000000         0.000000


Reduced LoadVector:Fc( 15)
       -0.035720         0.196232        -1.412424        -2.141027        -1.448326
       -0.010000         0.404331         1.029547        -0.727948        -1.917378
        0.142478         0.284956         0.427433         0.569911         0.712388


Reduced LoadVector:Fc( 15)
   145758.844916    356969.809147    490079.396389    348342.165815  -1341171.684255
  -144940.508256    -20825.814899    322996.481659    831318.871654   -893815.032663
    94215.099503    234214.964684    465422.658694    808435.792450   1282687.832809


Reduced LoadVector:Fc( 15)
       -0.047216         0.260643        -1.693006        -1.922379        -0.825674
       -0.021627         0.464620         0.908578        -1.204724        -2.083311
        0.142418         0.284835         0.427253         0.569671         0.712088


Reduced LoadVector:Fc( 15)
      573.383461       130.271367        10.090961         0.349226        -0.007258
      125.351856        28.625197         2.307217         0.127773        -0.030326
      -10.434654         2.167213         0.435638        14.418714       188.320162


Reduced LoadVector:Fc( 15)
       -0.045496         0.317565        -1.983221        -1.537724        -0.225373
       -0.094317         0.580266         0.647064        -1.618041        -2.030542
        0.027736         0.555878         0.144576         0.712945         0.683208


Reduced LoadVector:Fc( 15)
      261.742719       112.004815        65.410911        39.639732      -111.847062
       39.230728        78.603780       104.795083       224.680128      -298.184012
       -3.669187        -0.712172         0.210799         1.382741         4.107476


Reduced LoadVector:Fc( 15)
       -0.064690         0.369719        -1.996065        -1.535336        -0.199782
       -0.052672         0.545820         0.682232        -1.632300        -2.041724
        0.110263         0.317880         0.408628         0.581567         0.723022


Reduced LoadVector:Fc( 15)
       30.187850        18.689937         8.538015         1.866945        -2.000319
        1.398048        21.832668        14.176819         5.415213        -3.721042
       -1.224768        -0.453471        -0.169219         0.018431         0.533320


Reduced LoadVector:Fc( 15)
       -0.061653         0.343987        -2.000563        -1.542761        -0.209637
       -0.042944         0.555880         0.694625        -1.626370        -2.033836
        0.134594         0.288294         0.428088         0.577324         0.722159


Reduced LoadVector:Fc( 15)
        4.000775         8.174408         5.355058         2.885761        -7.495344
       -3.045235        10.442037        12.136847        19.502020       -22.256539
       -0.173958        -0.088423        -0.025275        -0.018890        -0.064889


Reduced LoadVector:Fc( 15)
       -0.059108         0.328980        -2.008439        -1.548614        -0.223070
       -0.042098         0.572080         0.686087        -1.619173        -2.027862
        0.142486         0.286104         0.431389         0.574762         0.718909


Reduced LoadVector:Fc( 15)
        0.100321         0.394364         0.278539         0.096161        -0.406111
       -0.177635         0.487972         0.586271         0.859651        -0.995692
       -0.025034        -0.015300        -0.003778         0.006938         0.026369


Reduced LoadVector:Fc( 15)
       -0.058486         0.325720        -2.010071        -1.550064        -0.226050
       -0.042277         0.575878         0.683560        -1.617547        -2.026632
        0.143513         0.287114         0.430886         0.574557         0.718179


Reduced LoadVector:Fc( 15)
        0.001614         0.005956         0.004243         0.000747        -0.006684
       -0.002704         0.006580         0.008494         0.011800        -0.013890
       -0.000139        -0.000087        -0.000019         0.000044         0.000142


Reduced LoadVector:Fc( 15)
       -0.058415         0.325354        -2.010271        -1.550252        -0.226413
       -0.042312         0.576360         0.683196        -1.617339        -2.026487
        0.143620         0.287241         0.430863         0.574485         0.718106


Reduced LoadVector:Fc( 15)
        0.000000         0.000000         0.000000         0.000000         0.000000
        0.000000         0.000000         0.000000         0.000000         0.000000
        0.000000         0.000000         0.000000         0.000000         0.000000


Reduced LoadVector:Fc( 15)
       -0.058414         0.325351        -2.010272        -1.550253        -0.226415
       -0.042312         0.576362         0.683194        -1.617338        -2.026486
        0.143621         0.287242         0.430863         0.574484         0.718105


Reduced LoadVector:Fc( 15)
   176177.944895    310650.712164    238932.219384   -232621.522312   -514876.783526
   -73367.785619    145282.267217    541094.189722    910355.551451  -1441077.542132
    92107.993715    228996.321923    455096.930162    790589.880124   1254533.889473


Reduced LoadVector:Fc( 15)
       -0.066256         0.372829        -2.269815        -1.070054         0.326876
       -0.066679         0.699463         0.378214        -1.921764        -1.812932
        0.141338         0.282676         0.424014         0.565352         0.706690


Reduced LoadVector:Fc( 15)
   179027.972028    311297.832526    238982.137618   -232619.846723   -514876.760125
   -72586.900654    145459.715193    541107.956663    910356.036372  -1441077.539817
    92181.943690    228989.198194    455095.398955    790528.669004   1254258.756066


Reduced LoadVector:Fc( 15)
       -0.030896         0.007757        -0.019643        -0.009133        -0.010928
        0.116671        -0.020518         0.074253         0.038457         0.044140
        0.256929        -0.603812         0.627732        -0.317261         0.063520


Reduced LoadVector:Fc( 15)
     1252.682634       284.728505        22.105144         0.745401         0.014492
      366.363655        84.115658         7.009027         0.378428        -0.021636
       -8.040660        -3.148622        -0.442574       -10.175070       158.893079


Reduced LoadVector:Fc( 15)
       -0.010103         0.014040        -0.239778         0.550767         0.393488
        0.004904         0.176230        -0.399309        -0.139708         0.360157
        0.085682        -0.197162         0.202936        -0.101889         0.020183


Reduced LoadVector:Fc( 15)
     6868.790813      9349.719897      1803.589270    -23796.021012      4302.821792
     -638.556589      8333.718191     23941.917363     34573.972559    -64716.890775
     -578.274603     -1667.194232     -3595.190715     -6743.384934    -11631.434175


Reduced LoadVector:Fc( 15)
        0.024290        -0.149450         0.281220         0.509770         0.145633
        0.013627         0.012176        -0.328604         0.295351         0.568350
        0.030719        -0.108942        -0.045016        -0.124075        -0.148427


Reduced LoadVector:Fc( 15)
     7045.610679      9389.876259      1806.690879    -23795.916344      4302.823006
     -591.233253      8344.493821     23942.765460     34574.005216    -64716.890344
     -573.088204     -1668.288513     -3595.388403     -6751.897460    -11621.730150


Reduced LoadVector:Fc( 15)
       -0.007917         0.002465        -0.005009        -0.002161        -0.002641
        0.029036        -0.005219         0.018360         0.009485         0.010898
        0.063999        -0.150878         0.157077        -0.079446         0.015911


Reduced LoadVector:Fc( 15)
       32.955974        28.250078        12.983007         1.932214         0.737837
       -6.174576        56.785881        36.483451        10.273117        -1.797178
        6.478980        -1.227695         0.208413        -8.805080       -81.313473


Reduced LoadVector:Fc( 15)
       -0.015418         0.050654        -0.012000         0.037944         0.021579
        0.016739        -0.006614        -0.013539        -0.001063         0.019584
        0.039365        -0.137211         0.160485        -0.085985         0.018698


Reduced LoadVector:Fc( 15)
      601.678117       511.239406       210.884904     -1164.585191       222.815510
      109.062165       451.632538      1303.375500      2342.936608     -4067.350082
        2.134968        13.895283        38.202295        88.558328       182.866065


Reduced LoadVector:Fc( 15)
       -0.015083         0.103350        -0.100833         0.046762         0.097002
       -0.026027         0.006834        -0.024173        -0.117527        -0.048151
       -0.050245         0.061922        -0.018449         0.035760         0.039117


Reduced LoadVector:Fc( 15)
      612.894120       513.786006       211.081304     -1164.578623       222.815628
      111.932933       452.284671      1303.425988      2342.938419     -4067.350152
        3.588755        13.592139        38.140830        86.563366       222.273479


Reduced LoadVector:Fc( 15)
       -0.001891         0.000444        -0.001211        -0.000564        -0.000683
        0.007311        -0.001284         0.004664         0.002415         0.002770
        0.016077        -0.037747         0.039221        -0.019813         0.003962


Reduced LoadVector:Fc( 15)
        4.968616         2.724660        -0.893554        -6.750358         7.302792
       -0.207995         3.840030         6.456215        17.513625       -20.796147
        0.109896        -0.298994        -0.294900        -3.709468       -17.800163


Reduced LoadVector:Fc( 15)
       -0.003574         0.011571         0.001411        -0.001788         0.005287
        0.002768        -0.000966        -0.003795        -0.003346         0.000651
        0.007286        -0.030206         0.041602        -0.026941         0.009475


Reduced LoadVector:Fc( 15)
       30.327476        56.785987        36.444979       -73.298571       -48.031785
       -4.513771        60.926776       117.168966        83.537405      -229.171499
        0.265103         0.624251         1.376242         2.163147         2.068696


Reduced LoadVector:Fc( 15)
       -0.001769         0.009416        -0.039132         0.000506         0.015849
       -0.002956         0.014016        -0.006452        -0.032577        -0.017065
       -0.000379         0.006611         0.004681         0.008592         0.010623


Reduced LoadVector:Fc( 15)
        0.001554         0.011104        -0.014338        -0.098698         0.112661
       -0.007248         0.030127         0.078741         0.254916        -0.321060
       -0.009431        -0.004578         0.010641         0.042621         0.102301


Reduced LoadVector:Fc( 15)
       -0.001607         0.008669        -0.039611         0.000628         0.014989
       -0.003071         0.014842        -0.007382        -0.032034        -0.017049
       -0.000346         0.007318         0.003888         0.009161         0.010030


Reduced LoadVector:Fc( 15)
        0.000769         0.000966        -0.000973        -0.004301         0.004182
       -0.000734         0.001261         0.003325         0.010036        -0.011726
       -0.000003        -0.000002        -0.000002        -0.000011        -0.000045


Reduced LoadVector:Fc( 15)
       -0.001559         0.008427        -0.039552         0.000365         0.014948
       -0.003086         0.015032        -0.007531        -0.032066        -0.017037
       -0.000305         0.007360         0.003976         0.008995         0.010160


Reduced LoadVector:Fc( 15)
       41.236967        58.915869        16.287634      -121.923801        -1.544972
       -8.005318        49.310247       135.433197       184.177229      -343.997058
        0.319373         0.798431         1.596861         2.794501        15.721767


Reduced LoadVector:Fc( 15)
       -0.000998         0.005837        -0.039919        -0.001501         0.014583
       -0.001925         0.015446        -0.005825        -0.032179        -0.017932
        0.002130         0.004259         0.006389         0.008518         0.010648


Reduced LoadVector:Fc( 15)
       16.575827        30.058411       -42.964385      -384.026319       377.312333
        5.259460        56.192214       281.753780       924.634513     -1265.889041
        0.192953         0.463348         0.320170        -4.990815       -24.442960


Reduced LoadVector:Fc( 15)
       -0.000381         0.003745        -0.031352         0.017489        -0.019757
       -0.003593         0.018844        -0.023709         0.005147        -0.011110
       -0.000452         0.009938        -0.009228         0.018867        -0.020316


Reduced LoadVector:Fc( 15)
       42.863595        49.166888         4.545068       -68.913461       -35.681170
      -14.507507        25.719122        77.675159        65.611801      -137.221966
       -0.176469        -0.170389         0.530004         3.940461        13.524250


Reduced LoadVector:Fc( 15)
        0.000894        -0.002754         0.008804         0.017320        -0.025756
       -0.001108        -0.002120        -0.007037         0.029931         0.007400
       -0.003924         0.010606        -0.024216         0.016038        -0.026450


Reduced LoadVector:Fc( 15)
        3.018431         7.524195         5.117263       -15.579527         0.765830
       -0.007342        10.152818        21.112576        29.021819       -56.012336
        0.131119         0.288239         0.490741         0.523842        -0.024002


Reduced LoadVector:Fc( 15)
        0.000926        -0.005641         0.034054         0.003990        -0.022546
        0.000918        -0.007948        -0.005133         0.035964         0.015923
       -0.001126        -0.005621        -0.001509        -0.010124        -0.015320


Reduced LoadVector:Fc( 15)
        0.903660         0.760194        -2.522335       -12.156519        12.912411
       -0.347523         0.925503         8.066777        30.810623       -38.996596
        0.004864        -0.000437        -0.020565        -0.063014        -0.135218


Reduced LoadVector:Fc( 15)
        0.001028        -0.006026         0.040126         0.001184        -0.014431
        0.001918        -0.015231         0.005530         0.032090         0.018059
       -0.002046        -0.004483        -0.005857        -0.009077        -0.010294


Reduced LoadVector:Fc( 15)
        0.001851         0.000853        -0.006263        -0.025594         0.029158
       -0.000710         0.000966         0.015650         0.065767        -0.081002
        0.000064         0.000124         0.000436         0.003580         0.014483


Reduced LoadVector:Fc( 15)
        0.001002        -0.005851         0.039897         0.001644        -0.014535
        0.001915        -0.015403         0.005712         0.032198         0.018037
       -0.002135        -0.004241        -0.006422        -0.008499        -0.010662


Reduced LoadVector:Fc( 15)
        0.000001         0.000001        -0.000002        -0.000010         0.000010
       -0.000001         0.000002         0.000007         0.000025        -0.000031
        0.000000         0.000000         0.000000         0.000000        -0.000001


Reduced LoadVector:Fc( 15)
        0.001001        -0.005846         0.039902         0.001637        -0.014531
        0.001917        -0.015403         0.005708         0.032196         0.018037
       -0.002131        -0.004261        -0.006392        -0.008522        -0.010653


