Reduced LoadVector:Fc( 30)
        0.000000         0.000000         0.000000         0.000000         0.000000
        0.000000         0.000000         0.000000         0.000000         0.000000
        0.000000         0.000000         0.000000         0.000000         1.000000


        0.000000         0.000000         0.000000         0.000000         0.000000
        0.000000         0.000000         0.000000         0.000000         0.000000
        0.000000         0.000000         0.000000         0.000000         0.000000


Reduced LoadVector:Fc( 30)
  -861762.315671   -844404.267913   -661000.215534   -407369.614220   3371847.511025
  -187463.956248   -222353.722844   -245208.999126   -259532.022394   -668741.649142
  -515548.287078   -669784.231324   -648667.033462   -465897.338462   2546286.149025


   301781.706760    290217.213345    -24735.731472   -680356.046636  -1613703.111723
 -3244174.617271  -6140178.530728  -9072274.574552 -11546950.773902 -13254790.306232
 -1155859.837650  -1001235.883412   -173130.771403   1265907.432969   3150145.011960


Reduced LoadVector:Fc( 30)
        0.000000         0.000000         0.000000         0.000000         0.000000
        0.000000         0.000000         0.000000         0.000000         0.000000
        0.001457         8.056542        22.271680        39.594065        56.374753


        0.167866         0.170777         0.059626        -0.114259        -0.281844
       -0.405080        -0.754597        -0.995949        -1.099235        -1.054420
        0.000000         0.000000         0.000000         0.000000         0.000000


Reduced LoadVector:Fc( 30)
   151895.208114    151582.569501    186703.797468    179685.159850   -520805.808836
  -159818.188708   -119657.196560    -78058.949581    -48328.019179    224631.357460
      974.787269     16232.678344     15966.653653     28832.306782     24987.575635


  -846458.836046   -405211.112676      2874.094448    355197.251442    840999.968381
    50828.092710   1571093.005711   3276902.879659   5000428.611330   6199296.160168
  2959848.134352   1421325.579040    238196.405577   -619282.025362  -1485895.987156


Reduced LoadVector:Fc( 30)
       -0.033642        -2.878877        -5.666514       -13.127727       -18.448884
       -2.634172         5.627066        -3.300983         3.030622         5.834769
        5.032070        13.778172        24.718593        37.115151        49.083502


       -3.729070         1.908054         1.771939        -1.879177         0.229013
       -2.059451         2.391969        -3.866524         0.726318        -1.111844
       -0.456437         0.009523         0.791740        -0.659282         0.045175


Reduced LoadVector:Fc( 30)
   -32610.583035     21735.509270    178076.978221    195817.205742     98181.936462
    11020.191362    -51951.899738     19519.679721     29465.405356     12521.857959
    17812.390958   -117810.016340     43142.289671    125827.008296    107920.243647


   286381.529202    -84695.232950   -162458.694712   -137289.874930    192800.150845
   142694.208155   1062527.693051   1543146.078346   1202084.001542    720993.961856
 -2334077.016484  -1112108.000410   -311043.990427     51907.477379     32491.667631


Reduced LoadVector:Fc( 30)
       -3.397628        -3.296246        -1.661455        -6.282650       -10.055566
        1.622780       -19.968417        25.888210        -1.419536         7.004664
       12.853012         9.556059        20.932173        31.644717        43.149053


        0.404520        -9.547871        12.264746        -6.171064         0.820359
       -3.957646         7.953619        -8.837584         3.264024        -1.609169
       -1.224590        -0.159907         2.767216        -2.120675         0.417488


Reduced LoadVector:Fc( 30)
    46224.587367    -42884.212880   -113419.054791    -78133.905992    291842.957727
  -250725.951797    -60765.244349    -36249.684329   -131447.533869     72482.605552
    21877.700193     58119.436236     74244.067994    -66754.580141    -69446.827498


  -570921.069044    -77927.883566    -64285.361952    -18642.191731    492455.707862
  -976637.853762   -722350.563453  -1891398.776632  -2969409.203056  -1896591.403815
   542266.504400   -173041.151884   -869950.872372  -1809770.590259  -2485083.736081


Reduced LoadVector:Fc( 30)
       -7.801643        -3.765419        -5.802545       -11.355013       -11.557994
       -1.148064       -16.672891        28.302941        -3.218446         6.727253
       15.023887        14.217864        17.614529        33.175227        40.191868


       -5.549475         3.709966        -0.140358        -1.857302        -0.489302
       -4.883159         9.853270       -10.795623         4.272855        -1.501893
       -3.439749         5.155109        -2.022637        -0.917891         0.085757


Reduced LoadVector:Fc( 30)
   -47146.884982    -34934.412168     82053.339964    104406.092294     41237.478429
    63510.200012    180263.763630    -40078.851421   -117139.147714    -72766.463735
  -266133.821225   -214000.529088    214005.678562    308265.287148    137242.425264


   843892.104893    573666.643229    186073.520816    -25539.120589   -170575.040638
  2151287.396789   5864490.283187   6341262.466212   3243524.388120    658717.602635
 -4525920.280268  -4170535.906539  -2760809.404789  -1079034.118720    198439.279502


Reduced LoadVector:Fc( 30)
       -3.220184       -12.380967         4.519710       -14.120748       -15.487233
       -5.550038        -1.492903        -1.003700       -12.195742        -4.340244
       10.491397        19.110558        18.903214        36.662752        44.250304


       -6.284303        12.793619        -4.513766        -0.563525        -1.061982
       -2.695677         2.811133        -2.089003        -0.209180        -0.712116
       -3.839552         7.582141        -5.690556         1.143440        -0.366375


Reduced LoadVector:Fc( 30)
    41365.629832     -8145.790356    -98376.240485   -222656.924463    238151.947621
  -118935.467514     56581.307954    131368.095609    -69119.360241   -216230.190725
   -30428.650252   -123427.967839   -211074.027926     35100.434752    306746.516694


  -185835.123969    112693.844325    418046.069639    687332.003208    540616.216778
  -268928.770214    440884.965996   2076163.577676   3599818.208732   1906363.116014
   557715.945635    375094.033453    863050.305391   1074186.006712   -334809.746556


Reduced LoadVector:Fc( 30)
       -1.015797       -14.579656         4.253267       -17.838532       -17.821926
       -4.404205       -16.264444        15.275248       -22.063948       -13.426684
        5.501878        25.323520         9.934373        32.375387        36.890744


       -0.990769         1.094628         5.068796        -1.536121        -1.316445
       -2.898618         3.422513        -3.175986         0.203150        -0.430627
       -2.021460         3.320852        -1.228395        -0.790637        -0.282848


Reduced LoadVector:Fc( 30)
   -72475.945666     18549.165731     70614.028715     61109.191502     23167.918671
   -18874.034002    -12974.940529    -40732.901001    -10591.339603    -48329.042004
    15203.707845     16508.581739     -6891.700888   -135919.301258    180201.310966


  -101473.816819   -222888.545869   -230165.679698   -229460.355172   -659626.362326
  -356820.031608   -351328.091253   -298818.771720   -205283.038501    131719.763638
   -49096.587467    507421.752522    733313.300201    792501.028389   1924595.705258


Reduced LoadVector:Fc( 30)
       -2.302181        -7.241992        -2.356819       -18.474223       -21.109226
       -4.534659       -21.288102         8.436126       -26.856353       -14.602203
        7.241238         6.670939        24.615394        27.858940        37.104589


        0.693667        -2.535812         6.893422        -0.979451        -2.720986
       -2.493415         3.932511        -5.093096         1.191180        -0.670503
       -2.231289         2.562488         0.014426        -1.303498        -0.288927


