		PROJECT FILE LISTING

Main Help Magician Project File
	c:\drhlp4_0\gig\gig.hmp

Project Database Files
	c:\drhlp4_0\gig\gig.isd
	c:\drhlp4_0\gig\gig.isf
	c:\drhlp4_0\gig\gig.isl

Project Keyword Database Files
	c:\drhlp4_0\gig\gig.ksd
	c:\drhlp4_0\gig\gig.ksf
	c:\drhlp4_0\gig\gig.ksl
	c:\drhlp4_0\gig\gig.ksm

HLX Files: (Project File IDs) Filenames
	(1)  D:\DRHLP4_0\GIG\NODE\NODE.HLX

Image Files and DLL's, Associated Project File IDs
	a-z.shg,1 (not found)
	close.bmp,1 (not found)
	genera~1.shg,1 (not found)
	mldlg_~1.shg,1 (not found)
	opt_node.shg,1 (not found)

Multimedia Files, Associated Project File IDs
