FORMROTMATRIX2QUATERNION        Source Listing                  16-Aug-2008 11:51:06  Compaq Visual Fortran 6.6-1684    Page 1
                                                                16-Aug-2008 11:51:06  Form_RotMatrix2Quaternion.f

	      1 	Subroutine FormRotMatrix2Quaternion(Qu,A,nC,nQu,Iout)
	      2 !	----------------------------------------------------------------------------- 
	      3 !	Inputs
	      4 !		A(nC,nC)		= Rotation Matrix
	      5 !		nC				= 3
	      6 ! 	
	      7 !	Outputs 
	      8 !		Qu(nQu)			= Quaternion 
	      9 !		nQu				= 4
	     10 !	------------------------------------------------------------
	     11 
	     12 	Implicit Real(kind=8) (a-h,o-z)
	     13 !
	     14 	include 'LoadStepIter.h'
	     15 
	     17 	Real(kind=8)	Qu     ,A                       
	     18 	Dimension		Qu(nQu),A(nC,nC)
	     19 !
	     20 	DATA zero/0.D0/,one/1.0D0/,two/2.0D0/,three/3.0D0/,half/0.5D0/ 
	     21 !	------------------------------------------------------------------ Trace
	     22 	trA = A(1,1) + A(2,2) + A(3,3)
	     23 !----------------------------------------------------------------------- Form Quaternion
	     24 	QQ = .25D0*(one + trA)					!step 0
	     25 	if(QQ.gt.zero) then						!step 1
	     26 		Qu(4)	= DSQRT(QQ)
	     27 !	
	     28 		reci	= .25D0/Qu(4)
	     29 		Qu(1)	= (A(2,3)-A(3,2))*reci	
	     30 		Qu(2)	= (A(1,3)-A(3,1))*reci	
	     31 		Qu(3)	= (A(1,2)-A(2,1))*reci	
	     32 		goto 100
	     33 	else
	     34 		QQ	= -half*(A(2,2)+A(3,3))			!step 2	
	     35 		if(QQ.gt.zero) then					!step 3
	     36 			Qu(1)	= DSQRT(QQ)
	     37 !	
	     38 			reci	= half/Qu(1)
	     39 			Qu(2)	= A(1,2)*reci	
	     40 			Qu(3)	= A(1,3)*reci
	     41 			Qu(4)	= zero
	     42 			goto 100
	     43 		else
	     44 			QQ	= -half*(one-A(3,3))		!step 4	
	     45 			if(QQ.gt.zero) then				!step 5
	     46 				Qu(1)	= zero
	     47 				Qu(2)	= DSQRT(QQ)
	     48 !	
	     49 				reci	= half/Qu(2)
	     50 				Qu(3)	= A(2,3)*reci
	     51 				Qu(4)	= zero
	     52 				goto 100
	     53 			else							!step 6
	     54 				Qu(1)	= zero
	     55 				Qu(2)	= zero
	     56 				Qu(3)	= one
	     57 				Qu(4)	= zero
	     58 			endif

FORMROTMATRIX2QUATERNION        Source Listing                  16-Aug-2008 11:51:06  Compaq Visual Fortran 6.6-1684    Page 2
                                                                16-Aug-2008 11:51:06  Form_RotMatrix2Quaternion.f

	     59 		endif
	     60 	endif
	     61 !	----------------------------------------------------- 
	     62   100 continue
	     63 !	------------------------------
	     64    	iPrt = 0
	     65 	if ((iPrt == 1).AND.(trA.LE.-half)) Then
	     66 		write(Iout,1040) trA
	     67 	endif
	     68 !---------------------------------------------------------- Write:
	     69    	iPrt = 0
	     70 	if((iStep == 1).AND.(iNut == 2)) Then
	     71 		iPrt = 0
	     72 	endif
	     73 	if (iPrt == 1) Then
	     74 		write(Iout,1030) (i,(A(i,j),j = 1,nC),i=1,nC)
	     75 		write(Iout,1020) (Qu(j),j = 1,nQu)
	     76 	endif
	     77 !----------------------------------------------------------
	     78 	return
	     79 !
	     80  1000	format(A,I5,A)
	     81  1020 format(1X, "Rodrigues Quaternion vector: Qu(4)"/2X,4(f10.7,1X))
	     82  1030 format(2X, "Rotation Matrix(3,3)"/( (I5,3(f20.7,1X))  ))
	     83  1040 format(/1X,"trA = ", f16.7/)
	     84 	end


PROGRAM SECTIONS

    Name				 Bytes   Attributes

  1 .bss                                    52 NOPIC CON REL LCL NOSHR NOEXE   RD   WRT QUAD
  2 .data                                  344 NOPIC CON REL LCL NOSHR NOEXE   RD   WRT QUAD
  3 .literal                                40   PIC CON REL LCL   SHR NOEXE   RD NOWRT QUAD
  4 .text                                 2974   PIC CON REL LCL   SHR   EXE NORD NOWRT QUAD
  5 _LOADSTEPITER                           16 NOPIC OVR REL GBL NOSHR NOEXE   RD   WRT OCTA
  6 .drectve                               212 NOPIC CON REL LCL NOSHR NOEXE NORD NOWRT QUAD
  7 .debug$T                                92 NOPIC CON REL LCL NOSHR NOEXE   RD NOWRT BYTE

    Total Space Allocated                 3730


ENTRY POINTS

 Address      Name                    
                                      
  4-00000000  FORMROTMATRIX2QUATERNION



FORMROTMATRIX2QUATERNION        Source Listing                  16-Aug-2008 11:51:06  Compaq Visual Fortran 6.6-1684    Page 3
                                                                16-Aug-2008 11:51:06  Form_RotMatrix2Quaternion.f

VARIABLES

 Address      Type  Name    Address      Type  Name    Address      Type  Name    Address      Type  Name  
                                                                                                           
  5-00000008  R*8   BRESET   1-00000030  I*4   IPRT     2-00000148  R*8   ONE      2-00000140  R*8   TWO   
  2-00000130  R*8   HALF     5-00000000  I*4   ISTEP    1-00000010  R*8   QQ       2-00000150  R*8   ZERO  
  1-0000002C  I*4   I        1-00000028  I*4   J        1-00000008  R*8   RECI                             
  5-00000004  I*4   INUT         **      I*4   NC       2-00000138  R*8   THREE                            
      **      I*4   IOUT         **      I*4   NQU      1-00000018  R*8   TRA                              


ARRAYS

 Address      Type  Name        Bytes  Dimensions

      **      R*8   A              **  (*, *)
      **      R*8   QU             **  (*)


LABELS

 Address      Label
                   
  4-000008A9  100  

FORMROTMATRIX2QUATERNION        Source Listing                  16-Aug-2008 11:51:06  Compaq Visual Fortran 6.6-1684    Page 4
                                                                16-Aug-2008 11:51:06  Form_RotMatrix2Quaternion.f

COMPILER OPTIONS BEING USED

  /noalign:commons                      /noalign:dcommons
  /align:records                        /noalign:sequence
  /noalign:rec1byte                     /noalign:rec2byte
  /noalign:rec4byte                     /noalign:rec8byte
  /altparam                             /noannotations:code
  /noannotations:detail                 /noannotations:feedback
  /noannotations:inlining               /noannotations:loop_transforms
  /noannotations:loop_unrolling         /noannotations:prefetching
  /noannotations:shrinkwrapping         /noannotations:software_pipelining
  /noannotations:tail_calls             /noannotations:tail_recursion
  /arch:generic                         /noasmattributes:machine
  /noasmattributes:source               /assume:accuracy_sensitive
  /noassume:buffered_io                 /noassume:byterecl
  /noassume:dummy_aliases               /noassume:minus0
  /assume:protect_constants             /assume:source_include
  /noassume:underscore                  /noassume:2underscores
  /noautomatic                          /nobintext
  /ccdefault:default                    /nocheck:arg_temp_created
  /check:bounds                         /check:flawed_pentium
  /nocheck:format                       /nocheck:output_conversion
  /nocheck:overflow                     /nocheck:power
  /nocheck:underflow                    /convert:native
  /D:_WIN32=1                           /D:_DF_VER=660
  /D:_VF_VER=660                        /D:_X86_=1
  /D:_M_IX86=500                        /D:_INTEGRAL_MAX_BITS=32
  /double_size:64                       /nod_lines
  /error_limit:30                       /extend_source:72
  /nof66                                /nof77rtl
  /nofast                               /nofltconsist
  /nofpscomp:filesfromcmd               /nofpscomp:general
  /nofpscomp:ioformat                   /nofpscomp:ldio_spacing
  /fpscomp:libs                         /nofpscomp:logicals
  /fixed                                /nofpconstant
  /fpe3                                 /g2
  /Gt0                                  /iface:stdref
  /nointconstant                        /integer_size:32
  /libdir:automatic                     /libdir:user
  /nolibs_dll                           /nomachine_code
  /math_library:check                   /mixed_str_len_arg
  /module:Debug/                        /names:uppercase
  /nonoinclude                          /O0
  /inline:none                          /notransform_loops
  /nopipeline                           /tune:generic
  /unroll:0                             /nopad_source
  /real_size:32                         /norecursive
  /reentrancy:none                      /noshow:include
  /show:map                             /stand:none
  /nosyntax_only                        /traceback
  /novms                                /warn:alignments
  /warn:argument_checking               /nowarn:declarations
  /nowarn:errors                        /warn:general
  /nowarn:granularity                   /nowarn:ignore_loc
  /nowarn:stderrors                     /nowarn:truncated_source
  /warn:uncalled                        /warn:uninitialized
  /nowarn:unused                        /warn:usage

FORMROTMATRIX2QUATERNION        Source Listing                  16-Aug-2008 11:51:06  Compaq Visual Fortran 6.6-1684    Page 5
                                                                16-Aug-2008 11:51:06  Form_RotMatrix2Quaternion.f

  /I         path : C:\drProjects\drThe Book Examples\Shell_6_Curv_Any_DYNAMIC\,C:\Program Files\ArrayVisualizer\Include\,
           C:\Program Files\Microsoft Visual Studio\DF98\CXML\Include\,C:\Program Files\Microsoft Visual Studio\DF98\IMSL\Include\,
           C:\Program Files\Microsoft Visual Studio\VC98\Include\,C:\Program Files\Microsoft Visual Studio\DF98\Include\,
           C:\PROGRAM FILES\MICROSOFT VISUAL STUDIO\COMMON\,C:\PROGRAM FILES\MICROSOFT VISUAL STUDIO\VC98\MFC\INCLUDE\
  /V         filename : Debug/Form_RotMatrix2Quaternion.lst
  /o         filename : Debug/Form_RotMatrix2Quaternion.obj
  /nobrowser
  /Fd        filename : Debug/DF60.PDB

COMPILER: Compaq Visual Fortran 6.6-1684-47B6E

COMPILATION STATISTICS

  CPU time:          0.05 seconds
  Elapsed time:      0.04 seconds
  Pagefaults:           0
  I/O Count:            0
