FORMQUATERNION2ROTMATRIX        Source Listing                  16-Aug-2008 11:51:54  Compaq Visual Fortran 6.6-1684    Page 1
                                                                16-Aug-2008 11:51:54  Form_Quaternion2RotMatrix.f

	      1 	Subroutine FormQuaternion2RotMatrix(Qu,A,nC,nQu,Iout)
	      2 !	----------------------------------------------------------------------------- 
	      3 !	Inputs
	      4 !		Qu(nQu)			= Quaternion 
	      5 !		nQu				= 4
	      6 ! 	
	      7 !	Outputs 
	      8 !		A(nC,nC)		= Rotation Matrix
	      9 !		nC				= 3
	     10 !	------------------------------------------------------------
	     11 
	     12 	Implicit Real(kind=8) (a-h,o-z)
	     13 !
	     14 	include 'LoadStepIter.h'
	     15 
	     17 	Real(kind=8)	Qu     ,A                       
	     18 	Dimension		Qu(nQu),A(nC,nC)
	     19 !
	     20 	DATA zero/0.D0/,one/1.0D0/,two/2.0D0/,three/3.0D0/,half/0.5D0/ 
	     21 !----------------------------------------------------------------------- Check theta = 0
	     22 		A = zero
	     23 !----------------------------------------------------------------------- Form AMat
	     24 	q11	= two*Qu(1)*Qu(1)
	     25 	q12	= Qu(1)*Qu(2)
	     26 	q13	= Qu(1)*Qu(3)
	     27 	q14	= Qu(1)*Qu(4)
	     28 	q22	= two*Qu(2)*Qu(2)
	     29 	q23	= Qu(2)*Qu(3)
	     30 	q24	= Qu(2)*Qu(4)
	     31 	q33	= two*Qu(3)*Qu(3)
	     32 	q34	= Qu(3)*Qu(4)
	     33 !	-------------------------------
	     34 	A(1,1) = one - q22 - q33
	     35 	A(2,2) = one - q11 - q33
	     36 	A(3,3) = one - q11 - q22
	     37 	A(1,2) = two*(q12-q34)
	     38 	A(2,1) = two*(q12+q34)
	     39 	A(1,3) = two*(q13+q24)
	     40 	A(3,1) = two*(q13-q24)
	     41 	A(2,3) = two*(q23-q14)
	     42 	A(3,2) = two*(q23+q14)
	     43 !	----------------------------------------------------- 
	     44    10 continue
	     45 !	----------------------------------------------------- Trace
	     46 	trA = A(1,1) + A(2,2) + A(3,3)
	     47 !	------------------------------
	     48    	iPrt = 0
	     49 	if ((iPrt == 1).AND.(trA.LE.-half)) Then
	     50 		write(Iout,1040) trA
	     51 	endif
	     52 !---------------------------------------------------------- Write:
	     53    	iPrt = 0
	     54 	if((iStep == 1).AND.(iNut == 2)) Then
	     55 		iPrt = 0
	     56 	endif
	     57 	if (iPrt == 1) Then
	     58 		write(Iout,1020) (Qu(j),j = 1,nQu)

FORMQUATERNION2ROTMATRIX        Source Listing                  16-Aug-2008 11:51:54  Compaq Visual Fortran 6.6-1684    Page 2
                                                                16-Aug-2008 11:51:54  Form_Quaternion2RotMatrix.f

	     59 		write(Iout,1030) (i,(A(i,j),j = 1,nC),i=1,nC)
	     60 	endif
	     61 !----------------------------------------------------------
	     62 	return
	     63 !
	     64  1000	format(A,I5,A)
	     65  1020 format(1X, "Rodrigues Quaternion vector: Qu(4)"/2X,4(f10.7,1X))
	     66  1030 format(2X, "Rotation Matrix(3,3)"/( (I5,3(f20.7,1X))  ))
	     67  1040 format(/1X,"trA = ", f16.7/)
	     68 	end


PROGRAM SECTIONS

    Name				 Bytes   Attributes

  1 .bss                                   108 NOPIC CON REL LCL NOSHR NOEXE   RD   WRT QUAD
  2 .data                                  344 NOPIC CON REL LCL NOSHR NOEXE   RD   WRT QUAD
  3 .literal                                29   PIC CON REL LCL   SHR NOEXE   RD NOWRT QUAD
  4 .text                                 2748   PIC CON REL LCL   SHR   EXE NORD NOWRT QUAD
  5 _LOADSTEPITER                           16 NOPIC OVR REL GBL NOSHR NOEXE   RD   WRT OCTA
  6 .drectve                               212 NOPIC CON REL LCL NOSHR NOEXE NORD NOWRT QUAD
  7 .debug$T                                92 NOPIC CON REL LCL NOSHR NOEXE   RD NOWRT BYTE

    Total Space Allocated                 3549


ENTRY POINTS

 Address      Name                    
                                      
  4-00000000  FORMQUATERNION2ROTMATRIX


VARIABLES

 Address      Type  Name    Address      Type  Name    Address      Type  Name    Address      Type  Name  
                                                                                                           
  5-00000008  R*8   BRESET   5-00000000  I*4   ISTEP    1-00000048  R*8   Q12      1-00000018  R*8   Q33   
  2-00000130  R*8   HALF     1-00000064  I*4   J        1-00000040  R*8   Q13      1-00000010  R*8   Q34   
  1-00000060  I*4   I            **      I*4   NC       1-00000038  R*8   Q14      2-00000138  R*8   THREE 
  5-00000004  I*4   INUT         **      I*4   NQU      1-00000030  R*8   Q22      1-00000008  R*8   TRA   
      **      I*4   IOUT     2-00000148  R*8   ONE      1-00000028  R*8   Q23      2-00000140  R*8   TWO   
  1-00000068  I*4   IPRT     1-00000050  R*8   Q11      1-00000020  R*8   Q24      2-00000150  R*8   ZERO  


ARRAYS

 Address      Type  Name        Bytes  Dimensions

      **      R*8   A              **  (*, *)
      **      R*8   QU             **  (*)



FORMQUATERNION2ROTMATRIX        Source Listing                  16-Aug-2008 11:51:54  Compaq Visual Fortran 6.6-1684    Page 3
                                                                16-Aug-2008 11:51:54  Form_Quaternion2RotMatrix.f

LABELS

 Address      Label
                   
      **      10   

FORMQUATERNION2ROTMATRIX        Source Listing                  16-Aug-2008 11:51:54  Compaq Visual Fortran 6.6-1684    Page 4
                                                                16-Aug-2008 11:51:54  Form_Quaternion2RotMatrix.f

COMPILER OPTIONS BEING USED

  /noalign:commons                      /noalign:dcommons
  /align:records                        /noalign:sequence
  /noalign:rec1byte                     /noalign:rec2byte
  /noalign:rec4byte                     /noalign:rec8byte
  /altparam                             /noannotations:code
  /noannotations:detail                 /noannotations:feedback
  /noannotations:inlining               /noannotations:loop_transforms
  /noannotations:loop_unrolling         /noannotations:prefetching
  /noannotations:shrinkwrapping         /noannotations:software_pipelining
  /noannotations:tail_calls             /noannotations:tail_recursion
  /arch:generic                         /noasmattributes:machine
  /noasmattributes:source               /assume:accuracy_sensitive
  /noassume:buffered_io                 /noassume:byterecl
  /noassume:dummy_aliases               /noassume:minus0
  /assume:protect_constants             /assume:source_include
  /noassume:underscore                  /noassume:2underscores
  /noautomatic                          /nobintext
  /ccdefault:default                    /nocheck:arg_temp_created
  /check:bounds                         /check:flawed_pentium
  /nocheck:format                       /nocheck:output_conversion
  /nocheck:overflow                     /nocheck:power
  /nocheck:underflow                    /convert:native
  /D:_WIN32=1                           /D:_DF_VER=660
  /D:_VF_VER=660                        /D:_X86_=1
  /D:_M_IX86=500                        /D:_INTEGRAL_MAX_BITS=32
  /double_size:64                       /nod_lines
  /error_limit:30                       /extend_source:72
  /nof66                                /nof77rtl
  /nofast                               /nofltconsist
  /nofpscomp:filesfromcmd               /nofpscomp:general
  /nofpscomp:ioformat                   /nofpscomp:ldio_spacing
  /fpscomp:libs                         /nofpscomp:logicals
  /fixed                                /nofpconstant
  /fpe3                                 /g2
  /Gt0                                  /iface:stdref
  /nointconstant                        /integer_size:32
  /libdir:automatic                     /libdir:user
  /nolibs_dll                           /nomachine_code
  /math_library:check                   /mixed_str_len_arg
  /module:Debug/                        /names:uppercase
  /nonoinclude                          /O0
  /inline:none                          /notransform_loops
  /nopipeline                           /tune:generic
  /unroll:0                             /nopad_source
  /real_size:32                         /norecursive
  /reentrancy:none                      /noshow:include
  /show:map                             /stand:none
  /nosyntax_only                        /traceback
  /novms                                /warn:alignments
  /warn:argument_checking               /nowarn:declarations
  /nowarn:errors                        /warn:general
  /nowarn:granularity                   /nowarn:ignore_loc
  /nowarn:stderrors                     /nowarn:truncated_source
  /warn:uncalled                        /warn:uninitialized
  /nowarn:unused                        /warn:usage

FORMQUATERNION2ROTMATRIX        Source Listing                  16-Aug-2008 11:51:54  Compaq Visual Fortran 6.6-1684    Page 5
                                                                16-Aug-2008 11:51:54  Form_Quaternion2RotMatrix.f

  /I         path : C:\drProjects\drThe Book Examples\Shell_6_Curv_Any_DYNAMIC\,C:\Program Files\ArrayVisualizer\Include\,
           C:\Program Files\Microsoft Visual Studio\DF98\CXML\Include\,C:\Program Files\Microsoft Visual Studio\DF98\IMSL\Include\,
           C:\Program Files\Microsoft Visual Studio\VC98\Include\,C:\Program Files\Microsoft Visual Studio\DF98\Include\,
           C:\PROGRAM FILES\MICROSOFT VISUAL STUDIO\COMMON\,C:\PROGRAM FILES\MICROSOFT VISUAL STUDIO\VC98\MFC\INCLUDE\
  /V         filename : Debug/Form_Quaternion2RotMatrix.lst
  /o         filename : Debug/Form_Quaternion2RotMatrix.obj
  /nobrowser
  /Fd        filename : Debug/DF60.PDB

COMPILER: Compaq Visual Fortran 6.6-1684-47B6E

COMPILATION STATISTICS

  CPU time:          0.03 seconds
  Elapsed time:      0.03 seconds
  Pagefaults:           0
  I/O Count:            0
