FORM_GYRO_MATRIX                Source Listing                   1-Sep-2008 11:50:04  Compaq Visual Fortran 6.6-1684    Page 1
                                                                 1-Sep-2008 11:50:04  Form_GyroMatrix.f

	      1 	Subroutine Form_Gyro_Matrix(W,Wd,Td,XG,nS,nD,Iout)
	      2 !	----------------------------------------------------------------------------- S Matrix
	      3 !	XMass		= Mass matrix = (6x6)  Symmetric
	      4 !				= |TMass*I		0              |
	      5 !				  |  0		RMass*W_Transpose*W|
	      6 !	----------------------------------------------------------------------------- 
	      7 !	Inputs
	      8 !		nD		= 6
	      9 !		nS		= 3
	     10 !		W		= (nS,nS)	linearized rot. Xformation matrix
	     11 !		Td		= (nS)		Current ThetaDot
	     12 !		TMass	= Translational Mass density	
	     13 !		RMass	= Rotational Mass density	
	     14 !	Outputs 
	     15 !		XM		= Mass Matrix: XM(6,6)
	     16 !	------------------------------------------------------------
	     17 
	     18 	Implicit Real(kind=8) (a-h,o-z)
	     19 !
	     20 	include 'mass.h'
	     21 
	     22 !
	     24 	Real(kind=8)	W       ,Wd       ,XG       ,TG       ,RG                
	     25 	Dimension		W(nS,nS),Wd(nS,nS),XG(nD,nD),TG(nS,nS),RG(nS,nS)
	     26 	Real(kind=8)	Td      
	     27 	Dimension		Td(nS)
	     28 	DATA zero/0.D0/,one/1.0D0/,two/2.0D0/,three/3.0D0/ 
	     29 !	------------------------------------------------------ TransGyroMatrix
	     30 	call Form_TranGyro_Matrix(TG,TMass,nS,Iout)
	     31 !	------------------------------------------------------ RotGyroMatrix
	     32 	call Form_RotGyro_Matrix(W,Wd,Td,RG,RMass,nS,Iout)
	     33 !	------------------------------------------------------ Gyro Matrix
	     34 	XG = 0.D0
	     35 !
	     36 	do ix = 1,3
	     37 		do jx = 1,3
	     38 			XG(ix,jx) = TG(ix,jx)
	     39 		end do
	     40 	end do
	     41 !
	     42 	do ix = 1,3
	     43 		do jx = 1,3
	     44 			XG(ix+nS,jx+nS) = RG(ix,jx)
	     45 		end do
	     46 	end do
	     47 !---------------------------------------------------------- Write:
	     48 	iPrt = 0
	     49 	if (iPrt == 1) Then
	     50 		write(Iout,1010) (i,(XG(i,j),j = 1,nD),i=1,nD)
	     51 	endif
	     52 !----------------------------------------------------------
	     53 	return
	     54 !
	     55  1000	format(A,I5,A)
	     56  1010 format("Gyroscopic Matrix XG(6,6)"/
	     57      &        (I5,3(3(f10.7,1X)/)))
	     58 	end

FORM_GYRO_MATRIX                Source Listing                   1-Sep-2008 11:50:04  Compaq Visual Fortran 6.6-1684    Page 2
                                                                 1-Sep-2008 11:50:04  Form_GyroMatrix.f



PROGRAM SECTIONS

    Name				 Bytes   Attributes

  1 .bss                                    32 NOPIC CON REL LCL NOSHR NOEXE   RD   WRT QUAD
  2 .data                                  176 NOPIC CON REL LCL NOSHR NOEXE   RD   WRT QUAD
  3 .literal                                32   PIC CON REL LCL   SHR NOEXE   RD NOWRT QUAD
  4 .text                                 1754   PIC CON REL LCL   SHR   EXE NORD NOWRT QUAD
  5 _MASS                                   24 NOPIC OVR REL GBL NOSHR NOEXE   RD   WRT OCTA
  6 .drectve                               212 NOPIC CON REL LCL NOSHR NOEXE NORD NOWRT QUAD
  7 .debug$T                                92 NOPIC CON REL LCL NOSHR NOEXE   RD NOWRT BYTE

    Total Space Allocated                 2322


ENTRY POINTS

 Address      Name            
                              
  4-00000000  FORM_GYRO_MATRIX


VARIABLES

 Address      Type  Name     Address      Type  Name     Address      Type  Name     Address      Type  Name   
                                                                                                               
  5-00000000  R*8   DENSITY   1-0000001C  I*4   IX            **      I*4   NS        5-00000008  R*8   TMASS  
  1-00000010  I*4   I         1-0000000C  I*4   J         2-000000A0  R*8   ONE       2-00000098  R*8   TWO    
      **      I*4   IOUT      1-00000018  I*4   JX        5-00000010  R*8   RMASS     2-000000A8  R*8   ZERO   
  1-00000014  I*4   IPRT          **      I*4   ND        2-00000090  R*8   THREE                              


ARRAYS

 Address      Type  Name        Bytes  Dimensions

      **      R*8   RG             **  (*, *)
      **      R*8   TD             **  (*)
      **      R*8   TG             **  (*, *)
      **      R*8   W              **  (*, *)
      **      R*8   WD             **  (*, *)
      **      R*8   XG             **  (*, *)

FORM_GYRO_MATRIX                Source Listing                   1-Sep-2008 11:50:04  Compaq Visual Fortran 6.6-1684    Page 3
                                                                 1-Sep-2008 11:50:04  Form_GyroMatrix.f

COMPILER OPTIONS BEING USED

  /noalign:commons                      /noalign:dcommons
  /align:records                        /noalign:sequence
  /noalign:rec1byte                     /noalign:rec2byte
  /noalign:rec4byte                     /noalign:rec8byte
  /altparam                             /noannotations:code
  /noannotations:detail                 /noannotations:feedback
  /noannotations:inlining               /noannotations:loop_transforms
  /noannotations:loop_unrolling         /noannotations:prefetching
  /noannotations:shrinkwrapping         /noannotations:software_pipelining
  /noannotations:tail_calls             /noannotations:tail_recursion
  /arch:generic                         /noasmattributes:machine
  /noasmattributes:source               /assume:accuracy_sensitive
  /noassume:buffered_io                 /noassume:byterecl
  /noassume:dummy_aliases               /noassume:minus0
  /assume:protect_constants             /assume:source_include
  /noassume:underscore                  /noassume:2underscores
  /noautomatic                          /nobintext
  /ccdefault:default                    /nocheck:arg_temp_created
  /check:bounds                         /check:flawed_pentium
  /nocheck:format                       /nocheck:output_conversion
  /nocheck:overflow                     /nocheck:power
  /nocheck:underflow                    /convert:native
  /D:_WIN32=1                           /D:_DF_VER=660
  /D:_VF_VER=660                        /D:_X86_=1
  /D:_M_IX86=500                        /D:_INTEGRAL_MAX_BITS=32
  /double_size:64                       /nod_lines
  /error_limit:30                       /extend_source:72
  /nof66                                /nof77rtl
  /nofast                               /nofltconsist
  /nofpscomp:filesfromcmd               /nofpscomp:general
  /nofpscomp:ioformat                   /nofpscomp:ldio_spacing
  /fpscomp:libs                         /nofpscomp:logicals
  /fixed                                /nofpconstant
  /fpe3                                 /g2
  /Gt0                                  /iface:stdref
  /nointconstant                        /integer_size:32
  /libdir:automatic                     /libdir:user
  /nolibs_dll                           /nomachine_code
  /math_library:check                   /mixed_str_len_arg
  /module:Debug/                        /names:uppercase
  /nonoinclude                          /O0
  /inline:none                          /notransform_loops
  /nopipeline                           /tune:generic
  /unroll:0                             /nopad_source
  /real_size:32                         /norecursive
  /reentrancy:none                      /noshow:include
  /show:map                             /stand:none
  /nosyntax_only                        /traceback
  /novms                                /warn:alignments
  /warn:argument_checking               /nowarn:declarations
  /nowarn:errors                        /warn:general
  /nowarn:granularity                   /nowarn:ignore_loc
  /nowarn:stderrors                     /nowarn:truncated_source
  /warn:uncalled                        /warn:uninitialized
  /nowarn:unused                        /warn:usage

FORM_GYRO_MATRIX                Source Listing                   1-Sep-2008 11:50:04  Compaq Visual Fortran 6.6-1684    Page 4
                                                                 1-Sep-2008 11:50:04  Form_GyroMatrix.f

  /I         path : C:\drProjects\drThe Book Examples\Shell_6_Curv_Any_DYNAMIC\,C:\Program Files\ArrayVisualizer\Include\,
           C:\Program Files\Microsoft Visual Studio\DF98\CXML\Include\,C:\Program Files\Microsoft Visual Studio\DF98\IMSL\Include\,
           C:\Program Files\Microsoft Visual Studio\VC98\Include\,C:\Program Files\Microsoft Visual Studio\DF98\Include\,
           C:\PROGRAM FILES\MICROSOFT VISUAL STUDIO\COMMON\,C:\PROGRAM FILES\MICROSOFT VISUAL STUDIO\VC98\MFC\INCLUDE\
  /V         filename : Debug/Form_GyroMatrix.lst
  /o         filename : Debug/Form_GyroMatrix.obj
  /nobrowser
  /Fd        filename : Debug/DF60.PDB

COMPILER: Compaq Visual Fortran 6.6-1684-47B6E

COMPILATION STATISTICS

  CPU time:          0.02 seconds
  Elapsed time:      0.01 seconds
  Pagefaults:           0
  I/O Count:            0
