FORM_MASS_MATRIX                Source Listing                   1-Sep-2008 10:34:51  Compaq Visual Fortran 6.6-1684    Page 1
                                                                 1-Sep-2008 10:33:11  Form_MassMatrix.f

	      1 	Subroutine Form_Mass_Matrix(W,XM,nS,nD,Iout)
	      2 !	----------------------------------------------------------------------------- S Matrix
	      3 !	XMass		= Mass matrix = (6x6)  Symmetric
	      4 !				= |TMass*I		0              |
	      5 !				  |  0		RMass*W_Transpose*W|
	      6 !	----------------------------------------------------------------------------- 
	      7 !	Inputs
	      8 !		nD		= 6
	      9 !		nS		= 3
	     10 !		W		= (nS,nS) linearized rot. Xformation matrix
	     11 !		TMass	= Translational Mass density	
	     12 !		RMass	= Rotational Mass density	
	     13 !	Outputs 
	     14 !		XM		= Mass Matrix: XM(6,6)
	     15 !	------------------------------------------------------------
	     16 
	     17 	Implicit Real(kind=8) (a-h,o-z)
	     18 !
	     19 	include 'mass.h'
	     20 
	     21 !
	     23 	Real(kind=8)	W       ,XM       ,TM       ,RM                
	     24 	Dimension		W(nS,nS),XM(nD,nD),TM(nS,nS),RM(nS,nS)
	     25 	DATA zero/0.D0/,one/1.0D0/,two/2.0D0/,three/3.0D0/ 
	     26 !	------------------------------------------------------ TransMassMatrix
	     27 	call Form_TranMass_Matrix(TM,TMass,nS,Iout)
	     28 !	------------------------------------------------------ RotMassMatrix
	     29 	call Form_RotMass_Matrix(W,RM,RMass,nS,Iout)
	     30 !	------------------------------------------------------ Translational Mass
	     31 	XM = 0.D0
	     32 !
	     33 	do ix = 1,3
	     34 		do jx = 1,3
	     35 			XM(ix,jx) = TM(ix,jx)
	     36 		end do
	     37 	end do
	     38 !
	     39 	do ix = 1,3
	     40 		do jx = 1,3
	     41 			XM(ix+nS,jx+nS) = RM(ix,jx)
	     42 		end do
	     43 	end do
	     44 !---------------------------------------------------------- Write:
	     45 	iPrt = 0
	     46 	if (iPrt == 1) Then
	     47 		write(Iout,1010) (i,(XM(i,j),j = 1,nD),i=1,nD)
	     48 	endif
	     49 !----------------------------------------------------------
	     50 	return
	     51 !
	     52  1000	format(A,I5,A)
	     53  1010 format("Translational Mass Matrix XM(6,6)"/
	     54      &        (I5,3(3(f10.7,1X)/)))
	     55 	end

FORM_MASS_MATRIX                Source Listing                   1-Sep-2008 10:34:51  Compaq Visual Fortran 6.6-1684    Page 2
                                                                 1-Sep-2008 10:33:11  Form_MassMatrix.f



PROGRAM SECTIONS

    Name				 Bytes   Attributes

  1 .bss                                    32 NOPIC CON REL LCL NOSHR NOEXE   RD   WRT QUAD
  2 .data                                  184 NOPIC CON REL LCL NOSHR NOEXE   RD   WRT QUAD
  3 .literal                                32   PIC CON REL LCL   SHR NOEXE   RD NOWRT QUAD
  4 .text                                 1603   PIC CON REL LCL   SHR   EXE NORD NOWRT QUAD
  5 _MASS                                   24 NOPIC OVR REL GBL NOSHR NOEXE   RD   WRT OCTA
  6 .drectve                               212 NOPIC CON REL LCL NOSHR NOEXE NORD NOWRT QUAD
  7 .debug$T                                92 NOPIC CON REL LCL NOSHR NOEXE   RD NOWRT BYTE

    Total Space Allocated                 2179


ENTRY POINTS

 Address      Name            
                              
  4-00000000  FORM_MASS_MATRIX


VARIABLES

 Address      Type  Name     Address      Type  Name     Address      Type  Name     Address      Type  Name   
                                                                                                               
  5-00000000  R*8   DENSITY   1-0000001C  I*4   IX            **      I*4   NS        5-00000008  R*8   TMASS  
  1-00000010  I*4   I         1-0000000C  I*4   J         2-000000A8  R*8   ONE       2-000000A0  R*8   TWO    
      **      I*4   IOUT      1-00000018  I*4   JX        5-00000010  R*8   RMASS     2-000000B0  R*8   ZERO   
  1-00000014  I*4   IPRT          **      I*4   ND        2-00000098  R*8   THREE                              


ARRAYS

 Address      Type  Name        Bytes  Dimensions

      **      R*8   RM             **  (*, *)
      **      R*8   TM             **  (*, *)
      **      R*8   W              **  (*, *)
      **      R*8   XM             **  (*, *)

FORM_MASS_MATRIX                Source Listing                   1-Sep-2008 10:34:51  Compaq Visual Fortran 6.6-1684    Page 3
                                                                 1-Sep-2008 10:33:11  Form_MassMatrix.f

COMPILER OPTIONS BEING USED

  /noalign:commons                      /noalign:dcommons
  /align:records                        /noalign:sequence
  /noalign:rec1byte                     /noalign:rec2byte
  /noalign:rec4byte                     /noalign:rec8byte
  /altparam                             /noannotations:code
  /noannotations:detail                 /noannotations:feedback
  /noannotations:inlining               /noannotations:loop_transforms
  /noannotations:loop_unrolling         /noannotations:prefetching
  /noannotations:shrinkwrapping         /noannotations:software_pipelining
  /noannotations:tail_calls             /noannotations:tail_recursion
  /arch:generic                         /noasmattributes:machine
  /noasmattributes:source               /assume:accuracy_sensitive
  /noassume:buffered_io                 /noassume:byterecl
  /noassume:dummy_aliases               /noassume:minus0
  /assume:protect_constants             /assume:source_include
  /noassume:underscore                  /noassume:2underscores
  /noautomatic                          /nobintext
  /ccdefault:default                    /nocheck:arg_temp_created
  /check:bounds                         /check:flawed_pentium
  /nocheck:format                       /nocheck:output_conversion
  /nocheck:overflow                     /nocheck:power
  /nocheck:underflow                    /convert:native
  /D:_WIN32=1                           /D:_DF_VER=660
  /D:_VF_VER=660                        /D:_X86_=1
  /D:_M_IX86=500                        /D:_INTEGRAL_MAX_BITS=32
  /double_size:64                       /nod_lines
  /error_limit:30                       /extend_source:72
  /nof66                                /nof77rtl
  /nofast                               /nofltconsist
  /nofpscomp:filesfromcmd               /nofpscomp:general
  /nofpscomp:ioformat                   /nofpscomp:ldio_spacing
  /fpscomp:libs                         /nofpscomp:logicals
  /fixed                                /nofpconstant
  /fpe3                                 /g2
  /Gt0                                  /iface:stdref
  /nointconstant                        /integer_size:32
  /libdir:automatic                     /libdir:user
  /nolibs_dll                           /nomachine_code
  /math_library:check                   /mixed_str_len_arg
  /module:Debug/                        /names:uppercase
  /nonoinclude                          /O0
  /inline:none                          /notransform_loops
  /nopipeline                           /tune:generic
  /unroll:0                             /nopad_source
  /real_size:32                         /norecursive
  /reentrancy:none                      /noshow:include
  /show:map                             /stand:none
  /nosyntax_only                        /traceback
  /novms                                /warn:alignments
  /warn:argument_checking               /nowarn:declarations
  /nowarn:errors                        /warn:general
  /nowarn:granularity                   /nowarn:ignore_loc
  /nowarn:stderrors                     /nowarn:truncated_source
  /warn:uncalled                        /warn:uninitialized
  /nowarn:unused                        /warn:usage

FORM_MASS_MATRIX                Source Listing                   1-Sep-2008 10:34:51  Compaq Visual Fortran 6.6-1684    Page 4
                                                                 1-Sep-2008 10:33:11  Form_MassMatrix.f

  /I         path : C:\drProjects\drThe Book Examples\Shell_6_Curv_Any_DYNAMIC\,C:\Program Files\ArrayVisualizer\Include\,
           C:\Program Files\Microsoft Visual Studio\DF98\CXML\Include\,C:\Program Files\Microsoft Visual Studio\DF98\IMSL\Include\,
           C:\Program Files\Microsoft Visual Studio\VC98\Include\,C:\Program Files\Microsoft Visual Studio\DF98\Include\,
           C:\PROGRAM FILES\MICROSOFT VISUAL STUDIO\COMMON\,C:\PROGRAM FILES\MICROSOFT VISUAL STUDIO\VC98\MFC\INCLUDE\
  /V         filename : Debug/Form_MassMatrix.lst
  /o         filename : Debug/Form_MassMatrix.obj
  /nobrowser
  /Fd        filename : Debug/DF60.PDB

COMPILER: Compaq Visual Fortran 6.6-1684-47B6E

COMPILATION STATISTICS

  CPU time:          0.02 seconds
  Elapsed time:      0.02 seconds
  Pagefaults:           0
  I/O Count:            0
