FORMROT2QUATERNION              Source Listing                  16-Aug-2008 10:27:39  Compaq Visual Fortran 6.6-1684    Page 1
                                                                16-Aug-2008 10:27:39  Form_Rot2Quaternion.f

	      1 	Subroutine FormRot2Quaternion(Ro,Qu,nC,nQu,Iout)
	      2 !	----------------------------------------------------------------------------- 
	      3 !	Inputs
	      4 !		Ro(nC)			= theta-Rotation vector
	      5 !		nC				= 3
	      6 ! 	
	      7 !	Outputs 
	      8 !		A(nC,nC)		= Rotation Matrix
	      9 !	------------------------------------------------------------
	     10 
	     11 	Implicit Real(kind=8) (a-h,o-z)
	     12 !
	     13 	include 'LoadStepIter.h'
	     14 
	     16 	Real(kind=8)	Ro    ,Qu                       
	     17 	Dimension		Ro(nC),Qu(nQu)
	     18 !
	     19 	DATA zero/0.D0/,one/1.0D0/,two/2.0D0/,three/3.0D0/,half/0.5D0/ 
	     20 !----------------------------------------------------------------------- Check theta = 0
	     21 	call VectorNorm(Ro,tNorm,nC,Iout)
	     22 !	----------------
	     23 	if(tNorm == zero) Then
	     24 		Qu = zero
	     25 		Qu(4) = one			! Identity Matrix
	     26 		b = zero
	     27 		go to 10
	     28 	endif
	     29 !----------------------------------------------------------------------- Form Rodrigue's Vector
	     30 	sint = DSIN(half*tNorm)		!= sin(||theta||/2)
	     31 	cost = DCOS(half*tNorm)		!= sin(||theta||/2)
	     32 !
	     33 !----------------------------------------------------------------------- Form Qu(aternion)
	     34 	Qu(1) = sint*Ro(1)/tNorm
	     35 	Qu(2) = sint*Ro(2)/tNorm
	     36 	Qu(3) = sint*Ro(3)/tNorm
	     37 	Qu(4) = cost
	     38 !	----------------------------------------------------- 
	     39    10 continue
	     40 !	------------------------------
	     41    	iPrt = 0
	     42 	if (iPrt == 1) Then
	     43 		write(Iout,1040) tNorm
	     44 	endif
	     45 !---------------------------------------------------------- Write:
	     46 	iPrt = 0
	     47 	if((iStep == 1).AND.(iNut == 2)) Then
	     48 		iPrt = 0
	     49 	endif
	     50 	if (iPrt == 1) Then
	     51 		write(Iout,1010) (Ro(j),j = 1,nC)
	     52 		write(Iout,1020) (Qu(j),j = 1,nQu)
	     53 	endif
	     54 !----------------------------------------------------------
	     55 	return
	     56 !
	     57  1000	format(A,I5,A)
	     58  1010 format(1X,"Current Rotation Axis vector: Theta(3)"/2X,3(f10.7,1X))

FORMROT2QUATERNION              Source Listing                  16-Aug-2008 10:27:39  Compaq Visual Fortran 6.6-1684    Page 2
                                                                16-Aug-2008 10:27:39  Form_Rot2Quaternion.f

	     59  1020 format(1X,"Current Quaternion vector: Qu(4)"/2X,4(f10.7,1X))
	     60  1040 format(/1X,"tNorm = ", f16.7/)
	     61 	end


PROGRAM SECTIONS

    Name				 Bytes   Attributes

  1 .bss                                    56 NOPIC CON REL LCL NOSHR NOEXE   RD   WRT QUAD
  2 .data                                  344 NOPIC CON REL LCL NOSHR NOEXE   RD   WRT QUAD
  3 .literal                                21   PIC CON REL LCL   SHR NOEXE   RD NOWRT QUAD
  4 .text                                 1127   PIC CON REL LCL   SHR   EXE NORD NOWRT QUAD
  5 _LOADSTEPITER                           16 NOPIC OVR REL GBL NOSHR NOEXE   RD   WRT OCTA
  6 .drectve                               212 NOPIC CON REL LCL NOSHR NOEXE NORD NOWRT QUAD
  7 .debug$T                                92 NOPIC CON REL LCL NOSHR NOEXE   RD NOWRT BYTE

    Total Space Allocated                 1868


ENTRY POINTS

 Address      Name              
                                
  4-00000000  FORMROT2QUATERNION


VARIABLES

 Address      Type  Name    Address      Type  Name    Address      Type  Name    Address      Type  Name  
                                                                                                           
  1-00000018  R*8   B            **      I*4   IOUT         **      I*4   NQU      2-00000140  R*8   TWO   
  5-00000008  R*8   BRESET   1-00000034  I*4   IPRT     2-00000148  R*8   ONE      2-00000150  R*8   ZERO  
  1-00000008  R*8   COST     5-00000000  I*4   ISTEP    1-00000010  R*8   SINT                             
  2-00000130  R*8   HALF     1-00000030  I*4   J        2-00000138  R*8   THREE                            
  5-00000004  I*4   INUT         **      I*4   NC       1-00000020  R*8   TNORM                            


ARRAYS

 Address      Type  Name        Bytes  Dimensions

      **      R*8   QU             **  (*)
      **      R*8   RO             **  (*)


LABELS

 Address      Label
                   
  4-00000249  10   

FORMROT2QUATERNION              Source Listing                  16-Aug-2008 10:27:39  Compaq Visual Fortran 6.6-1684    Page 3
                                                                16-Aug-2008 10:27:39  Form_Rot2Quaternion.f

COMPILER OPTIONS BEING USED

  /noalign:commons                      /noalign:dcommons
  /align:records                        /noalign:sequence
  /noalign:rec1byte                     /noalign:rec2byte
  /noalign:rec4byte                     /noalign:rec8byte
  /altparam                             /noannotations:code
  /noannotations:detail                 /noannotations:feedback
  /noannotations:inlining               /noannotations:loop_transforms
  /noannotations:loop_unrolling         /noannotations:prefetching
  /noannotations:shrinkwrapping         /noannotations:software_pipelining
  /noannotations:tail_calls             /noannotations:tail_recursion
  /arch:generic                         /noasmattributes:machine
  /noasmattributes:source               /assume:accuracy_sensitive
  /noassume:buffered_io                 /noassume:byterecl
  /noassume:dummy_aliases               /noassume:minus0
  /assume:protect_constants             /assume:source_include
  /noassume:underscore                  /noassume:2underscores
  /noautomatic                          /nobintext
  /ccdefault:default                    /nocheck:arg_temp_created
  /check:bounds                         /check:flawed_pentium
  /nocheck:format                       /nocheck:output_conversion
  /nocheck:overflow                     /nocheck:power
  /nocheck:underflow                    /convert:native
  /D:_WIN32=1                           /D:_DF_VER=660
  /D:_VF_VER=660                        /D:_X86_=1
  /D:_M_IX86=500                        /D:_INTEGRAL_MAX_BITS=32
  /double_size:64                       /nod_lines
  /error_limit:30                       /extend_source:72
  /nof66                                /nof77rtl
  /nofast                               /nofltconsist
  /nofpscomp:filesfromcmd               /nofpscomp:general
  /nofpscomp:ioformat                   /nofpscomp:ldio_spacing
  /fpscomp:libs                         /nofpscomp:logicals
  /fixed                                /nofpconstant
  /fpe3                                 /g2
  /Gt0                                  /iface:stdref
  /nointconstant                        /integer_size:32
  /libdir:automatic                     /libdir:user
  /nolibs_dll                           /nomachine_code
  /math_library:check                   /mixed_str_len_arg
  /module:Debug/                        /names:uppercase
  /nonoinclude                          /O0
  /inline:none                          /notransform_loops
  /nopipeline                           /tune:generic
  /unroll:0                             /nopad_source
  /real_size:32                         /norecursive
  /reentrancy:none                      /noshow:include
  /show:map                             /stand:none
  /nosyntax_only                        /traceback
  /novms                                /warn:alignments
  /warn:argument_checking               /nowarn:declarations
  /nowarn:errors                        /warn:general
  /nowarn:granularity                   /nowarn:ignore_loc
  /nowarn:stderrors                     /nowarn:truncated_source
  /warn:uncalled                        /warn:uninitialized
  /nowarn:unused                        /warn:usage

FORMROT2QUATERNION              Source Listing                  16-Aug-2008 10:27:39  Compaq Visual Fortran 6.6-1684    Page 4
                                                                16-Aug-2008 10:27:39  Form_Rot2Quaternion.f

  /I         path : C:\drProjects\drThe Book Examples\Shell_6_Curv_Any_DYNAMIC\,C:\Program Files\ArrayVisualizer\Include\,
           C:\Program Files\Microsoft Visual Studio\DF98\CXML\Include\,C:\Program Files\Microsoft Visual Studio\DF98\IMSL\Include\,
           C:\Program Files\Microsoft Visual Studio\VC98\Include\,C:\Program Files\Microsoft Visual Studio\DF98\Include\,
           C:\PROGRAM FILES\MICROSOFT VISUAL STUDIO\COMMON\,C:\PROGRAM FILES\MICROSOFT VISUAL STUDIO\VC98\MFC\INCLUDE\
  /V         filename : Debug/Form_Rot2Quaternion.lst
  /o         filename : Debug/Form_Rot2Quaternion.obj
  /nobrowser
  /Fd        filename : Debug/DF60.PDB

COMPILER: Compaq Visual Fortran 6.6-1684-47B6E

COMPILATION STATISTICS

  CPU time:          0.01 seconds
  Elapsed time:      0.02 seconds
  Pagefaults:           0
  I/O Count:            0
