FORM_RESIDUAL_EXTERNAL_STATIC   Source Listing                   3-Sep-2008 11:25:52  Compaq Visual Fortran 6.6-1684    Page 1
                                                                 3-Sep-2008 11:25:49  Form_Residual_External_DYNAMIC.f

	      1 	Subroutine Form_Residual_External_Static(RExt,SKLM,TMat,
	      2      &							nDof,nStifEL,Iout)
	      3 !	----------------------------------------------------------------------------- S Matrix
	      4 !	RExt		= External Residual Vector: BODY FORCE ONLY because of
	      5 !						the way the arc length constraint is treated in iteration
	      6 !				= dbarTrans*Tmass*TAcc + ThetaBarTrans*RMass*(Wtrans*RAcc 
	      7 !	----------------------------------------------------------------------------- 
	      8 !	Inputs
	      9 !		nDof	= Nodal DOF = 6
	     10 !		nStifel	= Total Element DOF 
	     11 !		TMat	= Control Transformation Matrix: TMat(nDof,nStifEL)		
	     12 !		SKLM	= kLamda Stiffness Vector: SKLM(nStifEL)	
	     13 !	Outputs 
	     14 !		RExt	= External Body Force Only Residual Vector: RExt(nStifEL) at Integration Pt.
	     15 !	------------------------------------------------------------
	     16 !		BF		= Nodal Body Force Vector: BF(nDof)	
	     17 !		dBF		= Nodal Body Force Derivative Vector: dBF(nDof)	
	     18 
	     19 	Implicit Real(kind=8) (a-h,o-z)
	     20 !
	     21 !	include 'mass.h'
	     22 !
	     23 	Real(kind=8)	BF      ,dBF      ,SKLM
	     24 	Dimension		BF(nDof),dBF(nDof),SKLM(nStifEL)
	     25 	Real(kind=8)	RExt         ,TMat                                                                          
	     25      
	     26 	Dimension		RExt(nStifEL),TMat(nDof,nStifEL)
	     27 	DATA zero/0.D0/,one/1.0D0/,two/2.0D0/,three/3.0D0/ 
	     28 !--------------------------------------------------------------------- Subtract Ttrans_FB
	     29 !	applied body forces associated with residual integral
	     30 !	call BodyForce(Ri,BFN,BFQ,BFM,1)		! 1= residual associated bodyforces
	     31 !	-----------------------------
	     32 	BF			= zero		! TEMPORARILY
	     33 !	----------------
	     34 !	BVEC		= BVEC - MATMUL(TRANSPOSE(TMat),BF) ! will add when BF is nonzero *******
	     35 !--------------------------------------------------------------------- kLamda Stiffness Vector
	     36 !															
	     36 		 associated with Matrix A
	     37 !	derivative associated with kLamda stiffness integral
	     38 !	call BodyForce(Ri,BFN,BFQ,BFM,2)		! 2= kLambda associated derivative
	     39 !	-----------------------------
	     40 	dBF = zero		! TEMPORARILY
	     41 !	----------------
	     42 	SKLM = zero
	     43 !	SKLM = MATMUL(TRANSPOSE(TMat),dBF)				! will add when dBF is nonzero *******	
	     44 !	------------------------------------------------------ Residual Internal
	     45 	RExt		= MATMUL(TRANSPOSE(TMat),BF) ! will add when BF is nonzero *******
	     46 !---------------------------------------------------------- Write:
	     47 	iPrt = 0
	     48 	call DumpRealArray(RExt,nStifEL,"Res_Ext_STAT",iPrt,iOut)
	     49 !----------------------------------------------------------
	     50 	return
	     51 !
	     52 	end

FORM_RESIDUAL_EXTERNAL_STATIC   Source Listing                   3-Sep-2008 11:25:52  Compaq Visual Fortran 6.6-1684    Page 2
                                                                 3-Sep-2008 11:25:49  Form_Residual_External_DYNAMIC.f



PROGRAM SECTIONS

    Name				 Bytes   Attributes

  1 .bss                                    16 NOPIC CON REL LCL NOSHR NOEXE   RD   WRT QUAD
  2 .data                                   40 NOPIC CON REL LCL NOSHR NOEXE   RD   WRT QUAD
  3 .literal                                24   PIC CON REL LCL   SHR NOEXE   RD NOWRT QUAD
  4 .text                                 1019   PIC CON REL LCL   SHR   EXE NORD NOWRT QUAD
  5 .drectve                               212 NOPIC CON REL LCL NOSHR NOEXE NORD NOWRT QUAD
  6 .debug$T                                92 NOPIC CON REL LCL NOSHR NOEXE   RD NOWRT BYTE

    Total Space Allocated                 1403


ENTRY POINTS

 Address      Name                         
                                           
  4-00000000  FORM_RESIDUAL_EXTERNAL_STATIC


VARIABLES

 Address      Type  Name     Address      Type  Name     Address      Type  Name     Address      Type  Name   
                                                                                                               
      **      I*4   IOUT          **      I*4   NDOF      2-00000018  R*8   ONE       2-00000010  R*8   TWO    
  1-0000000C  I*4   IPRT          **      I*4   NSTIFEL   2-00000008  R*8   THREE     2-00000020  R*8   ZERO   


ARRAYS

 Address      Type  Name        Bytes  Dimensions

      **      R*8   BF             **  (*)
      **      R*8   DBF            **  (*)
      **      R*8   REXT           **  (*)
      **      R*8   SKLM           **  (*)
      **      R*8   TMAT           **  (*, *)

FORM_RESIDUAL_EXTERNAL_STATIC   Source Listing                   3-Sep-2008 11:25:52  Compaq Visual Fortran 6.6-1684    Page 3
                                                                 3-Sep-2008 11:25:49  Form_Residual_External_DYNAMIC.f

COMPILER OPTIONS BEING USED

  /noalign:commons                      /noalign:dcommons
  /align:records                        /noalign:sequence
  /noalign:rec1byte                     /noalign:rec2byte
  /noalign:rec4byte                     /noalign:rec8byte
  /altparam                             /noannotations:code
  /noannotations:detail                 /noannotations:feedback
  /noannotations:inlining               /noannotations:loop_transforms
  /noannotations:loop_unrolling         /noannotations:prefetching
  /noannotations:shrinkwrapping         /noannotations:software_pipelining
  /noannotations:tail_calls             /noannotations:tail_recursion
  /arch:generic                         /noasmattributes:machine
  /noasmattributes:source               /assume:accuracy_sensitive
  /noassume:buffered_io                 /noassume:byterecl
  /noassume:dummy_aliases               /noassume:minus0
  /assume:protect_constants             /assume:source_include
  /noassume:underscore                  /noassume:2underscores
  /noautomatic                          /nobintext
  /ccdefault:default                    /nocheck:arg_temp_created
  /check:bounds                         /check:flawed_pentium
  /nocheck:format                       /nocheck:output_conversion
  /nocheck:overflow                     /nocheck:power
  /nocheck:underflow                    /convert:native
  /D:_WIN32=1                           /D:_DF_VER=660
  /D:_VF_VER=660                        /D:_X86_=1
  /D:_M_IX86=500                        /D:_INTEGRAL_MAX_BITS=32
  /double_size:64                       /nod_lines
  /error_limit:30                       /extend_source:72
  /nof66                                /nof77rtl
  /nofast                               /nofltconsist
  /nofpscomp:filesfromcmd               /nofpscomp:general
  /nofpscomp:ioformat                   /nofpscomp:ldio_spacing
  /fpscomp:libs                         /nofpscomp:logicals
  /fixed                                /nofpconstant
  /fpe3                                 /g2
  /Gt0                                  /iface:stdref
  /nointconstant                        /integer_size:32
  /libdir:automatic                     /libdir:user
  /nolibs_dll                           /nomachine_code
  /math_library:check                   /mixed_str_len_arg
  /module:Debug/                        /names:uppercase
  /nonoinclude                          /O0
  /inline:none                          /notransform_loops
  /nopipeline                           /tune:generic
  /unroll:0                             /nopad_source
  /real_size:32                         /norecursive
  /reentrancy:none                      /noshow:include
  /show:map                             /stand:none
  /nosyntax_only                        /traceback
  /novms                                /warn:alignments
  /warn:argument_checking               /nowarn:declarations
  /nowarn:errors                        /warn:general
  /nowarn:granularity                   /nowarn:ignore_loc
  /nowarn:stderrors                     /nowarn:truncated_source
  /warn:uncalled                        /warn:uninitialized
  /nowarn:unused                        /warn:usage

FORM_RESIDUAL_EXTERNAL_STATIC   Source Listing                   3-Sep-2008 11:25:52  Compaq Visual Fortran 6.6-1684    Page 4
                                                                 3-Sep-2008 11:25:49  Form_Residual_External_DYNAMIC.f

  /I         path : C:\drProjects\drThe Book Examples\Shell_6_Curv_Any_DYNAMIC\,C:\Program Files\ArrayVisualizer\Include\,
           C:\Program Files\Microsoft Visual Studio\DF98\CXML\Include\,C:\Program Files\Microsoft Visual Studio\DF98\IMSL\Include\,
           C:\Program Files\Microsoft Visual Studio\VC98\Include\,C:\Program Files\Microsoft Visual Studio\DF98\Include\,
           C:\PROGRAM FILES\MICROSOFT VISUAL STUDIO\COMMON\,C:\PROGRAM FILES\MICROSOFT VISUAL STUDIO\VC98\MFC\INCLUDE\
  /V         filename : Debug/Form_Residual_External_DYNAMIC.lst
  /o         filename : Debug/Form_Residual_External_DYNAMIC.obj
  /nobrowser
  /Fd        filename : Debug/DF60.PDB

COMPILER: Compaq Visual Fortran 6.6-1684-47B6E

COMPILATION STATISTICS

  CPU time:          0.00 seconds
  Elapsed time:      0.00 seconds
  Pagefaults:           0
  I/O Count:            0
