SET_FILES                       Source Listing                  29-Aug-2008 16:01:42  Compaq Visual Fortran 6.6-1684    Page 1
                                                                29-Aug-2008 16:01:42  Set_Files.for

	      1 	Subroutine Set_Files()
	      2 	Implicit Real(kind=8) (a-h,o-z)
	      3 !-------------------------------------------- 
	      4 	include 'files.h'
	      5 !      common/files/	  iFileStiff,Iout,IoutDef,IoutEnd
	      6 !      common/files/     iFileStiff,Iout,IoutDef,IoutEnd,iRotCur
	      7       common/files/	  iFileStiff,Iout,IoutDef,IoutEnd,iRotCur,
	      8      &                iDatFile,IConFEA
	      9 	DATA zero/0.D0/,one/1.0D0/,two/2.0D0/ 
	     10 !-------------------------------------------- for Check with Quintic
	     11 	OPEN(UNIT=10,
	     12      &FILE='c:\drProjects\drThe Book Examples\
	     13      &TimeStep\MDDynamicEq\MDDynamicEq.dat')
	     14 	OPEN(UNIT=3,
	     15      &FILE='c:\drProjects\drThe Book Examples\
	     16      &TimeStep\PlotDef.txt')
	     17 	OPEN(UNIT=4,
	     18      &FILE='c:\drProjects\drThe Book Examples\
	     19      &TimeStep\PlotEnd.txt')
	     20 !
	     21 	Iout		= 10
	     22 	IoutDef		= 3
	     23 	IoutEnd		= 4
	     24 !	-------------
	     25 	return
	     26 	end


PROGRAM SECTIONS

    Name				 Bytes   Attributes

  1 .bss                                     4 NOPIC CON REL LCL NOSHR NOEXE   RD   WRT QUAD
  2 .data                                   32 NOPIC CON REL LCL NOSHR NOEXE   RD   WRT QUAD
  3 .literal                               199   PIC CON REL LCL   SHR NOEXE   RD NOWRT QUAD
  4 .text                                  248   PIC CON REL LCL   SHR   EXE NORD NOWRT QUAD
  5 _FILES                                  28 NOPIC OVR REL GBL NOSHR NOEXE   RD   WRT OCTA
  6 .drectve                               212 NOPIC CON REL LCL NOSHR NOEXE NORD NOWRT QUAD
  7 .debug$T                                88 NOPIC CON REL LCL NOSHR NOEXE   RD NOWRT BYTE

    Total Space Allocated                  811


ENTRY POINTS

 Address      Name     
                       
  4-00000000  SET_FILES



SET_FILES                       Source Listing                  29-Aug-2008 16:01:42  Compaq Visual Fortran 6.6-1684    Page 2
                                                                29-Aug-2008 16:01:42  Set_Files.for

VARIABLES

 Address      Type  Name        Address      Type  Name        Address      Type  Name        Address      Type  Name      
                                                                                                                           
  5-00000018  I*4   ICONFEA      5-00000004  I*4   IOUT         5-00000010  I*4   IROTCUR      2-00000018  R*8   ZERO      
  5-00000014  I*4   IDATFILE     5-00000008  I*4   IOUTDEF      2-00000010  R*8   ONE                                      
  5-00000000  I*4   IFILESTIFF   5-0000000C  I*4   IOUTEND      2-00000008  R*8   TWO                                      

SET_FILES                       Source Listing                  29-Aug-2008 16:01:42  Compaq Visual Fortran 6.6-1684    Page 3
                                                                29-Aug-2008 16:01:42  Set_Files.for

COMPILER OPTIONS BEING USED

  /noalign:commons                      /noalign:dcommons
  /align:records                        /noalign:sequence
  /noalign:rec1byte                     /noalign:rec2byte
  /noalign:rec4byte                     /noalign:rec8byte
  /altparam                             /noannotations:code
  /noannotations:detail                 /noannotations:feedback
  /noannotations:inlining               /noannotations:loop_transforms
  /noannotations:loop_unrolling         /noannotations:prefetching
  /noannotations:shrinkwrapping         /noannotations:software_pipelining
  /noannotations:tail_calls             /noannotations:tail_recursion
  /arch:generic                         /noasmattributes:machine
  /noasmattributes:source               /assume:accuracy_sensitive
  /noassume:buffered_io                 /noassume:byterecl
  /noassume:dummy_aliases               /noassume:minus0
  /assume:protect_constants             /assume:source_include
  /noassume:underscore                  /noassume:2underscores
  /noautomatic                          /nobintext
  /ccdefault:default                    /nocheck:arg_temp_created
  /check:bounds                         /check:flawed_pentium
  /nocheck:format                       /nocheck:output_conversion
  /nocheck:overflow                     /nocheck:power
  /nocheck:underflow                    /convert:native
  /D:_WIN32=1                           /D:_DF_VER=660
  /D:_VF_VER=660                        /D:_X86_=1
  /D:_M_IX86=500                        /D:_INTEGRAL_MAX_BITS=32
  /double_size:64                       /nod_lines
  /error_limit:30                       /extend_source:72
  /nof66                                /nof77rtl
  /nofast                               /nofltconsist
  /nofpscomp:filesfromcmd               /nofpscomp:general
  /nofpscomp:ioformat                   /nofpscomp:ldio_spacing
  /fpscomp:libs                         /nofpscomp:logicals
  /fixed                                /nofpconstant
  /fpe3                                 /g2
  /Gt0                                  /iface:stdref
  /nointconstant                        /integer_size:32
  /libdir:automatic                     /libdir:user
  /nolibs_dll                           /nomachine_code
  /math_library:check                   /mixed_str_len_arg
  /module:Debug/                        /names:uppercase
  /nonoinclude                          /O0
  /inline:none                          /notransform_loops
  /nopipeline                           /tune:generic
  /unroll:0                             /nopad_source
  /real_size:32                         /norecursive
  /reentrancy:none                      /show:include
  /show:map                             /stand:none
  /nosyntax_only                        /traceback
  /novms                                /warn:alignments
  /warn:argument_checking               /nowarn:declarations
  /nowarn:errors                        /warn:general
  /nowarn:granularity                   /nowarn:ignore_loc
  /nowarn:stderrors                     /nowarn:truncated_source
  /warn:uncalled                        /warn:uninitialized
  /nowarn:unused                        /warn:usage

SET_FILES                       Source Listing                  29-Aug-2008 16:01:42  Compaq Visual Fortran 6.6-1684    Page 4
                                                                29-Aug-2008 16:01:42  Set_Files.for

  /I         path : C:\drProjects\drThe Book Examples\timestep\MdDynamicEq\,C:\Program Files\ArrayVisualizer\Include\,
           C:\Program Files\Microsoft Visual Studio\DF98\CXML\Include\,C:\Program Files\Microsoft Visual Studio\DF98\IMSL\Include\,
           C:\Program Files\Microsoft Visual Studio\VC98\Include\,C:\Program Files\Microsoft Visual Studio\DF98\Include\,
           C:\PROGRAM FILES\MICROSOFT VISUAL STUDIO\COMMON\,C:\PROGRAM FILES\MICROSOFT VISUAL STUDIO\VC98\MFC\INCLUDE\
  /V         filename : Debug/Set_Files.lst
  /o         filename : Debug/Set_Files.obj
  /nobrowser
  /Fd        filename : Debug/DF60.PDB

COMPILER: Compaq Visual Fortran 6.6-1684-47B6E

COMPILATION STATISTICS

  CPU time:          0.01 seconds
  Elapsed time:      0.02 seconds
  Pagefaults:           0
  I/O Count:            0
