Reduced Stiffness Matrix:Stif( 53, 53)
    1
  0.226286   0.118286  -0.010286  -0.090000  -0.010286  -0.033429  -0.046286  -0.049714
 -0.020571  -0.025714  -0.024000  -0.015429  -0.014143  -0.009429   0.000000   0.000000
  0.000000   0.072000   0.000000  -0.036000  -0.036000   0.036000   0.000000  -0.018000
 -0.018000   0.012000   0.000000  -0.006000  -0.006000   0.000000   0.000000   0.000000
  0.000000   0.000000   0.000000   0.000000   0.000000   0.000000   0.000000   0.000000
  0.000000   0.000000   0.000000   0.000000   0.000000   0.000000   0.000000   0.000000


  0.000000   0.000000   0.000000   0.000000   0.000000
Reduced Stiffness Matrix:Stif( 53, 53)
    2
  0.118286   0.226286   0.025714  -0.046286  -0.033429  -0.010286  -0.090000  -0.024000
 -0.025714  -0.020571  -0.049714  -0.014143  -0.015429  -0.021000   0.000000   0.000000
  0.000000   0.036000   0.036000   0.000000  -0.072000   0.018000   0.018000   0.000000
 -0.036000   0.006000   0.006000   0.000000  -0.012000   0.000000   0.000000   0.000000
  0.000000   0.000000   0.000000   0.000000   0.000000   0.000000   0.000000   0.000000
  0.000000   0.000000   0.000000   0.000000   0.000000   0.000000   0.000000   0.000000


  0.000000   0.000000   0.000000   0.000000   0.000000
Reduced Stiffness Matrix:Stif( 53, 53)
    3
 -0.010286   0.025714   0.720000  -0.018000  -0.046286  -0.090000  -0.051429  -0.008571
 -0.024000  -0.049714  -0.075429  -0.009429  -0.021000  -0.053143   0.000000   0.000000
  0.000000   0.012000   0.036000   0.072000   0.000000   0.006000   0.018000   0.036000
  0.000000   0.002000   0.006000   0.012000   0.000000   0.025714  -0.010286  -0.015429
 -0.090000  -0.046286  -0.018000  -0.049714  -0.024000  -0.008571  -0.021000  -0.009429
 -0.003000   0.000000   0.000000   0.000000  -0.072000  -0.036000  -0.012000  -0.036000


 -0.018000  -0.006000  -0.012000  -0.006000  -0.002000
Reduced Stiffness Matrix:Stif( 53, 53)
    4
 -0.090000  -0.046286  -0.018000   0.229714   0.022286  -0.003429  -0.008571   0.103714
 -0.017571  -0.016286  -0.009857  -0.049714  -0.024000  -0.008571   0.072000   0.036000
  0.012000   0.000000   0.000000   0.000000   0.000000   0.000000  -0.036000  -0.018000
 -0.006000   0.000000  -0.036000  -0.018000  -0.006000   0.000000   0.000000   0.000000
  0.000000   0.000000   0.000000   0.000000   0.000000   0.000000   0.000000   0.000000
  0.000000   0.000000   0.000000   0.000000   0.000000   0.000000   0.000000   0.000000


  0.000000   0.000000   0.000000   0.000000   0.000000
Reduced Stiffness Matrix:Stif( 53, 53)
    5
 -0.010286  -0.033429  -0.046286   0.022286   0.144000   0.077143  -0.003429  -0.017571
  0.066857   0.027000  -0.016286  -0.020571  -0.025714  -0.024000   0.000000   0.036000
  0.036000   0.000000   0.000000   0.000000   0.000000   0.036000   0.000000  -0.018000
 -0.018000   0.036000   0.000000  -0.018000  -0.018000   0.000000   0.000000   0.000000
  0.000000   0.000000   0.000000   0.000000   0.000000   0.000000   0.000000   0.000000
  0.000000   0.000000   0.000000   0.000000   0.000000   0.000000   0.000000   0.000000


  0.000000   0.000000   0.000000   0.000000   0.000000
Reduced Stiffness Matrix:Stif( 53, 53)
    6
 -0.033429  -0.010286  -0.090000  -0.003429   0.077143   0.144000   0.022286  -0.016286
  0.027000   0.066857  -0.017571  -0.025714  -0.020571  -0.049714  -0.036000   0.000000
  0.072000   0.000000   0.000000   0.000000   0.000000   0.018000   0.018000   0.000000
 -0.036000   0.018000   0.018000   0.000000  -0.036000   0.000000   0.000000   0.000000
  0.000000   0.000000   0.000000   0.000000   0.000000   0.000000   0.000000   0.000000
  0.000000   0.000000   0.000000   0.000000   0.000000   0.000000   0.000000   0.000000


  0.000000   0.000000   0.000000   0.000000   0.000000
Reduced Stiffness Matrix:Stif( 53, 53)
    7
 -0.046286  -0.090000  -0.051429  -0.008571  -0.003429   0.022286   0.459429  -0.009857
 -0.016286  -0.017571   0.207429  -0.024000  -0.049714  -0.075429  -0.036000  -0.072000
  0.000000   0.000000   0.000000   0.000000   0.000000   0.006000   0.018000   0.036000
  0.000000   0.006000   0.018000   0.036000   0.000000  -0.090000  -0.046286  -0.018000
  0.022286  -0.003429  -0.008571  -0.017571  -0.016286  -0.009857  -0.049714  -0.024000
 -0.008571   0.072000   0.036000   0.012000   0.000000   0.000000   0.000000  -0.036000


 -0.018000  -0.006000  -0.036000  -0.018000  -0.006000
Reduced Stiffness Matrix:Stif( 53, 53)
    8
 -0.049714  -0.024000  -0.008571   0.103714  -0.017571  -0.016286  -0.009857   0.229714
  0.022286  -0.003429  -0.008571  -0.090000  -0.046286  -0.018000   0.036000   0.018000
  0.006000   0.000000   0.036000   0.018000   0.006000   0.000000   0.000000   0.000000
  0.000000   0.000000  -0.072000  -0.036000  -0.012000   0.000000   0.000000   0.000000
  0.000000   0.000000   0.000000   0.000000   0.000000   0.000000   0.000000   0.000000
  0.000000   0.000000   0.000000   0.000000   0.000000   0.000000   0.000000   0.000000


  0.000000   0.000000   0.000000   0.000000   0.000000
Reduced Stiffness Matrix:Stif( 53, 53)
    9
 -0.020571  -0.025714  -0.024000  -0.017571   0.066857   0.027000  -0.016286   0.022286
  0.144000   0.077143  -0.003429  -0.010286  -0.033429  -0.046286   0.000000   0.018000
  0.018000  -0.036000   0.000000   0.018000   0.018000   0.000000   0.000000   0.000000
  0.000000   0.072000   0.000000  -0.036000  -0.036000   0.000000   0.000000   0.000000
  0.000000   0.000000   0.000000   0.000000   0.000000   0.000000   0.000000   0.000000
  0.000000   0.000000   0.000000   0.000000   0.000000   0.000000   0.000000   0.000000


  0.000000   0.000000   0.000000   0.000000   0.000000
Reduced Stiffness Matrix:Stif( 53, 53)
   10
 -0.025714  -0.020571  -0.049714  -0.016286   0.027000   0.066857  -0.017571  -0.003429
  0.077143   0.144000   0.022286  -0.033429  -0.010286  -0.090000  -0.018000   0.000000
  0.036000  -0.018000  -0.018000   0.000000   0.036000   0.000000   0.000000   0.000000
  0.000000   0.036000   0.036000   0.000000  -0.072000   0.000000   0.000000   0.000000
  0.000000   0.000000   0.000000   0.000000   0.000000   0.000000   0.000000   0.000000
  0.000000   0.000000   0.000000   0.000000   0.000000   0.000000   0.000000   0.000000


  0.000000   0.000000   0.000000   0.000000   0.000000
Reduced Stiffness Matrix:Stif( 53, 53)
   11
 -0.024000  -0.049714  -0.075429  -0.009857  -0.016286  -0.017571   0.207429  -0.008571
 -0.003429   0.022286   0.459429  -0.046286  -0.090000  -0.051429  -0.018000  -0.036000
  0.000000  -0.006000  -0.018000  -0.036000   0.000000   0.000000   0.000000   0.000000
  0.000000   0.012000   0.036000   0.072000   0.000000  -0.049714  -0.024000  -0.008571
 -0.017571  -0.016286  -0.009857   0.022286  -0.003429  -0.008571  -0.090000  -0.046286
 -0.018000   0.036000   0.018000   0.006000   0.036000   0.018000   0.006000   0.000000


  0.000000   0.000000  -0.072000  -0.036000  -0.012000
Reduced Stiffness Matrix:Stif( 53, 53)
   12
 -0.015429  -0.014143  -0.009429  -0.049714  -0.020571  -0.025714  -0.024000  -0.090000
 -0.010286  -0.033429  -0.046286   0.226286   0.118286  -0.010286   0.000000   0.006000
  0.006000  -0.036000   0.000000   0.018000   0.018000  -0.072000   0.000000   0.036000
  0.036000   0.000000   0.000000   0.000000   0.000000   0.000000   0.000000   0.000000
  0.000000   0.000000   0.000000   0.000000   0.000000   0.000000   0.000000   0.000000
  0.000000   0.000000   0.000000   0.000000   0.000000   0.000000   0.000000   0.000000


  0.000000   0.000000   0.000000   0.000000   0.000000
Reduced Stiffness Matrix:Stif( 53, 53)
   13
 -0.014143  -0.015429  -0.021000  -0.024000  -0.025714  -0.020571  -0.049714  -0.046286
 -0.033429  -0.010286  -0.090000   0.118286   0.226286   0.025714  -0.006000   0.000000
  0.012000  -0.018000  -0.018000   0.000000   0.036000  -0.036000  -0.036000   0.000000
  0.072000   0.000000   0.000000   0.000000   0.000000   0.000000   0.000000   0.000000
  0.000000   0.000000   0.000000   0.000000   0.000000   0.000000   0.000000   0.000000
  0.000000   0.000000   0.000000   0.000000   0.000000   0.000000   0.000000   0.000000


  0.000000   0.000000   0.000000   0.000000   0.000000
Reduced Stiffness Matrix:Stif( 53, 53)
   14
 -0.009429  -0.021000  -0.053143  -0.008571  -0.024000  -0.049714  -0.075429  -0.018000
 -0.046286  -0.090000  -0.051429  -0.010286   0.025714   0.720000  -0.006000  -0.012000
  0.000000  -0.006000  -0.018000  -0.036000   0.000000  -0.012000  -0.036000  -0.072000
  0.000000   0.000000   0.000000   0.000000   0.000000  -0.021000  -0.009429  -0.003000
 -0.049714  -0.024000  -0.008571  -0.090000  -0.046286  -0.018000   0.025714  -0.010286
 -0.015429   0.012000   0.006000   0.002000   0.036000   0.018000   0.006000   0.072000


  0.036000   0.012000   0.000000   0.000000   0.000000
Reduced Stiffness Matrix:Stif( 53, 53)
   15
  0.000000   0.000000   0.000000   0.072000   0.000000  -0.036000  -0.036000   0.036000
  0.000000  -0.018000  -0.018000   0.000000  -0.006000  -0.006000   0.404571   0.286286
  0.106286  -0.167143  -0.168000  -0.134571  -0.070286  -0.108000  -0.116571  -0.090857
 -0.044571  -0.052714  -0.060000  -0.045857  -0.021429   0.000000   0.000000   0.000000
  0.000000   0.000000   0.000000   0.000000   0.000000   0.000000   0.000000   0.000000
  0.000000   0.000000   0.000000   0.000000   0.000000   0.000000   0.000000   0.000000


  0.000000   0.000000   0.000000   0.000000   0.000000
Reduced Stiffness Matrix:Stif( 53, 53)
   16
  0.000000   0.000000   0.000000   0.036000   0.036000   0.000000  -0.072000   0.018000
  0.018000   0.000000  -0.036000   0.006000   0.000000  -0.012000   0.286286   0.404571
  0.282857  -0.070286  -0.134571  -0.168000  -0.167143  -0.044571  -0.090857  -0.116571
 -0.108000  -0.021429  -0.045857  -0.060000  -0.052714   0.000000   0.000000   0.000000
  0.000000   0.000000   0.000000   0.000000   0.000000   0.000000   0.000000   0.000000
  0.000000   0.000000   0.000000   0.000000   0.000000   0.000000   0.000000   0.000000


  0.000000   0.000000   0.000000   0.000000   0.000000
Reduced Stiffness Matrix:Stif( 53, 53)
   17
  0.000000   0.000000   0.000000   0.012000   0.036000   0.072000   0.000000   0.006000
  0.018000   0.036000   0.000000   0.006000   0.012000   0.000000   0.106286   0.282857
  1.337143  -0.019714  -0.070286  -0.167143  -0.565714  -0.012000  -0.044571  -0.108000
 -0.390857  -0.005571  -0.021429  -0.052714  -0.200571   0.000000   0.000000   0.000000
 -0.072000  -0.036000  -0.012000  -0.036000  -0.018000  -0.006000  -0.012000  -0.006000
 -0.002000   0.282857   0.106286   0.022286  -0.167143  -0.070286  -0.019714  -0.108000


 -0.044571  -0.012000  -0.052714  -0.021429  -0.005571
Reduced Stiffness Matrix:Stif( 53, 53)
   18
  0.072000   0.036000   0.012000   0.000000   0.000000   0.000000   0.000000   0.000000
 -0.036000  -0.018000  -0.006000  -0.036000  -0.018000  -0.006000  -0.167143  -0.070286
 -0.019714   0.442286   0.190286   0.072000   0.015429   0.126000   0.039857   0.012857
  0.001286  -0.195429  -0.108000  -0.044571  -0.012000   0.000000   0.000000   0.000000
  0.000000   0.000000   0.000000   0.000000   0.000000   0.000000   0.000000   0.000000
  0.000000   0.000000   0.000000   0.000000   0.000000   0.000000   0.000000   0.000000


  0.000000   0.000000   0.000000   0.000000   0.000000
Reduced Stiffness Matrix:Stif( 53, 53)
   19
  0.000000   0.036000   0.036000   0.000000   0.000000   0.000000   0.000000   0.036000
  0.000000  -0.018000  -0.018000   0.000000  -0.018000  -0.018000  -0.168000  -0.134571
 -0.070286   0.190286   0.267429   0.190286   0.072000   0.039857   0.077143   0.050143
  0.012857  -0.108000  -0.116571  -0.090857  -0.044571   0.000000   0.000000   0.000000
  0.000000   0.000000   0.000000   0.000000   0.000000   0.000000   0.000000   0.000000
  0.000000   0.000000   0.000000   0.000000   0.000000   0.000000   0.000000   0.000000


  0.000000   0.000000   0.000000   0.000000   0.000000
Reduced Stiffness Matrix:Stif( 53, 53)
   20
 -0.036000   0.000000   0.072000   0.000000   0.000000   0.000000   0.000000   0.018000
  0.018000   0.000000  -0.036000   0.018000   0.000000  -0.036000  -0.134571  -0.168000
 -0.167143   0.072000   0.190286   0.267429   0.190286   0.012857   0.050143   0.077143
  0.039857  -0.044571  -0.090857  -0.116571  -0.108000   0.000000   0.000000   0.000000
  0.000000   0.000000   0.000000   0.000000   0.000000   0.000000   0.000000   0.000000
  0.000000   0.000000   0.000000   0.000000   0.000000   0.000000   0.000000   0.000000


  0.000000   0.000000   0.000000   0.000000   0.000000
Reduced Stiffness Matrix:Stif( 53, 53)
   21
 -0.036000  -0.072000   0.000000   0.000000   0.000000   0.000000   0.000000   0.006000
  0.018000   0.036000   0.000000   0.018000   0.036000   0.000000  -0.070286  -0.167143
 -0.565714   0.015429   0.072000   0.190286   0.884571   0.001286   0.012857   0.039857
  0.252000  -0.012000  -0.044571  -0.108000  -0.390857   0.072000   0.036000   0.012000
  0.000000   0.000000   0.000000  -0.036000  -0.018000  -0.006000  -0.036000  -0.018000
 -0.006000  -0.167143  -0.070286  -0.019714   0.190286   0.072000   0.015429   0.039857


  0.012857   0.001286  -0.108000  -0.044571  -0.012000
Reduced Stiffness Matrix:Stif( 53, 53)
   22
  0.036000   0.018000   0.006000   0.000000   0.036000   0.018000   0.006000   0.000000
  0.000000   0.000000   0.000000  -0.072000  -0.036000  -0.012000  -0.108000  -0.044571
 -0.012000   0.126000   0.039857   0.012857   0.001286   0.442286   0.190286   0.072000
  0.015429  -0.282857  -0.167143  -0.070286  -0.019714   0.000000   0.000000   0.000000
  0.000000   0.000000   0.000000   0.000000   0.000000   0.000000   0.000000   0.000000
  0.000000   0.000000   0.000000   0.000000   0.000000   0.000000   0.000000   0.000000


  0.000000   0.000000   0.000000   0.000000   0.000000
Reduced Stiffness Matrix:Stif( 53, 53)
   23
  0.000000   0.018000   0.018000  -0.036000   0.000000   0.018000   0.018000   0.000000
  0.000000   0.000000   0.000000   0.000000  -0.036000  -0.036000  -0.116571  -0.090857
 -0.044571   0.039857   0.077143   0.050143   0.012857   0.190286   0.267429   0.190286
  0.072000  -0.167143  -0.168000  -0.134571  -0.070286   0.000000   0.000000   0.000000
  0.000000   0.000000   0.000000   0.000000   0.000000   0.000000   0.000000   0.000000
  0.000000   0.000000   0.000000   0.000000   0.000000   0.000000   0.000000   0.000000


  0.000000   0.000000   0.000000   0.000000   0.000000
Reduced Stiffness Matrix:Stif( 53, 53)
   24
 -0.018000   0.000000   0.036000  -0.018000  -0.018000   0.000000   0.036000   0.000000
  0.000000   0.000000   0.000000   0.036000   0.000000  -0.072000  -0.090857  -0.116571
 -0.108000   0.012857   0.050143   0.077143   0.039857   0.072000   0.190286   0.267429
  0.190286  -0.070286  -0.134571  -0.168000  -0.167143   0.000000   0.000000   0.000000
  0.000000   0.000000   0.000000   0.000000   0.000000   0.000000   0.000000   0.000000
  0.000000   0.000000   0.000000   0.000000   0.000000   0.000000   0.000000   0.000000


  0.000000   0.000000   0.000000   0.000000   0.000000
Reduced Stiffness Matrix:Stif( 53, 53)
   25
 -0.018000  -0.036000   0.000000  -0.006000  -0.018000  -0.036000   0.000000   0.000000
  0.000000   0.000000   0.000000   0.036000   0.072000   0.000000  -0.044571  -0.108000
 -0.390857   0.001286   0.012857   0.039857   0.252000   0.015429   0.072000   0.190286
  0.884571  -0.019714  -0.070286  -0.167143  -0.565714   0.036000   0.018000   0.006000
  0.036000   0.018000   0.006000   0.000000   0.000000   0.000000  -0.072000  -0.036000
 -0.012000  -0.108000  -0.044571  -0.012000   0.039857   0.012857   0.001286   0.190286


  0.072000   0.015429  -0.167143  -0.070286  -0.019714
Reduced Stiffness Matrix:Stif( 53, 53)
   26
  0.012000   0.006000   0.002000   0.000000   0.036000   0.018000   0.006000   0.000000
  0.072000   0.036000   0.012000   0.000000   0.000000   0.000000  -0.052714  -0.021429
 -0.005571  -0.195429  -0.108000  -0.044571  -0.012000  -0.282857  -0.167143  -0.070286
 -0.019714   0.668571   0.282857   0.106286   0.022286   0.000000   0.000000   0.000000
  0.000000   0.000000   0.000000   0.000000   0.000000   0.000000   0.000000   0.000000
  0.000000   0.000000   0.000000   0.000000   0.000000   0.000000   0.000000   0.000000


  0.000000   0.000000   0.000000   0.000000   0.000000
Reduced Stiffness Matrix:Stif( 53, 53)
   27
  0.000000   0.006000   0.006000  -0.036000   0.000000   0.018000   0.018000  -0.072000
  0.000000   0.036000   0.036000   0.000000   0.000000   0.000000  -0.060000  -0.045857
 -0.021429  -0.108000  -0.116571  -0.090857  -0.044571  -0.167143  -0.168000  -0.134571
 -0.070286   0.282857   0.404571   0.286286   0.106286   0.000000   0.000000   0.000000
  0.000000   0.000000   0.000000   0.000000   0.000000   0.000000   0.000000   0.000000
  0.000000   0.000000   0.000000   0.000000   0.000000   0.000000   0.000000   0.000000


  0.000000   0.000000   0.000000   0.000000   0.000000
Reduced Stiffness Matrix:Stif( 53, 53)
   28
 -0.006000   0.000000   0.012000  -0.018000  -0.018000   0.000000   0.036000  -0.036000
 -0.036000   0.000000   0.072000   0.000000   0.000000   0.000000  -0.045857  -0.060000
 -0.052714  -0.044571  -0.090857  -0.116571  -0.108000  -0.070286  -0.134571  -0.168000
 -0.167143   0.106286   0.286286   0.404571   0.282857   0.000000   0.000000   0.000000
  0.000000   0.000000   0.000000   0.000000   0.000000   0.000000   0.000000   0.000000
  0.000000   0.000000   0.000000   0.000000   0.000000   0.000000   0.000000   0.000000


  0.000000   0.000000   0.000000   0.000000   0.000000
Reduced Stiffness Matrix:Stif( 53, 53)
   29
 -0.006000  -0.012000   0.000000  -0.006000  -0.018000  -0.036000   0.000000  -0.012000
 -0.036000  -0.072000   0.000000   0.000000   0.000000   0.000000  -0.021429  -0.052714
 -0.200571  -0.012000  -0.044571  -0.108000  -0.390857  -0.019714  -0.070286  -0.167143
 -0.565714   0.022286   0.106286   0.282857   1.337143   0.012000   0.006000   0.002000
  0.036000   0.018000   0.006000   0.072000   0.036000   0.012000   0.000000   0.000000
  0.000000  -0.052714  -0.021429  -0.005571  -0.108000  -0.044571  -0.012000  -0.167143


 -0.070286  -0.019714   0.282857   0.106286   0.022286
Reduced Stiffness Matrix:Stif( 53, 53)
   30
  0.000000   0.000000   0.025714   0.000000   0.000000   0.000000  -0.090000   0.000000
  0.000000   0.000000  -0.049714   0.000000   0.000000  -0.021000   0.000000   0.000000
  0.000000   0.000000   0.000000   0.000000   0.072000   0.000000   0.000000   0.000000
  0.036000   0.000000   0.000000   0.000000   0.012000   0.226286   0.118286  -0.010286
 -0.010286  -0.033429  -0.046286  -0.020571  -0.025714  -0.024000  -0.015429  -0.014143
 -0.009429   0.000000   0.000000   0.000000   0.000000  -0.036000  -0.036000   0.000000


 -0.018000  -0.018000   0.000000  -0.006000  -0.006000
Reduced Stiffness Matrix:Stif( 53, 53)
   31
  0.000000   0.000000  -0.010286   0.000000   0.000000   0.000000  -0.046286   0.000000
  0.000000   0.000000  -0.024000   0.000000   0.000000  -0.009429   0.000000   0.000000
  0.000000   0.000000   0.000000   0.000000   0.036000   0.000000   0.000000   0.000000
  0.018000   0.000000   0.000000   0.000000   0.006000   0.118286   0.226286   0.025714
 -0.033429  -0.010286  -0.090000  -0.025714  -0.020571  -0.049714  -0.014143  -0.015429
 -0.021000   0.000000   0.000000   0.000000   0.036000   0.000000  -0.072000   0.018000


  0.000000  -0.036000   0.006000   0.000000  -0.012000
Reduced Stiffness Matrix:Stif( 53, 53)
   32
  0.000000   0.000000  -0.015429   0.000000   0.000000   0.000000  -0.018000   0.000000
  0.000000   0.000000  -0.008571   0.000000   0.000000  -0.003000   0.000000   0.000000
  0.000000   0.000000   0.000000   0.000000   0.012000   0.000000   0.000000   0.000000
  0.006000   0.000000   0.000000   0.000000   0.002000  -0.010286   0.025714   0.360000
 -0.046286  -0.090000  -0.025714  -0.024000  -0.049714  -0.037714  -0.009429  -0.021000
 -0.026571   0.000000   0.000000  -0.200000   0.036000   0.072000   0.000000   0.018000


  0.036000   0.000000   0.006000   0.012000   0.000000
Reduced Stiffness Matrix:Stif( 53, 53)
   33
  0.000000   0.000000  -0.090000   0.000000   0.000000   0.000000   0.022286   0.000000
  0.000000   0.000000  -0.017571   0.000000   0.000000  -0.049714   0.000000   0.000000
 -0.072000   0.000000   0.000000   0.000000   0.000000   0.000000   0.000000   0.000000
  0.036000   0.000000   0.000000   0.000000   0.036000  -0.010286  -0.033429  -0.046286
  0.144000   0.077143  -0.003429   0.066857   0.027000  -0.016286  -0.020571  -0.025714
 -0.024000   0.000000   0.036000   0.036000   0.000000   0.000000   0.000000   0.000000


 -0.018000  -0.018000   0.000000  -0.018000  -0.018000
Reduced Stiffness Matrix:Stif( 53, 53)
   34
  0.000000   0.000000  -0.046286   0.000000   0.000000   0.000000  -0.003429   0.000000
  0.000000   0.000000  -0.016286   0.000000   0.000000  -0.024000   0.000000   0.000000
 -0.036000   0.000000   0.000000   0.000000   0.000000   0.000000   0.000000   0.000000
  0.018000   0.000000   0.000000   0.000000   0.018000  -0.033429  -0.010286  -0.090000
  0.077143   0.144000   0.022286   0.027000   0.066857  -0.017571  -0.025714  -0.020571
 -0.049714  -0.036000   0.000000   0.072000   0.000000   0.000000   0.000000   0.018000


  0.000000  -0.036000   0.018000   0.000000  -0.036000
Reduced Stiffness Matrix:Stif( 53, 53)
   35
  0.000000   0.000000  -0.018000   0.000000   0.000000   0.000000  -0.008571   0.000000
  0.000000   0.000000  -0.009857   0.000000   0.000000  -0.008571   0.000000   0.000000
 -0.012000   0.000000   0.000000   0.000000   0.000000   0.000000   0.000000   0.000000
  0.006000   0.000000   0.000000   0.000000   0.006000  -0.046286  -0.090000  -0.025714
 -0.003429   0.022286   0.229714  -0.016286  -0.017571   0.103714  -0.024000  -0.049714
 -0.037714  -0.036000  -0.072000   0.000000   0.000000   0.000000   0.000000   0.018000


  0.036000   0.000000   0.018000   0.036000   0.000000
Reduced Stiffness Matrix:Stif( 53, 53)
   36
  0.000000   0.000000  -0.049714   0.000000   0.000000   0.000000  -0.017571   0.000000
  0.000000   0.000000   0.022286   0.000000   0.000000  -0.090000   0.000000   0.000000
 -0.036000   0.000000   0.000000   0.000000  -0.036000   0.000000   0.000000   0.000000
  0.000000   0.000000   0.000000   0.000000   0.072000  -0.020571  -0.025714  -0.024000
  0.066857   0.027000  -0.016286   0.144000   0.077143  -0.003429  -0.010286  -0.033429
 -0.046286   0.000000   0.018000   0.018000   0.000000   0.018000   0.018000   0.000000


  0.000000   0.000000   0.000000  -0.036000  -0.036000
Reduced Stiffness Matrix:Stif( 53, 53)
   37
  0.000000   0.000000  -0.024000   0.000000   0.000000   0.000000  -0.016286   0.000000
  0.000000   0.000000  -0.003429   0.000000   0.000000  -0.046286   0.000000   0.000000
 -0.018000   0.000000   0.000000   0.000000  -0.018000   0.000000   0.000000   0.000000
  0.000000   0.000000   0.000000   0.000000   0.036000  -0.025714  -0.020571  -0.049714
  0.027000   0.066857  -0.017571   0.077143   0.144000   0.022286  -0.033429  -0.010286
 -0.090000  -0.018000   0.000000   0.036000  -0.018000   0.000000   0.036000   0.000000


  0.000000   0.000000   0.036000   0.000000  -0.072000
Reduced Stiffness Matrix:Stif( 53, 53)
   38
  0.000000   0.000000  -0.008571   0.000000   0.000000   0.000000  -0.009857   0.000000
  0.000000   0.000000  -0.008571   0.000000   0.000000  -0.018000   0.000000   0.000000
 -0.006000   0.000000   0.000000   0.000000  -0.006000   0.000000   0.000000   0.000000
  0.000000   0.000000   0.000000   0.000000   0.012000  -0.024000  -0.049714  -0.037714
 -0.016286  -0.017571   0.103714  -0.003429   0.022286   0.229714  -0.046286  -0.090000
 -0.025714  -0.018000  -0.036000   0.000000  -0.018000  -0.036000   0.000000   0.000000


  0.000000   0.000000   0.036000   0.072000   0.000000
Reduced Stiffness Matrix:Stif( 53, 53)
   39
  0.000000   0.000000  -0.021000   0.000000   0.000000   0.000000  -0.049714   0.000000
  0.000000   0.000000  -0.090000   0.000000   0.000000   0.025714   0.000000   0.000000
 -0.012000   0.000000   0.000000   0.000000  -0.036000   0.000000   0.000000   0.000000
 -0.072000   0.000000   0.000000   0.000000   0.000000  -0.015429  -0.014143  -0.009429
 -0.020571  -0.025714  -0.024000  -0.010286  -0.033429  -0.046286   0.226286   0.118286
 -0.010286   0.000000   0.006000   0.006000   0.000000   0.018000   0.018000   0.000000


  0.036000   0.036000   0.000000   0.000000   0.000000
Reduced Stiffness Matrix:Stif( 53, 53)
   40
  0.000000   0.000000  -0.009429   0.000000   0.000000   0.000000  -0.024000   0.000000
  0.000000   0.000000  -0.046286   0.000000   0.000000  -0.010286   0.000000   0.000000
 -0.006000   0.000000   0.000000   0.000000  -0.018000   0.000000   0.000000   0.000000
 -0.036000   0.000000   0.000000   0.000000   0.000000  -0.014143  -0.015429  -0.021000
 -0.025714  -0.020571  -0.049714  -0.033429  -0.010286  -0.090000   0.118286   0.226286
  0.025714  -0.006000   0.000000   0.012000  -0.018000   0.000000   0.036000  -0.036000


  0.000000   0.072000   0.000000   0.000000   0.000000
Reduced Stiffness Matrix:Stif( 53, 53)
   41
  0.000000   0.000000  -0.003000   0.000000   0.000000   0.000000  -0.008571   0.000000
  0.000000   0.000000  -0.018000   0.000000   0.000000  -0.015429   0.000000   0.000000
 -0.002000   0.000000   0.000000   0.000000  -0.006000   0.000000   0.000000   0.000000
 -0.012000   0.000000   0.000000   0.000000   0.000000  -0.009429  -0.021000  -0.026571
 -0.024000  -0.049714  -0.037714  -0.046286  -0.090000  -0.025714  -0.010286   0.025714
  0.360000  -0.006000  -0.012000   0.000000  -0.018000  -0.036000   0.000000  -0.036000


 -0.072000   0.000000   0.000000   0.000000   0.200000
Reduced Stiffness Matrix:Stif( 53, 53)
   42
  0.000000   0.000000   0.000000   0.000000   0.000000   0.000000   0.072000   0.000000
  0.000000   0.000000   0.036000   0.000000   0.000000   0.012000   0.000000   0.000000
  0.282857   0.000000   0.000000   0.000000  -0.167143   0.000000   0.000000   0.000000
 -0.108000   0.000000   0.000000   0.000000  -0.052714   0.000000   0.000000   0.000000
  0.000000  -0.036000  -0.036000   0.000000  -0.018000  -0.018000   0.000000  -0.006000
 -0.006000   0.404571   0.286286   0.106286  -0.168000  -0.134571  -0.070286  -0.116571


 -0.090857  -0.044571  -0.060000  -0.045857  -0.021429
Reduced Stiffness Matrix:Stif( 53, 53)
   43
  0.000000   0.000000   0.000000   0.000000   0.000000   0.000000   0.036000   0.000000
  0.000000   0.000000   0.018000   0.000000   0.000000   0.006000   0.000000   0.000000
  0.106286   0.000000   0.000000   0.000000  -0.070286   0.000000   0.000000   0.000000
 -0.044571   0.000000   0.000000   0.000000  -0.021429   0.000000   0.000000   0.000000
  0.036000   0.000000  -0.072000   0.018000   0.000000  -0.036000   0.006000   0.000000
 -0.012000   0.286286   0.404571   0.282857  -0.134571  -0.168000  -0.167143  -0.090857


 -0.116571  -0.108000  -0.045857  -0.060000  -0.052714
Reduced Stiffness Matrix:Stif( 53, 53)
   44
  0.000000   0.000000   0.000000   0.000000   0.000000   0.000000   0.012000   0.000000
  0.000000   0.000000   0.006000   0.000000   0.000000   0.002000   0.000000   0.000000
  0.022286   0.000000   0.000000   0.000000  -0.019714   0.000000   0.000000   0.000000
 -0.012000   0.000000   0.000000   0.000000  -0.005571   0.000000   0.000000  -0.200000
  0.036000   0.072000   0.000000   0.018000   0.036000   0.000000   0.006000   0.012000
  0.000000   0.106286   0.282857   0.668571  -0.070286  -0.167143  -0.282857  -0.044571


 -0.108000  -0.195429  -0.021429  -0.052714  -0.100286
Reduced Stiffness Matrix:Stif( 53, 53)
   45
  0.000000   0.000000  -0.072000   0.000000   0.000000   0.000000   0.000000   0.000000
  0.000000   0.000000   0.036000   0.000000   0.000000   0.036000   0.000000   0.000000
 -0.167143   0.000000   0.000000   0.000000   0.190286   0.000000   0.000000   0.000000
  0.039857   0.000000   0.000000   0.000000  -0.108000   0.000000   0.036000   0.036000
  0.000000   0.000000   0.000000   0.000000  -0.018000  -0.018000   0.000000  -0.018000
 -0.018000  -0.168000  -0.134571  -0.070286   0.267429   0.190286   0.072000   0.077143


  0.050143   0.012857  -0.116571  -0.090857  -0.044571
Reduced Stiffness Matrix:Stif( 53, 53)
   46
  0.000000   0.000000  -0.036000   0.000000   0.000000   0.000000   0.000000   0.000000
  0.000000   0.000000   0.018000   0.000000   0.000000   0.018000   0.000000   0.000000
 -0.070286   0.000000   0.000000   0.000000   0.072000   0.000000   0.000000   0.000000
  0.012857   0.000000   0.000000   0.000000  -0.044571  -0.036000   0.000000   0.072000
  0.000000   0.000000   0.000000   0.018000   0.000000  -0.036000   0.018000   0.000000
 -0.036000  -0.134571  -0.168000  -0.167143   0.190286   0.267429   0.190286   0.050143


  0.077143   0.039857  -0.090857  -0.116571  -0.108000
Reduced Stiffness Matrix:Stif( 53, 53)
   47
  0.000000   0.000000  -0.012000   0.000000   0.000000   0.000000   0.000000   0.000000
  0.000000   0.000000   0.006000   0.000000   0.000000   0.006000   0.000000   0.000000
 -0.019714   0.000000   0.000000   0.000000   0.015429   0.000000   0.000000   0.000000
  0.001286   0.000000   0.000000   0.000000  -0.012000  -0.036000  -0.072000   0.000000
  0.000000   0.000000   0.000000   0.018000   0.036000   0.000000   0.018000   0.036000
  0.000000  -0.070286  -0.167143  -0.282857   0.072000   0.190286   0.442286   0.012857


  0.039857   0.126000  -0.044571  -0.108000  -0.195429
Reduced Stiffness Matrix:Stif( 53, 53)
   48
  0.000000   0.000000  -0.036000   0.000000   0.000000   0.000000  -0.036000   0.000000
  0.000000   0.000000   0.000000   0.000000   0.000000   0.072000   0.000000   0.000000
 -0.108000   0.000000   0.000000   0.000000   0.039857   0.000000   0.000000   0.000000
  0.190286   0.000000   0.000000   0.000000  -0.167143   0.000000   0.018000   0.018000
  0.000000   0.018000   0.018000   0.000000   0.000000   0.000000   0.000000  -0.036000
 -0.036000  -0.116571  -0.090857  -0.044571   0.077143   0.050143   0.012857   0.267429


  0.190286   0.072000  -0.168000  -0.134571  -0.070286
Reduced Stiffness Matrix:Stif( 53, 53)
   49
  0.000000   0.000000  -0.018000   0.000000   0.000000   0.000000  -0.018000   0.000000
  0.000000   0.000000   0.000000   0.000000   0.000000   0.036000   0.000000   0.000000
 -0.044571   0.000000   0.000000   0.000000   0.012857   0.000000   0.000000   0.000000
  0.072000   0.000000   0.000000   0.000000  -0.070286  -0.018000   0.000000   0.036000
 -0.018000   0.000000   0.036000   0.000000   0.000000   0.000000   0.036000   0.000000
 -0.072000  -0.090857  -0.116571  -0.108000   0.050143   0.077143   0.039857   0.190286


  0.267429   0.190286  -0.134571  -0.168000  -0.167143
Reduced Stiffness Matrix:Stif( 53, 53)
   50
  0.000000   0.000000  -0.006000   0.000000   0.000000   0.000000  -0.006000   0.000000
  0.000000   0.000000   0.000000   0.000000   0.000000   0.012000   0.000000   0.000000
 -0.012000   0.000000   0.000000   0.000000   0.001286   0.000000   0.000000   0.000000
  0.015429   0.000000   0.000000   0.000000  -0.019714  -0.018000  -0.036000   0.000000
 -0.018000  -0.036000   0.000000   0.000000   0.000000   0.000000   0.036000   0.072000
  0.000000  -0.044571  -0.108000  -0.195429   0.012857   0.039857   0.126000   0.072000


  0.190286   0.442286  -0.070286  -0.167143  -0.282857
Reduced Stiffness Matrix:Stif( 53, 53)
   51
  0.000000   0.000000  -0.012000   0.000000   0.000000   0.000000  -0.036000   0.000000
  0.000000   0.000000  -0.072000   0.000000   0.000000   0.000000   0.000000   0.000000
 -0.052714   0.000000   0.000000   0.000000  -0.108000   0.000000   0.000000   0.000000
 -0.167143   0.000000   0.000000   0.000000   0.282857   0.000000   0.006000   0.006000
  0.000000   0.018000   0.018000   0.000000   0.036000   0.036000   0.000000   0.000000
  0.000000  -0.060000  -0.045857  -0.021429  -0.116571  -0.090857  -0.044571  -0.168000


 -0.134571  -0.070286   0.404571   0.286286   0.106286
Reduced Stiffness Matrix:Stif( 53, 53)
   52
  0.000000   0.000000  -0.006000   0.000000   0.000000   0.000000  -0.018000   0.000000
  0.000000   0.000000  -0.036000   0.000000   0.000000   0.000000   0.000000   0.000000
 -0.021429   0.000000   0.000000   0.000000  -0.044571   0.000000   0.000000   0.000000
 -0.070286   0.000000   0.000000   0.000000   0.106286  -0.006000   0.000000   0.012000
 -0.018000   0.000000   0.036000  -0.036000   0.000000   0.072000   0.000000   0.000000
  0.000000  -0.045857  -0.060000  -0.052714  -0.090857  -0.116571  -0.108000  -0.134571


 -0.168000  -0.167143   0.286286   0.404571   0.282857
Reduced Stiffness Matrix:Stif( 53, 53)
   53
  0.000000   0.000000  -0.002000   0.000000   0.000000   0.000000  -0.006000   0.000000
  0.000000   0.000000  -0.012000   0.000000   0.000000   0.000000   0.000000   0.000000
 -0.005571   0.000000   0.000000   0.000000  -0.012000   0.000000   0.000000   0.000000
 -0.019714   0.000000   0.000000   0.000000   0.022286  -0.006000  -0.012000   0.000000
 -0.018000  -0.036000   0.000000  -0.036000  -0.072000   0.000000   0.000000   0.000000
  0.200000  -0.021429  -0.052714  -0.100286  -0.044571  -0.108000  -0.195429  -0.070286


 -0.167143  -0.282857   0.106286   0.282857   0.668571
