C0 Transformation Matrix:T( 64, 56)
    1
 1.00  0.00  0.00  0.00  0.00  0.00  0.00  0.00  0.00
 0.00  0.00  0.00  0.00  0.00  0.00  0.00  0.00  0.00
 0.00  0.00  0.00  0.00  0.00  0.00  0.00  0.00  0.00
 0.00  0.00  0.00  0.00  0.00  0.00  0.00  0.00  0.00
 0.00  0.00  0.00  0.00  0.00  0.00  0.00  0.00  0.00

 0.00  0.00  0.00  0.00  0.00  0.00  0.00  0.00  0.00
 0.00  0.00
C0 Transformation Matrix:T( 64, 56)
    2
 0.00  1.00  0.00  0.00  0.00  0.00  0.00  0.00  0.00
 0.00  0.00  0.00  0.00  0.00  0.00  0.00  0.00  0.00
 0.00  0.00  0.00  0.00  0.00  0.00  0.00  0.00  0.00
 0.00  0.00  0.00  0.00  0.00  0.00  0.00  0.00  0.00
 0.00  0.00  0.00  0.00  0.00  0.00  0.00  0.00  0.00

 0.00  0.00  0.00  0.00  0.00  0.00  0.00  0.00  0.00
 0.00  0.00
C0 Transformation Matrix:T( 64, 56)
    3
 0.00  0.00  1.00  0.00  0.00  0.00  0.00  0.00  0.00
 0.00  0.00  0.00  0.00  0.00  0.00  0.00  0.00  0.00
 0.00  0.00  0.00  0.00  0.00  0.00  0.00  0.00  0.00
 0.00  0.00  0.00  0.00  0.00  0.00  0.00  0.00  0.00
 0.00  0.00  0.00  0.00  0.00  0.00  0.00  0.00  0.00

 0.00  0.00  0.00  0.00  0.00  0.00  0.00  0.00  0.00
 0.00  0.00
C0 Transformation Matrix:T( 64, 56)
    4
 0.00  0.00  0.00  1.00  0.00  0.00  0.00  0.00  0.00
 0.00  0.00  0.00  0.00  0.00  0.00  0.00  0.00  0.00
 0.00  0.00  0.00  0.00  0.00  0.00  0.00  0.00  0.00
 0.00  0.00  0.00  0.00  0.00  0.00  0.00  0.00  0.00
 0.00  0.00  0.00  0.00  0.00  0.00  0.00  0.00  0.00

 0.00  0.00  0.00  0.00  0.00  0.00  0.00  0.00  0.00
 0.00  0.00
C0 Transformation Matrix:T( 64, 56)
    5
 0.00  0.00  0.00  0.00  1.00  0.00  0.00  0.00  0.00
 0.00  0.00  0.00  0.00  0.00  0.00  0.00  0.00  0.00
 0.00  0.00  0.00  0.00  0.00  0.00  0.00  0.00  0.00
 0.00  0.00  0.00  0.00  0.00  0.00  0.00  0.00  0.00
 0.00  0.00  0.00  0.00  0.00  0.00  0.00  0.00  0.00

 0.00  0.00  0.00  0.00  0.00  0.00  0.00  0.00  0.00
 0.00  0.00
C0 Transformation Matrix:T( 64, 56)
    6
 0.00  0.00  0.00  0.00  0.00  1.00  0.00  0.00  0.00
 0.00  0.00  0.00  0.00  0.00  0.00  0.00  0.00  0.00
 0.00  0.00  0.00  0.00  0.00  0.00  0.00  0.00  0.00
 0.00  0.00  0.00  0.00  0.00  0.00  0.00  0.00  0.00
 0.00  0.00  0.00  0.00  0.00  0.00  0.00  0.00  0.00

 0.00  0.00  0.00  0.00  0.00  0.00  0.00  0.00  0.00
 0.00  0.00
C0 Transformation Matrix:T( 64, 56)
    7
 0.00  0.00  0.00  0.00  0.00  0.00  1.00  0.00  0.00
 0.00  0.00  0.00  0.00  0.00  0.00  0.00  0.00  0.00
 0.00  0.00  0.00  0.00  0.00  0.00  0.00  0.00  0.00
 0.00  0.00  0.00  0.00  0.00  0.00  0.00  0.00  0.00
 0.00  0.00  0.00  0.00  0.00  0.00  0.00  0.00  0.00

 0.00  0.00  0.00  0.00  0.00  0.00  0.00  0.00  0.00
 0.00  0.00
C0 Transformation Matrix:T( 64, 56)
    8
 0.00  0.00  0.00  0.00  0.00  0.00  0.00  1.00  0.00
 0.00  0.00  0.00  0.00  0.00  0.00  0.00  0.00  0.00
 0.00  0.00  0.00  0.00  0.00  0.00  0.00  0.00  0.00
 0.00  0.00  0.00  0.00  0.00  0.00  0.00  0.00  0.00
 0.00  0.00  0.00  0.00  0.00  0.00  0.00  0.00  0.00

 0.00  0.00  0.00  0.00  0.00  0.00  0.00  0.00  0.00
 0.00  0.00
C0 Transformation Matrix:T( 64, 56)
    9
 0.00  0.00  0.00  0.00  0.00  0.00  0.00  0.00  1.00
 0.00  0.00  0.00  0.00  0.00  0.00  0.00  0.00  0.00
 0.00  0.00  0.00  0.00  0.00  0.00  0.00  0.00  0.00
 0.00  0.00  0.00  0.00  0.00  0.00  0.00  0.00  0.00
 0.00  0.00  0.00  0.00  0.00  0.00  0.00  0.00  0.00

 0.00  0.00  0.00  0.00  0.00  0.00  0.00  0.00  0.00
 0.00  0.00
C0 Transformation Matrix:T( 64, 56)
   10
 0.00  0.00  0.00  0.00  0.00  0.00  0.00  0.00  0.00
 1.00  0.00  0.00  0.00  0.00  0.00  0.00  0.00  0.00
 0.00  0.00  0.00  0.00  0.00  0.00  0.00  0.00  0.00
 0.00  0.00  0.00  0.00  0.00  0.00  0.00  0.00  0.00
 0.00  0.00  0.00  0.00  0.00  0.00  0.00  0.00  0.00

 0.00  0.00  0.00  0.00  0.00  0.00  0.00  0.00  0.00
 0.00  0.00
C0 Transformation Matrix:T( 64, 56)
   11
 0.00  0.00  0.00  0.00  0.00  0.00  0.00  0.00  0.00
 0.00  1.00  0.00  0.00  0.00  0.00  0.00  0.00  0.00
 0.00  0.00  0.00  0.00  0.00  0.00  0.00  0.00  0.00
 0.00  0.00  0.00  0.00  0.00  0.00  0.00  0.00  0.00
 0.00  0.00  0.00  0.00  0.00  0.00  0.00  0.00  0.00

 0.00  0.00  0.00  0.00  0.00  0.00  0.00  0.00  0.00
 0.00  0.00
C0 Transformation Matrix:T( 64, 56)
   12
 0.00  0.00  0.00  0.00  0.00  0.00  0.00  0.00  0.00
 0.00  0.00  1.00  0.00  0.00  0.00  0.00  0.00  0.00
 0.00  0.00  0.00  0.00  0.00  0.00  0.00  0.00  0.00
 0.00  0.00  0.00  0.00  0.00  0.00  0.00  0.00  0.00
 0.00  0.00  0.00  0.00  0.00  0.00  0.00  0.00  0.00

 0.00  0.00  0.00  0.00  0.00  0.00  0.00  0.00  0.00
 0.00  0.00
C0 Transformation Matrix:T( 64, 56)
   13
 0.00  0.00  0.00  0.00  0.00  0.00  0.00  0.00  0.00
 0.00  0.00  0.00  1.00  0.00  0.00  0.00  0.00  0.00
 0.00  0.00  0.00  0.00  0.00  0.00  0.00  0.00  0.00
 0.00  0.00  0.00  0.00  0.00  0.00  0.00  0.00  0.00
 0.00  0.00  0.00  0.00  0.00  0.00  0.00  0.00  0.00

 0.00  0.00  0.00  0.00  0.00  0.00  0.00  0.00  0.00
 0.00  0.00
C0 Transformation Matrix:T( 64, 56)
   14
 0.00  0.00  0.00  0.00  0.00  0.00  0.00  0.00  0.00
 0.00  0.00  0.00  0.00  1.00  0.00  0.00  0.00  0.00
 0.00  0.00  0.00  0.00  0.00  0.00  0.00  0.00  0.00
 0.00  0.00  0.00  0.00  0.00  0.00  0.00  0.00  0.00
 0.00  0.00  0.00  0.00  0.00  0.00  0.00  0.00  0.00

 0.00  0.00  0.00  0.00  0.00  0.00  0.00  0.00  0.00
 0.00  0.00
C0 Transformation Matrix:T( 64, 56)
   15
 0.00  0.00  0.00  0.00  0.00  0.00  0.00  0.00  0.00
 0.00  0.00  0.00  0.00  0.00  1.00  0.00  0.00  0.00
 0.00  0.00  0.00  0.00  0.00  0.00  0.00  0.00  0.00
 0.00  0.00  0.00  0.00  0.00  0.00  0.00  0.00  0.00
 0.00  0.00  0.00  0.00  0.00  0.00  0.00  0.00  0.00

 0.00  0.00  0.00  0.00  0.00  0.00  0.00  0.00  0.00
 0.00  0.00
C0 Transformation Matrix:T( 64, 56)
   16
 0.00  0.00  0.00  0.00  0.00  0.00  0.00  0.00  0.00
 0.00  0.00  0.00  0.00  0.00  0.00  1.00  0.00  0.00
 0.00  0.00  0.00  0.00  0.00  0.00  0.00  0.00  0.00
 0.00  0.00  0.00  0.00  0.00  0.00  0.00  0.00  0.00
 0.00  0.00  0.00  0.00  0.00  0.00  0.00  0.00  0.00

 0.00  0.00  0.00  0.00  0.00  0.00  0.00  0.00  0.00
 0.00  0.00
C0 Transformation Matrix:T( 64, 56)
   17
 0.00  0.00  0.00  0.00  0.00  0.00  0.00  0.00  0.00
 0.00  0.00  0.00  0.00  0.00  0.00  0.00  1.00  0.00
 0.00  0.00  0.00  0.00  0.00  0.00  0.00  0.00  0.00
 0.00  0.00  0.00  0.00  0.00  0.00  0.00  0.00  0.00
 0.00  0.00  0.00  0.00  0.00  0.00  0.00  0.00  0.00

 0.00  0.00  0.00  0.00  0.00  0.00  0.00  0.00  0.00
 0.00  0.00
C0 Transformation Matrix:T( 64, 56)
   18
 0.00  0.00  0.00  0.00  0.00  0.00  0.00  0.00  0.00
 0.00  0.00  0.00  0.00  0.00  0.00  0.00  0.00  1.00
 0.00  0.00  0.00  0.00  0.00  0.00  0.00  0.00  0.00
 0.00  0.00  0.00  0.00  0.00  0.00  0.00  0.00  0.00
 0.00  0.00  0.00  0.00  0.00  0.00  0.00  0.00  0.00

 0.00  0.00  0.00  0.00  0.00  0.00  0.00  0.00  0.00
 0.00  0.00
C0 Transformation Matrix:T( 64, 56)
   19
 0.00  0.00  0.00  0.00  0.00  0.00  0.00  0.00  0.00
 0.00  0.00  0.00  0.00  0.00  0.00  0.00  0.00  0.00
 1.00  0.00  0.00  0.00  0.00  0.00  0.00  0.00  0.00
 0.00  0.00  0.00  0.00  0.00  0.00  0.00  0.00  0.00
 0.00  0.00  0.00  0.00  0.00  0.00  0.00  0.00  0.00

 0.00  0.00  0.00  0.00  0.00  0.00  0.00  0.00  0.00
 0.00  0.00
C0 Transformation Matrix:T( 64, 56)
   20
 0.00  0.00  0.00  0.00  0.00  0.00  0.00  0.00  0.00
 0.00  0.00  0.00  0.00  0.00  0.00  0.00  0.00  0.00
 0.00  1.00  0.00  0.00  0.00  0.00  0.00  0.00  0.00
 0.00  0.00  0.00  0.00  0.00  0.00  0.00  0.00  0.00
 0.00  0.00  0.00  0.00  0.00  0.00  0.00  0.00  0.00

 0.00  0.00  0.00  0.00  0.00  0.00  0.00  0.00  0.00
 0.00  0.00
C0 Transformation Matrix:T( 64, 56)
   21
 0.00  0.00  0.00  0.00  0.00  0.00  0.00  0.00  0.00
 0.00  0.00  0.00  0.00  0.00  0.00  0.00  0.00  0.00
 0.00  0.00  1.00  0.00  0.00  0.00  0.00  0.00  0.00
 0.00  0.00  0.00  0.00  0.00  0.00  0.00  0.00  0.00
 0.00  0.00  0.00  0.00  0.00  0.00  0.00  0.00  0.00

 0.00  0.00  0.00  0.00  0.00  0.00  0.00  0.00  0.00
 0.00  0.00
C0 Transformation Matrix:T( 64, 56)
   22
 0.00  0.00  0.00  0.00  0.00  0.00  0.00  0.00  0.00
 0.00  0.00  0.00  0.00  0.00  0.00  0.00  0.00  0.00
 0.00  0.00  0.00  1.00  0.00  0.00  0.00  0.00  0.00
 0.00  0.00  0.00  0.00  0.00  0.00  0.00  0.00  0.00
 0.00  0.00  0.00  0.00  0.00  0.00  0.00  0.00  0.00

 0.00  0.00  0.00  0.00  0.00  0.00  0.00  0.00  0.00
 0.00  0.00
C0 Transformation Matrix:T( 64, 56)
   23
 0.00  0.00  0.00  0.00  0.00  0.00  0.00  0.00  0.00
 0.00  0.00  0.00  0.00  0.00  0.00  0.00  0.00  0.00
 0.00  0.00  0.00  0.00  1.00  0.00  0.00  0.00  0.00
 0.00  0.00  0.00  0.00  0.00  0.00  0.00  0.00  0.00
 0.00  0.00  0.00  0.00  0.00  0.00  0.00  0.00  0.00

 0.00  0.00  0.00  0.00  0.00  0.00  0.00  0.00  0.00
 0.00  0.00
C0 Transformation Matrix:T( 64, 56)
   24
 0.00  0.00  0.00  0.00  0.00  0.00  0.00  0.00  0.00
 0.00  0.00  0.00  0.00  0.00  0.00  0.00  0.00  0.00
 0.00  0.00  0.00  0.00  0.00  1.00  0.00  0.00  0.00
 0.00  0.00  0.00  0.00  0.00  0.00  0.00  0.00  0.00
 0.00  0.00  0.00  0.00  0.00  0.00  0.00  0.00  0.00

 0.00  0.00  0.00  0.00  0.00  0.00  0.00  0.00  0.00
 0.00  0.00
C0 Transformation Matrix:T( 64, 56)
   25
 0.00  0.00  0.00  0.00  0.00  0.00  0.00  0.00  0.00
 0.00  0.00  0.00  0.00  0.00  0.00  0.00  0.00  0.00
 0.00  0.00  0.00  0.00  0.00  0.00  1.00  0.00  0.00
 0.00  0.00  0.00  0.00  0.00  0.00  0.00  0.00  0.00
 0.00  0.00  0.00  0.00  0.00  0.00  0.00  0.00  0.00

 0.00  0.00  0.00  0.00  0.00  0.00  0.00  0.00  0.00
 0.00  0.00
C0 Transformation Matrix:T( 64, 56)
   26
 0.00  0.00  0.00  0.00  0.00  0.00  0.00  0.00  0.00
 0.00  0.00  0.00  0.00  0.00  0.00  0.00  0.00  0.00
 0.00  0.00  0.00  0.00  0.00  0.00  0.00  1.00  0.00
 0.00  0.00  0.00  0.00  0.00  0.00  0.00  0.00  0.00
 0.00  0.00  0.00  0.00  0.00  0.00  0.00  0.00  0.00

 0.00  0.00  0.00  0.00  0.00  0.00  0.00  0.00  0.00
 0.00  0.00
C0 Transformation Matrix:T( 64, 56)
   27
 0.00  0.00  0.00  0.00  0.00  0.00  0.00  0.00  0.00
 0.00  0.00  0.00  0.00  0.00  0.00  0.00  0.00  0.00
 0.00  0.00  0.00  0.00  0.00  0.00  0.00  0.00  1.00
 0.00  0.00  0.00  0.00  0.00  0.00  0.00  0.00  0.00
 0.00  0.00  0.00  0.00  0.00  0.00  0.00  0.00  0.00

 0.00  0.00  0.00  0.00  0.00  0.00  0.00  0.00  0.00
 0.00  0.00
C0 Transformation Matrix:T( 64, 56)
   28
 0.00  0.00  0.00  0.00  0.00  0.00  0.00  0.00  0.00
 0.00  0.00  0.00  0.00  0.00  0.00  0.00  0.00  0.00
 0.00  0.00  0.00  0.00  0.00  0.00  0.00  0.00  0.00
 1.00  0.00  0.00  0.00  0.00  0.00  0.00  0.00  0.00
 0.00  0.00  0.00  0.00  0.00  0.00  0.00  0.00  0.00

 0.00  0.00  0.00  0.00  0.00  0.00  0.00  0.00  0.00
 0.00  0.00
C0 Transformation Matrix:T( 64, 56)
   29
 0.00  0.00  0.00  0.00  0.00  0.00  0.00  0.00  0.00
 0.00  0.00  0.00  0.00  0.00  0.00  0.00  0.00  0.00
 0.00  0.00  0.00  0.00  0.00  0.00  0.00  0.00  0.00
 0.00  1.00  0.00  0.00  0.00  0.00  0.00  0.00  0.00
 0.00  0.00  0.00  0.00  0.00  0.00  0.00  0.00  0.00

 0.00  0.00  0.00  0.00  0.00  0.00  0.00  0.00  0.00
 0.00  0.00
C0 Transformation Matrix:T( 64, 56)
   30
 0.00  0.00  0.00  0.00  0.00  0.00  0.00  0.00  0.00
 0.00  0.00  0.00  0.00  0.00  0.00  0.00  0.00  0.00
 0.00  0.00  0.00  0.00  0.00  0.00  0.00  0.00  0.00
 0.00  0.00  1.00  0.00  0.00  0.00  0.00  0.00  0.00
 0.00  0.00  0.00  0.00  0.00  0.00  0.00  0.00  0.00

 0.00  0.00  0.00  0.00  0.00  0.00  0.00  0.00  0.00
 0.00  0.00
C0 Transformation Matrix:T( 64, 56)
   31
 0.00  0.00  0.00  0.00  0.00  0.00  0.00  0.00  0.00
 0.00  0.00  0.00  0.00  0.00  0.00  0.00  0.00  0.00
 0.00  0.00  0.00  0.00  0.00  0.00  0.00  0.00  0.00
 0.00  0.00  0.00  1.00  0.00  0.00  0.00  0.00  0.00
 0.00  0.00  0.00  0.00  0.00  0.00  0.00  0.00  0.00

 0.00  0.00  0.00  0.00  0.00  0.00  0.00  0.00  0.00
 0.00  0.00
C0 Transformation Matrix:T( 64, 56)
   32
 0.00  0.00  0.00  0.00  0.00  0.00  0.00  0.00  0.00
 0.00  0.00  0.00  0.00  0.00  0.00  0.00  0.00  0.00
 0.00  0.00  0.00  0.00  0.00  0.00  0.00  0.00  0.00
 0.00  0.00  0.00  0.00  1.00  0.00  0.00  0.00  0.00
 0.00  0.00  0.00  0.00  0.00  0.00  0.00  0.00  0.00

 0.00  0.00  0.00  0.00  0.00  0.00  0.00  0.00  0.00
 0.00  0.00
C0 Transformation Matrix:T( 64, 56)
   33
 0.00  0.00  0.00  1.00  0.00  0.00  0.00  0.00  0.00
 0.00  0.00  0.00  0.00  0.00  0.00  0.00  0.00  0.00
 0.00  0.00  0.00  0.00  0.00  0.00  0.00  0.00  0.00
 0.00  0.00  0.00  0.00  0.00  0.00  0.00  0.00  0.00
 0.00  0.00  0.00  0.00  0.00  0.00  0.00  0.00  0.00

 0.00  0.00  0.00  0.00  0.00  0.00  0.00  0.00  0.00
 0.00  0.00
C0 Transformation Matrix:T( 64, 56)
   34
 0.00  0.00  0.00  0.00  0.00  0.00  0.00  0.00  0.00
 0.00  0.00  0.00  0.00  0.00  0.00  0.00  0.00  0.00
 0.00  0.00  0.00  0.00  0.00  0.00  0.00  0.00  0.00
 0.00  0.00  0.00  0.00  0.00  1.00  0.00  0.00  0.00
 0.00  0.00  0.00  0.00  0.00  0.00  0.00  0.00  0.00

 0.00  0.00  0.00  0.00  0.00  0.00  0.00  0.00  0.00
 0.00  0.00
C0 Transformation Matrix:T( 64, 56)
   35
 0.00  0.00  0.00  0.00  0.00  0.00  0.00  0.00  0.00
 0.00  0.00  0.00  0.00  0.00  0.00  0.00  0.00  0.00
 0.00  0.00  0.00  0.00  0.00  0.00  0.00  0.00  0.00
 0.00  0.00  0.00  0.00  0.00  0.00  1.00  0.00  0.00
 0.00  0.00  0.00  0.00  0.00  0.00  0.00  0.00  0.00

 0.00  0.00  0.00  0.00  0.00  0.00  0.00  0.00  0.00
 0.00  0.00
C0 Transformation Matrix:T( 64, 56)
   36
 0.00  0.00  0.00  0.00  0.00  0.00  0.00  0.00  0.00
 0.00  0.00  0.00  0.00  0.00  0.00  0.00  0.00  0.00
 0.00  0.00  0.00  0.00  0.00  0.00  0.00  0.00  0.00
 0.00  0.00  0.00  0.00  0.00  0.00  0.00  1.00  0.00
 0.00  0.00  0.00  0.00  0.00  0.00  0.00  0.00  0.00

 0.00  0.00  0.00  0.00  0.00  0.00  0.00  0.00  0.00
 0.00  0.00
C0 Transformation Matrix:T( 64, 56)
   37
 0.00  0.00  0.00  0.00  0.00  0.00  0.00  1.00  0.00
 0.00  0.00  0.00  0.00  0.00  0.00  0.00  0.00  0.00
 0.00  0.00  0.00  0.00  0.00  0.00  0.00  0.00  0.00
 0.00  0.00  0.00  0.00  0.00  0.00  0.00  0.00  0.00
 0.00  0.00  0.00  0.00  0.00  0.00  0.00  0.00  0.00

 0.00  0.00  0.00  0.00  0.00  0.00  0.00  0.00  0.00
 0.00  0.00
C0 Transformation Matrix:T( 64, 56)
   38
 0.00  0.00  0.00  0.00  0.00  0.00  0.00  0.00  0.00
 0.00  0.00  0.00  0.00  0.00  0.00  0.00  0.00  0.00
 0.00  0.00  0.00  0.00  0.00  0.00  0.00  0.00  0.00
 0.00  0.00  0.00  0.00  0.00  0.00  0.00  0.00  1.00
 0.00  0.00  0.00  0.00  0.00  0.00  0.00  0.00  0.00

 0.00  0.00  0.00  0.00  0.00  0.00  0.00  0.00  0.00
 0.00  0.00
C0 Transformation Matrix:T( 64, 56)
   39
 0.00  0.00  0.00  0.00  0.00  0.00  0.00  0.00  0.00
 0.00  0.00  0.00  0.00  0.00  0.00  0.00  0.00  0.00
 0.00  0.00  0.00  0.00  0.00  0.00  0.00  0.00  0.00
 0.00  0.00  0.00  0.00  0.00  0.00  0.00  0.00  0.00
 1.00  0.00  0.00  0.00  0.00  0.00  0.00  0.00  0.00

 0.00  0.00  0.00  0.00  0.00  0.00  0.00  0.00  0.00
 0.00  0.00
C0 Transformation Matrix:T( 64, 56)
   40
 0.00  0.00  0.00  0.00  0.00  0.00  0.00  0.00  0.00
 0.00  0.00  0.00  0.00  0.00  0.00  0.00  0.00  0.00
 0.00  0.00  0.00  0.00  0.00  0.00  0.00  0.00  0.00
 0.00  0.00  0.00  0.00  0.00  0.00  0.00  0.00  0.00
 0.00  1.00  0.00  0.00  0.00  0.00  0.00  0.00  0.00

 0.00  0.00  0.00  0.00  0.00  0.00  0.00  0.00  0.00
 0.00  0.00
C0 Transformation Matrix:T( 64, 56)
   41
 0.00  0.00  0.00  0.00  0.00  0.00  0.00  0.00  0.00
 0.00  0.00  1.00  0.00  0.00  0.00  0.00  0.00  0.00
 0.00  0.00  0.00  0.00  0.00  0.00  0.00  0.00  0.00
 0.00  0.00  0.00  0.00  0.00  0.00  0.00  0.00  0.00
 0.00  0.00  0.00  0.00  0.00  0.00  0.00  0.00  0.00

 0.00  0.00  0.00  0.00  0.00  0.00  0.00  0.00  0.00
 0.00  0.00
C0 Transformation Matrix:T( 64, 56)
   42
 0.00  0.00  0.00  0.00  0.00  0.00  0.00  0.00  0.00
 0.00  0.00  0.00  0.00  0.00  0.00  0.00  0.00  0.00
 0.00  0.00  0.00  0.00  0.00  0.00  0.00  0.00  0.00
 0.00  0.00  0.00  0.00  0.00  0.00  0.00  0.00  0.00
 0.00  0.00  1.00  0.00  0.00  0.00  0.00  0.00  0.00

 0.00  0.00  0.00  0.00  0.00  0.00  0.00  0.00  0.00
 0.00  0.00
C0 Transformation Matrix:T( 64, 56)
   43
 0.00  0.00  0.00  0.00  0.00  0.00  0.00  0.00  0.00
 0.00  0.00  0.00  0.00  0.00  0.00  0.00  0.00  0.00
 0.00  0.00  0.00  0.00  0.00  0.00  0.00  0.00  0.00
 0.00  0.00  0.00  0.00  0.00  0.00  0.00  0.00  0.00
 0.00  0.00  0.00  1.00  0.00  0.00  0.00  0.00  0.00

 0.00  0.00  0.00  0.00  0.00  0.00  0.00  0.00  0.00
 0.00  0.00
C0 Transformation Matrix:T( 64, 56)
   44
 0.00  0.00  0.00  0.00  0.00  0.00  0.00  0.00  0.00
 0.00  0.00  0.00  0.00  0.00  0.00  0.00  0.00  0.00
 0.00  0.00  0.00  0.00  0.00  0.00  0.00  0.00  0.00
 0.00  0.00  0.00  0.00  0.00  0.00  0.00  0.00  0.00
 0.00  0.00  0.00  0.00  1.00  0.00  0.00  0.00  0.00

 0.00  0.00  0.00  0.00  0.00  0.00  0.00  0.00  0.00
 0.00  0.00
C0 Transformation Matrix:T( 64, 56)
   45
 0.00  0.00  0.00  0.00  0.00  0.00  0.00  0.00  0.00
 0.00  0.00  0.00  0.00  0.00  0.00  1.00  0.00  0.00
 0.00  0.00  0.00  0.00  0.00  0.00  0.00  0.00  0.00
 0.00  0.00  0.00  0.00  0.00  0.00  0.00  0.00  0.00
 0.00  0.00  0.00  0.00  0.00  0.00  0.00  0.00  0.00

 0.00  0.00  0.00  0.00  0.00  0.00  0.00  0.00  0.00
 0.00  0.00
C0 Transformation Matrix:T( 64, 56)
   46
 0.00  0.00  0.00  0.00  0.00  0.00  0.00  0.00  0.00
 0.00  0.00  0.00  0.00  0.00  0.00  0.00  0.00  0.00
 0.00  0.00  0.00  0.00  0.00  0.00  0.00  0.00  0.00
 0.00  0.00  0.00  0.00  0.00  0.00  0.00  0.00  0.00
 0.00  0.00  0.00  0.00  0.00  1.00  0.00  0.00  0.00

 0.00  0.00  0.00  0.00  0.00  0.00  0.00  0.00  0.00
 0.00  0.00
C0 Transformation Matrix:T( 64, 56)
   47
 0.00  0.00  0.00  0.00  0.00  0.00  0.00  0.00  0.00
 0.00  0.00  0.00  0.00  0.00  0.00  0.00  0.00  0.00
 0.00  0.00  0.00  0.00  0.00  0.00  0.00  0.00  0.00
 0.00  0.00  0.00  0.00  0.00  0.00  0.00  0.00  0.00
 0.00  0.00  0.00  0.00  0.00  0.00  1.00  0.00  0.00

 0.00  0.00  0.00  0.00  0.00  0.00  0.00  0.00  0.00
 0.00  0.00
C0 Transformation Matrix:T( 64, 56)
   48
 0.00  0.00  0.00  0.00  0.00  0.00  0.00  0.00  0.00
 0.00  0.00  0.00  0.00  0.00  0.00  0.00  0.00  0.00
 0.00  0.00  0.00  0.00  0.00  0.00  0.00  0.00  0.00
 0.00  0.00  0.00  0.00  0.00  0.00  0.00  0.00  0.00
 0.00  0.00  0.00  0.00  0.00  0.00  0.00  1.00  0.00

 0.00  0.00  0.00  0.00  0.00  0.00  0.00  0.00  0.00
 0.00  0.00
C0 Transformation Matrix:T( 64, 56)
   49
 0.00  0.00  0.00  0.00  0.00  0.00  0.00  0.00  0.00
 0.00  0.00  0.00  0.00  0.00  0.00  0.00  0.00  0.00
 0.00  1.00  0.00  0.00  0.00  0.00  0.00  0.00  0.00
 0.00  0.00  0.00  0.00  0.00  0.00  0.00  0.00  0.00
 0.00  0.00  0.00  0.00  0.00  0.00  0.00  0.00  0.00

 0.00  0.00  0.00  0.00  0.00  0.00  0.00  0.00  0.00
 0.00  0.00
C0 Transformation Matrix:T( 64, 56)
   50
 0.00  0.00  0.00  0.00  0.00  0.00  0.00  0.00  0.00
 0.00  0.00  0.00  0.00  0.00  0.00  0.00  0.00  0.00
 0.00  0.00  0.00  0.00  0.00  0.00  0.00  0.00  0.00
 0.00  0.00  0.00  0.00  0.00  0.00  0.00  0.00  0.00
 0.00  0.00  0.00  0.00  0.00  0.00  0.00  0.00  1.00

 0.00  0.00  0.00  0.00  0.00  0.00  0.00  0.00  0.00
 0.00  0.00
C0 Transformation Matrix:T( 64, 56)
   51
 0.00  0.00  0.00  0.00  0.00  0.00  0.00  0.00  0.00
 0.00  0.00  0.00  0.00  0.00  0.00  0.00  0.00  0.00
 0.00  0.00  0.00  0.00  0.00  0.00  0.00  0.00  0.00
 0.00  0.00  0.00  0.00  0.00  0.00  0.00  0.00  0.00
 0.00  0.00  0.00  0.00  0.00  0.00  0.00  0.00  0.00

 1.00  0.00  0.00  0.00  0.00  0.00  0.00  0.00  0.00
 0.00  0.00
C0 Transformation Matrix:T( 64, 56)
   52
 0.00  0.00  0.00  0.00  0.00  0.00  0.00  0.00  0.00
 0.00  0.00  0.00  0.00  0.00  0.00  0.00  0.00  0.00
 0.00  0.00  0.00  0.00  0.00  0.00  0.00  0.00  0.00
 0.00  0.00  0.00  0.00  0.00  0.00  0.00  0.00  0.00
 0.00  0.00  0.00  0.00  0.00  0.00  0.00  0.00  0.00

 0.00  1.00  0.00  0.00  0.00  0.00  0.00  0.00  0.00
 0.00  0.00
C0 Transformation Matrix:T( 64, 56)
   53
 0.00  0.00  0.00  0.00  0.00  0.00  0.00  0.00  0.00
 0.00  0.00  0.00  0.00  0.00  0.00  0.00  0.00  0.00
 0.00  0.00  0.00  0.00  0.00  1.00  0.00  0.00  0.00
 0.00  0.00  0.00  0.00  0.00  0.00  0.00  0.00  0.00
 0.00  0.00  0.00  0.00  0.00  0.00  0.00  0.00  0.00

 0.00  0.00  0.00  0.00  0.00  0.00  0.00  0.00  0.00
 0.00  0.00
C0 Transformation Matrix:T( 64, 56)
   54
 0.00  0.00  0.00  0.00  0.00  0.00  0.00  0.00  0.00
 0.00  0.00  0.00  0.00  0.00  0.00  0.00  0.00  0.00
 0.00  0.00  0.00  0.00  0.00  0.00  0.00  0.00  0.00
 0.00  0.00  0.00  0.00  0.00  0.00  0.00  0.00  0.00
 0.00  0.00  0.00  0.00  0.00  0.00  0.00  0.00  0.00

 0.00  0.00  1.00  0.00  0.00  0.00  0.00  0.00  0.00
 0.00  0.00
C0 Transformation Matrix:T( 64, 56)
   55
 0.00  0.00  0.00  0.00  0.00  0.00  0.00  0.00  0.00
 0.00  0.00  0.00  0.00  0.00  0.00  0.00  0.00  0.00
 0.00  0.00  0.00  0.00  0.00  0.00  0.00  0.00  0.00
 0.00  0.00  0.00  0.00  0.00  0.00  0.00  0.00  0.00
 0.00  0.00  0.00  0.00  0.00  0.00  0.00  0.00  0.00

 0.00  0.00  0.00  1.00  0.00  0.00  0.00  0.00  0.00
 0.00  0.00
C0 Transformation Matrix:T( 64, 56)
   56
 0.00  0.00  0.00  0.00  0.00  0.00  0.00  0.00  0.00
 0.00  0.00  0.00  0.00  0.00  0.00  0.00  0.00  0.00
 0.00  0.00  0.00  0.00  0.00  0.00  0.00  0.00  0.00
 0.00  0.00  0.00  0.00  0.00  0.00  0.00  0.00  0.00
 0.00  0.00  0.00  0.00  0.00  0.00  0.00  0.00  0.00

 0.00  0.00  0.00  0.00  1.00  0.00  0.00  0.00  0.00
 0.00  0.00
C0 Transformation Matrix:T( 64, 56)
   57
 0.00  0.00  0.00  0.00  0.00  0.00  0.00  0.00  0.00
 0.00  0.00  0.00  0.00  0.00  0.00  0.00  0.00  0.00
 0.00  0.00  0.00  0.00  0.00  0.00  0.00  0.00  0.00
 1.00  0.00  0.00  0.00  0.00  0.00  0.00  0.00  0.00
 0.00  0.00  0.00  0.00  0.00  0.00  0.00  0.00  0.00

 0.00  0.00  0.00  0.00  0.00  0.00  0.00  0.00  0.00
 0.00  0.00
C0 Transformation Matrix:T( 64, 56)
   58
 0.00  0.00  0.00  0.00  0.00  0.00  0.00  0.00  0.00
 0.00  0.00  0.00  0.00  0.00  0.00  0.00  0.00  0.00
 0.00  0.00  0.00  0.00  0.00  0.00  0.00  0.00  0.00
 0.00  0.00  0.00  0.00  0.00  0.00  0.00  0.00  0.00
 0.00  0.00  0.00  0.00  0.00  0.00  0.00  0.00  0.00

 0.00  0.00  0.00  0.00  0.00  1.00  0.00  0.00  0.00
 0.00  0.00
C0 Transformation Matrix:T( 64, 56)
   59
 0.00  0.00  0.00  0.00  0.00  0.00  0.00  0.00  0.00
 0.00  0.00  0.00  0.00  0.00  0.00  0.00  0.00  0.00
 0.00  0.00  0.00  0.00  0.00  0.00  0.00  0.00  0.00
 0.00  0.00  0.00  0.00  0.00  0.00  0.00  0.00  0.00
 0.00  0.00  0.00  0.00  0.00  0.00  0.00  0.00  0.00

 0.00  0.00  0.00  0.00  0.00  0.00  1.00  0.00  0.00
 0.00  0.00
C0 Transformation Matrix:T( 64, 56)
   60
 0.00  0.00  0.00  0.00  0.00  0.00  0.00  0.00  0.00
 0.00  0.00  0.00  0.00  0.00  0.00  0.00  0.00  0.00
 0.00  0.00  0.00  0.00  0.00  0.00  0.00  0.00  0.00
 0.00  0.00  0.00  0.00  0.00  0.00  0.00  0.00  0.00
 0.00  0.00  0.00  0.00  0.00  0.00  0.00  0.00  0.00

 0.00  0.00  0.00  0.00  0.00  0.00  0.00  1.00  0.00
 0.00  0.00
C0 Transformation Matrix:T( 64, 56)
   61
 0.00  0.00  0.00  0.00  0.00  0.00  0.00  0.00  0.00
 0.00  0.00  0.00  0.00  0.00  0.00  0.00  0.00  0.00
 0.00  0.00  0.00  0.00  0.00  0.00  0.00  0.00  0.00
 0.00  0.00  0.00  0.00  1.00  0.00  0.00  0.00  0.00
 0.00  0.00  0.00  0.00  0.00  0.00  0.00  0.00  0.00

 0.00  0.00  0.00  0.00  0.00  0.00  0.00  0.00  0.00
 0.00  0.00
C0 Transformation Matrix:T( 64, 56)
   62
 0.00  0.00  0.00  0.00  0.00  0.00  0.00  0.00  0.00
 0.00  0.00  0.00  0.00  0.00  0.00  0.00  0.00  0.00
 0.00  0.00  0.00  0.00  0.00  0.00  0.00  0.00  0.00
 0.00  0.00  0.00  0.00  0.00  0.00  0.00  0.00  0.00
 0.00  0.00  0.00  0.00  0.00  0.00  0.00  0.00  0.00

 0.00  0.00  0.00  0.00  0.00  0.00  0.00  0.00  1.00
 0.00  0.00
C0 Transformation Matrix:T( 64, 56)
   63
 0.00  0.00  0.00  0.00  0.00  0.00  0.00  0.00  0.00
 0.00  0.00  0.00  0.00  0.00  0.00  0.00  0.00  0.00
 0.00  0.00  0.00  0.00  0.00  0.00  0.00  0.00  0.00
 0.00  0.00  0.00  0.00  0.00  0.00  0.00  0.00  0.00
 0.00  0.00  0.00  0.00  0.00  0.00  0.00  0.00  0.00

 0.00  0.00  0.00  0.00  0.00  0.00  0.00  0.00  0.00
 1.00  0.00
C0 Transformation Matrix:T( 64, 56)
   64
 0.00  0.00  0.00  0.00  0.00  0.00  0.00  0.00  0.00
 0.00  0.00  0.00  0.00  0.00  0.00  0.00  0.00  0.00
 0.00  0.00  0.00  0.00  0.00  0.00  0.00  0.00  0.00
 0.00  0.00  0.00  0.00  0.00  0.00  0.00  0.00  0.00
 0.00  0.00  0.00  0.00  0.00  0.00  0.00  0.00  0.00

 0.00  0.00  0.00  0.00  0.00  0.00  0.00  0.00  0.00
 0.00  1.00
