Microsoft (R) Help Compiler
HCRTF 4.03.0002
Copyright (c) Microsoft Corp 1990 - 1995. All rights reserved.
Hlp_gig.hpj
    HC3037: Warning: c:\drgraf4_0\Applic\drgraf.hm : 
	The map value for "HIDM_3D_PROJECTION_PERSPECTIVE" is the same as the map value for "HIDM_OPTION_DIALOG".
    HC3037: Warning: c:\drgraf4_0\Applic\drgraf.hm : 
	The map value for "HIDM_3D_AMBIENTLIGHT" is the same as the map value for "HIDM_EDIT_CLEARALL".
    HC3037: Warning: c:\drgraf4_0\Applic\drgraf.hm : 
	The map value for "HIDM_NOSHOW_NORMALS" is the same as the map value for "HIDM_VIEW_CARDDECK".
    HC3037: Warning: c:\drgraf4_0\Applic\drgraf.hm : 
	The map value for "HIDM_NOSHOW_2DLABEL" is the same as the map value for "HIDM_ELEMENTS_PIPE".
    HC3037: Warning: c:\drgraf4_0\Applic\drgraf.hm : 
	The map value for "HIDM_NOSHOW_3DLABEL" is the same as the map value for "HIDM_ELEMENTS_BEAM".
    HC3037: Warning: c:\drgraf4_0\Applic\drgraf.hm : 
	The map value for "HID_PICK_OBJECT" is the same as the map value for "HIDM_ELEMENTS_SUPPORT".
    HC3037: Warning: c:\drgraf4_0\Applic\drgraf.hm : 
	The map value for "HID_PICK_SOLID" is the same as the map value for "HIDM_ELEMENTS_NL_SUPP".
    HC3037: Warning: c:\drgraf4_0\Applic\drgraf.hm : 
	The map value for "HIDM_VIEW_OPERBOX" is the same as the map value for "HIDM_VIEW_OPTIONBOX".
    HC3037: Warning: c:\drgraf4_0\Applic\drgraf.hm : 
	The map value for "HIDR_INPUTMENU" is the same as the map value for "HIDR_DRGRAFTYPE".
    HC3037: Warning: c:\drgraf4_0\Applic\drgraf.hm : 
	The map value for "HIDR_DRGRAFTYPE_CNTR_IP" is the same as the map value for "HIDR_DATATYPE".
    HC3037: Warning: c:\drgraf4_0\Applic\drgraf.hm : 
	The map value for "HIDD_FILE_PATH" is the same as the map value for "HIDR_VIEW31".
    HC3037: Warning: c:\drgraf4_0\Applic\drgraf.hm : 
	The map value for "HIDD_EDIT_LABEL" is the same as the map value for "HIDD_LIST".
    HC3037: Warning: C:\drgraf4_0\MMgrNod\MNodRsrc.hm : 
	The map value for "HIDD_CANCEL" is the same as the map value for "HIDCANCEL".
    HC1003: Note: topic #4 of C:\DrHlp4_0\GiG\Applic\.\..\Node\Hlp_nod.rtf : 
	A paragraph marker is formatted as a hidden character.
    HC1003: Note: topic #4 of C:\DrHlp4_0\GiG\Applic\.\..\Node\Hlp_nod.rtf : 
	A paragraph marker is formatted as a hidden character.
    HC1003: Note: topic #4 of C:\DrHlp4_0\GiG\Applic\.\..\Node\Hlp_nod.rtf : 
	A paragraph marker is formatted as a hidden character.
    HC1003: Note: topic #4 of C:\DrHlp4_0\GiG\Applic\.\..\Node\Hlp_nod.rtf : 
	A paragraph marker is formatted as a hidden character.
    HC3050: Warning: topic #10 of C:\DrHlp4_0\GiG\Applic\.\..\Node\Hlp_nod.rtf : 
	Missing Topic IDs in hypergraphic

    HC3025: Warning: MLDLG_NODE.SHG : 
	Jump to undefined Topic ID: "HIDD_CANCEL".
    HC3025: Warning: topic #10 of C:\DrHlp4_0\GiG\Applic\.\.\Hlp_gig.rtf : 
	Jump to undefined Topic ID: "GlossOptions_PenChange.12".
    HC3025: Warning: topic #12 of C:\DrHlp4_0\GiG\Applic\.\..\Node\Hlp_nod.rtf : 
	Jump to undefined Topic ID: "GlossCancel.14".
    HC3025: Warning: topic #12 of C:\DrHlp4_0\GiG\Applic\.\..\Node\Hlp_nod.rtf : 
	Jump to undefined Topic ID: "GlossThirdCoordinate.X.YorZ..22".
    HC3025: Warning: MLDLG_NODE.SHG : 
	Jump to undefined Topic ID: "HIDD_NOD_IN".
    HC3025: Warning: topic #12 of C:\DrHlp4_0\GiG\Applic\.\..\Node\Hlp_nod.rtf : 
	Jump to undefined Topic ID: "GlossNodeDataDialogBox.21".
    HC3025: Warning: topic #12 of C:\DrHlp4_0\GiG\Applic\.\..\Node\Hlp_nod.rtf : 
	Jump to undefined Topic ID: "GlossUpdate.23".
    HC3025: Warning: GENERATORS.SHG : 
	Jump to undefined Topic ID: "HBUT_IGEN_NODE".
    HC3025: Warning: topic #12 of C:\DrHlp4_0\GiG\Applic\.\..\Node\Hlp_nod.rtf : 
	Jump to undefined Topic ID: "GlossNID.19".
    HC3025: Warning: OPT_NODE.SHG : 
	Jump to undefined Topic ID: "HBUT_IGEN_CNODE".
    HC3025: Warning: GENERATORS.SHG : 
	Jump to undefined Topic ID: "HBUT_IGEN_CURVE".
    HC3025: Warning: OPT_NODE.SHG : 
	Jump to undefined Topic ID: "HBUT_IGEN_INODE".
    HC3025: Warning: GENERATORS.SHG : 
	Jump to undefined Topic ID: "HBUT_IGEN_PATCH".
    HC3025: Warning: GENERATORS.SHG : 
	Jump to undefined Topic ID: "HBUT_IGEN_SOLID".
    HC3025: Warning: topic #12 of C:\DrHlp4_0\GiG\Applic\.\..\Node\Hlp_nod.rtf : 
	Jump to undefined Topic ID: "GlossAdvanced.13".
    HC1010: Note: 
	The following mapped Topic IDs were not used in any topic:
	HID_SUMMARY_NODE_CONTROL
	HIDR_VIEWUNKNOWN
	HIDM_NODELABEL
	HIDM_NOSHOW_CNODES
	HIDOK
	HIDD_LABEL_EDIT
	HIDM_MODE_DESIGN
	HID_SUMMARY_STATIC_THERMAL
	HIDM_EDIT_CLEARALL
	HID_CANCEL_EDIT
	HID_SUMMARY_NODE_ALLTYPES
	HIDM_NOSHOW_VC_PLANE
	HIDM_3D_PROJECTION_PARALLEL
	HIDM_MODE_INTERPOLATE
	WhatisaNode.2
	HIDM_VIEW_INPUTSTATUS_DECORATORS
	HIDR_OUTPUTMENU
	HIDM_NOSHOW_P_OBJECT
	MeshNode.7
	HIDM_NOSHOW_STATIC_FORCE
	HID_INDICATOR_DRAWING
	HIDM_NOSHOW_CENTROID
	HowmanykindsofNode.4
	Howdowegenerate.8
	HIDM_NOSHOW_DIRTY
	HID_INDICATOR_TEXT_LAYER
	HIDM_DECK_SAP
	HIDM_DECK_TAB
	GlossNode.16
	HIDM_VIEW_INPUTSTATUS_CURRENT
	HIDM_NOSHOW_NODES
	HIDM_NOSHOW_STATIC_DISPLACE
	HIDM_NOSHOW_VC_VV
	HIDM_NOSHOW_VC_WC
	HIDM_EDIT_CLEAR_ALL
	HIDM_SPEC_SCALEFACTOR
	HIDD_NODE_DX
	HIDD_NODE_DY
	HIDD_NODE_DZ
	HIDD_NODE_ID
	HIDD_NODE_X2
	HIDD_NODE_Y2
	HIDD_NODE_Z2
	HIDM_VIEW_INPUTSTATUS_OPERATIONS
	HIDM_VIEW_12VIEW
	HIDM_3D_FS_PAINTER
	HIDD_OK
	HIDC_TRANHEAD
	HIDCANCEL
	HIDM_3D_EYEPOSITION
	HIDM_VIEW_23VIEW
	HIDD_NODE_NID_R
	HIDM_3D_FLATSHADING
	On.the.flyMode.10
	HIDM_VIEW_CARDDECK
	HIDD_EDIT
	HIDD_LIST
	HIDD_LIST
	HIDM_OPTION_RUBBERBAND
	HIDM_VIEW_CNTLBOX
	HIDM_VIEW_31VIEW
	HID_PICK_CONTROLNODE
	HID_SUMMARY_STATIC_GRAVITY
	HIDM_INPUT
	HID_NOSHOW_LABELS_3DPATCH
	HIDM_3D_ZB_PHONG
	GlossMeshNode.13
	GlossKinematic.12
	HIDM_VIEW_3DVIEW
	HID_SUMMARY_LINEARSUPPORT_RIGID
	HIDM_NOSHOW_P_CURVE
	HIDM_NOSHOW_LINEARSUPPORT_SNUBBER
	HIDM_MESH_BEZ
	HIDM_MESH_BSP
	HIDM_MESH_LIN
	HIDM_MESH_OFF
	HIDM_ELEMENTS_NL_SUPP
	HIDM_SPEC_LAYER
	HIDP_OLE_INIT_FAILED
	HIDM_NOSHOW_P_PATCH
	HIDM_SPEC_OBJ3D
	HIDM_SPEC_PAPER
	HIDM_SPEC_PATCH
	HIDM_NOSHOW_P_SOLID
	HIDM_SPEC_UNITS
	HID_INDICATOR_X
	HID_INDICATOR_Y
	HID_INDICATOR_Z
	HID_PICK_ELEMENTS
	HID_SUMMARY_OBJECT
	HIDM_MESH_HERMITE
	HID_SUMMARY_PATCH_POSTED
	HID_INDICATOR_DATE
	HID_INDICATOR_TIME
	HID_INDICATOR_UNIT
	HIDM_NOSHOW_VC_VDIR
	HIDM_NOSHOW_LINEARSUPPORT_SPRING
	GlossControlNode.14
	HIDM_OPTION_DIALOGON
	GlossaryOfTerms.11
	HID_SUMMARY_STATIC_DISPLACE
	HID_CANCEL_EDIT_CNTR
	HID_CANCEL_EDIT_SRVR
	HIDM_3D_ZB_GOURAUD
	HIDM_NOSHOW_MNODES
	HIDM_SPEC_PRECISION
	HIDM_NOSHOW_STATIC_PRESSURE
	HIDM_OPTION_BLINEON
	HID_SUMMARY_NODE_MESH
	HIDM_VIEW_INPUTSTATUS_CONTROLS
	HIDM_NOSHOW_NLABEL
	HIDM_ELEMENTS_BEAM
	HIDM_ELEMENTS_NODE
	HIDM_ELEMENTS_PIPE
	HIDM_SPEC_EYEPOSITION
	InputNodeMode.9
	HIDD_ADD
	HIDD_DEL
	HID_INDICATOR_TEXT_X
	HID_INDICATOR_TEXT_Y
	HID_INDICATOR_TEXT_Z
	HIDM_OPTION_AUTOACCEPTON
	HIDC_TRANPT
	HID_PICK_LINEARSUPPORT_SNUBBER
	HIDD_LENGTH
	HIDM_MODE_OUTPUT
	HIDD_PARAMETERS_XMAX
	HIDD_PARAMETERS_XMIN
	HIDD_PARAMETERS_YMAX
	HIDD_PARAMETERS_YMIN
	ControlNode.6
	HIDM_NOSHOW_STATIC_LUMPWT
	HID_SUMMARY_STATIC_LUMPWT
	HID_PICK_LINEARSUPPORT_RIGID
	HIDM_NOSHOW_MNLABEL
	HIDM_NOSHOW_POSTED
	HIDM_3D_RENDERING
	HIDM_3D_WF_CULL
	HIDM_3D_WF_PURE
	HIDR_12TYPE
	HID_PICK_NODE_CONTROL
	HIDM_OPTION_SOUNDON
	HIDC_NEGATIVE
	HIDR_23TYPE
	HIDC_OBJID
	HIDM_ZOOM
	HIDM_SPEC_AXIS
	HIDC_ROT_X
	HIDC_ROT_Y
	HIDC_ROT_Z
	HID_SUMMARY_STATIC_PRESSURE
	HIDC_COORD_INPUT
	HIDM_VIEW_OPTIONBOX
	HID_PICK_NODE
	HIDR_31TYPE
	HID_SUMMARY_PATCH_DIRTY
	HIDM_VIEW_DATAVIEW
	HIDM_DEFAULT_NEW
	HIDR_3DTYPE
	HID_PICK_CURVE
	HID_PICK_PATCH
	HID_INDICATOR_TEXT_DRAWING
	HIDM_ZOOM_FIT
	HIDM_NOSHOW_D_CURVE
	HIDM_OPTION_SINGLESEGON
	HIDC_COORD_X
	HIDC_COORD_Y
	HIDC_COORD_Z
	HIDM_NOSHOW_D_PATCH
	HIDM_VIEW_ELEMENTBOX
	HIDM_NOSHOW_D_SOLID
	HIDD_ABOUTBOX
	HIDM_NOSHOW_CONTROLSHAPE
	HIDR_DATATYPE
	HIDM_VIEW_MESHBOX
	HIDM_NOSHOW_VC_BCP
	HIDM_NOSHOW_VC_CVV
	HIDM_NOSHOW_VC_FCP
	HIDM_NOSHOW_VC_PRP
	HIDM_NOSHOW_VC_VCS
	HIDM_NOSHOW_VC_VPN
	HIDM_NOSHOW_VC_VRP
	HIDM_NOSHOW_VC_VUP
	HIDM_NOSHOW_VC_WCS
	HIDM_NOSHOW_D_OBJECT
	HIDD_SPLASH
	HIDM_OPTION_REFRESH
	HIDM_NOSHOW_ELEMENTS
	HIDC_CNODE_FROM
	HID_SUMMARY_STATIC_FORCE
	HIDM_NOSHOW_LINEARSUPPORT_RIGID
	HIDM_NOSHOW_CNLABEL
	HID_SUMMARY_CURVE_DIRTY
	HIDD_SHRINKON
	HID_SUMMARY_LINEARSUPPORT_SPRING
	HIDM_NOSHOW_D_PROFILE_C
	HIDM_NOSHOW_D_PROFILE_P
	HIDM_NOSHOW_D_PROFILE_S
	HIDM_3D_WF_HIDDEN
	HID_SUMMARY_CURVE_POSTED
	HID_NOSHOW_LABELS_2DSCREEN
	HIDM_NOSHOW_STATIC_THERMAL
	HID_PICK_MESHNODE
	HIDC_AXIS_X
	HIDC_AXIS_Y
	HIDC_AXIS_Z
	GlossInputNode.15
	HIDM_3D_SHRINKON
	HIDM_DEFAULT_CURRENT
	HIDR_VIEW12
	HIDR_VIEW23
	HIDR_VIEW31
	HIDR_VIEW3D
	HIDM_NOSHOW_P_PROFILE_C
	HIDM_NOSHOW_P_PROFILE_P
	HIDM_NOSHOW_P_PROFILE_S
	HIDC_DIRECTION
	HIDM_MODE_INPUT
	HID_INDICATOR_TEXT_DATE
	HID_INDICATOR_TEXT_TIME
	HID_INDICATOR_TEXT_UNIT
	HIDM_VIEW_S_BAR_BOT
	HIDM_VIEW_S_BAR_TOP
	HID_SUMMARY_SOLID
	HID_PICK_LINEARSUPPORT_SPRING
	InputNode.5
	HID_SUMMARY_ELEMENTS
	HIDM_VIEW_DRAWBOX
	HIDM_3D_WIREFRAMED
	WhydoweneedNode.3
	HIDM_3D_CULLING3D
	HIDM_3D_CULLINGON
	HIDC_DIRECT
	HID_INDICATOR_LAYER
	HIDM_OPTION_AXISON
	HIDM_VIEW_INPUTSTATUS_GENERATOR
	HIDM_DECK_DREAMPIPE
	HIDC_CNODE_TO
	HIDM_ELEMENTS_ELBOW
	HIDM_SPEC_EYELEVEL
	HIDM_3D_PROJECTION
	HIDR_DRGRAFTYPE
	HID_SUMMARY_SOLID_DIRTY
	HID_SUMMARY_SOLID_POSTED
	HIDM_MESH_BEZI
	HIDM_MESH_BSPL
	HIDM_MESH_HERM
	HIDM_MESH_LINR
	HIDM_MESH_NURB
	HIDM_MESH_QUAD
	HIDR_VIEWDAT
	HIDM_SPEC_MAG_XMAG
	HIDM_SPEC_MAG_YMAG
	HIDM_SPEC_MAG_ZMAG
	HIDM_OPTION_CURSOR
	HIDM_3D_FS_ZBUFFER
	HID_SUMMARY_LINEARSUPPORT_SNUBBER
	HIDM_VIEW_GENBOX
	HIDM_SPEC_HITNET
	HIDR_MAINFRAME
	HIDM_OPTION_DIALOG
	HIDM_VIEW_STATUS_BAR_B
	HIDM_VIEW_STATUS_BAR_T
	HIDM_ELEMENTS_SUPPORT
	HIDM_3D_ZBUFFERED
	HIDM_NOSHOW_STATIC_GRAVITY
	HIDP_FAILED_TO_CREATE
	HIDC_OJECTHEAD
	HIDM_3D_LIGHTSOURCE
35	Topics
70	Jumps
20	Keywords
3	Bitmaps


Created C:\DrHlp4_0\GiG\Applic\Hlp_gig.hlp, 44,578 bytes
Bitmaps: 23,199 bytes
Compile time: 0 minutes, 1 second
5 notes, 29 warnings
