Reduced Stiffness Matrix:Stif( 15, 15)
    1
   158730.162291     39682.544226    -15873.013743    -27777.777303    -15873.015501
        0.000000        19.841270        19.841270        11.904762         3.968254
   -10840.561955    -14531.945738      4561.111056     16096.704187     11219.455831


Reduced Stiffness Matrix:Stif( 15, 15)
    2
    39682.544226     63492.067810     31746.033737    -15873.015745    -39682.535767
      -19.841270         0.000000        15.873016        19.841270        11.904761
   118056.775914     80413.816375     63845.616789     76036.480889     50071.294628


Reduced Stiffness Matrix:Stif( 15, 15)
    3
   -15873.013743     31746.033737     63492.061356     39682.538328    -79365.064237
      -19.841270       -15.873016         0.000000        19.841269        27.777774
    75852.705320     63304.416832     79756.806930    117461.212867     93647.745403


Reduced Stiffness Matrix:Stif( 15, 15)
    4
   -27777.777303    -15873.015745     39682.538328    158730.237333   -138888.950278
      -11.904762       -19.841270       -19.841269         0.000000        55.555565
    15690.804219      3720.326042    -15434.047404    -11975.623920     64361.490082


Reduced Stiffness Matrix:Stif( 15, 15)
    5
   -15873.015501    -39682.535767    -79365.064237   -138888.950278    277777.836401
       -3.968254       -11.904761       -27.777774       -55.555565         0.000000
    -3243.775138    -29665.861535   -103228.244539   -194500.591330   -220038.081935


Reduced Stiffness Matrix:Stif( 15, 15)
    6
        0.000000       -19.841270       -19.841270       -11.904762        -3.968254
   158730.162291     39682.544226    -15873.013743    -27777.777303    -15873.015501
  -110330.262304    -87718.727844    -81663.621395    -39352.715050     -6704.884814


Reduced Stiffness Matrix:Stif( 15, 15)
    7
       19.841270         0.000000       -15.873016       -19.841270       -11.904761
    39682.544226     63492.067810     31746.033737    -15873.015745    -39682.535767
   -57253.343470    -63418.089118    -52252.155798    -17463.817999      5873.280441


Reduced Stiffness Matrix:Stif( 15, 15)
    8
       19.841270        15.873016         0.000000       -19.841269       -27.777774
   -15873.013743     31746.033737     63492.061356     39682.538328    -79365.064237
    18245.532277     52906.548603     64242.424287     58465.450213     82383.275044


Reduced Stiffness Matrix:Stif( 15, 15)
    9
       11.904762        19.841270        19.841269         0.000000       -55.555565
   -27777.777303    -15873.015745     39682.538328    158730.237333   -138888.950278
    39516.313251     81706.242286     87564.498222    110212.824087    301720.158483


Reduced Stiffness Matrix:Stif( 15, 15)
   10
        3.968254        11.904761        27.777774        55.555565         0.000000
   -15873.015501    -39682.535767    -79365.064237   -138888.950278    277777.836401
    13129.127243     23332.709246      5786.984226    -98599.959369   -380556.132816


Reduced Stiffness Matrix:Stif( 15, 15)
   11
   -10840.561955    118056.775914     75852.705320     15690.804219     -3243.775138
  -110330.262304    -57253.343470     18245.532277     39516.313251     13129.127243
   504851.346959    379543.334496    215718.569635     90517.700390     21557.571199


Reduced Stiffness Matrix:Stif( 15, 15)
   12
   -14531.945738     80413.816375     63304.416832      3720.326042    -29665.861535
   -87718.727844    -63418.089118     52906.548603     81706.242286     23332.709246
   379543.334496    431532.377365    362213.658702    215718.569129     75861.046381


Reduced Stiffness Matrix:Stif( 15, 15)
   13
     4561.111056     63845.616789     79756.806930    -15434.047404   -103228.244539
   -81663.621395    -52252.155798     64242.424287     87564.498222      5786.984226
   215718.569635    362213.658702    431532.376351    379543.327121    201797.663542


Reduced Stiffness Matrix:Stif( 15, 15)
   14
    16096.704187     76036.480889    117461.212867    -11975.623920   -194500.591330
   -39352.715050    -17463.817999     58465.450213    110212.824087    -98599.959369
    90517.700390    215718.569129    379543.327121    504851.301753    454478.080409


Reduced Stiffness Matrix:Stif( 15, 15)
   15
    11219.455831     50071.294628     93647.745403     64361.490082   -220038.081935
    -6704.884814      5873.280441     82383.275044    301720.158483   -380556.132816
    21557.571199     75861.046381    201797.663542    454478.080409    909354.596460


